<?xml version="1.0" encoding="UTF-8"?>
<coverage generated="1670106449693" clover="3.2.0">
  <project timestamp="1670106449693" name="All files">
    <metrics statements="1179" coveredstatements="584" conditionals="359" coveredconditionals="91" methods="236" coveredmethods="52" elements="1774" coveredelements="727" complexity="0" loc="1179" ncloc="1179" packages="2" files="7" classes="7"/>
    <package name="src">
      <metrics statements="94" coveredstatements="79" conditionals="16" coveredconditionals="14" methods="20" coveredmethods="15"/>
      <file name="errorListener.ts" path="/home/eduardo/Documents/INNOPOLIS/EQSP/Project/FINAL/eo-vscode/server/src/errorListener.ts">
        <metrics statements="2" coveredstatements="2" conditionals="0" coveredconditionals="0" methods="1" coveredmethods="1"/>
        <line num="19" count="3" type="stmt"/>
        <line num="23" count="3" type="stmt"/>
      </file>
      <file name="parser.ts" path="/home/eduardo/Documents/INNOPOLIS/EQSP/Project/FINAL/eo-vscode/server/src/parser.ts">
        <metrics statements="25" coveredstatements="24" conditionals="8" coveredconditionals="8" methods="6" coveredmethods="6"/>
        <line num="30" count="27" type="cond" truecount="4" falsecount="0"/>
        <line num="31" count="2" type="stmt"/>
        <line num="32" count="2" type="stmt"/>
        <line num="33" count="2" type="stmt"/>
        <line num="35" count="2" type="stmt"/>
        <line num="36" count="2" type="stmt"/>
        <line num="38" count="2" type="stmt"/>
        <line num="39" count="120" type="cond" truecount="2" falsecount="0"/>
        <line num="40" count="72" type="stmt"/>
        <line num="42" count="72" type="cond" truecount="2" falsecount="0"/>
        <line num="43" count="70" type="stmt"/>
        <line num="44" count="70" type="stmt"/>
        <line num="49" count="0" type="stmt"/>
        <line num="61" count="23" type="stmt"/>
        <line num="62" count="23" type="stmt"/>
        <line num="70" count="4" type="stmt"/>
        <line num="71" count="4" type="stmt"/>
        <line num="80" count="2" type="stmt"/>
        <line num="82" count="2" type="stmt"/>
        <line num="83" count="2" type="stmt"/>
        <line num="92" count="3" type="stmt"/>
        <line num="93" count="3" type="stmt"/>
        <line num="95" count="3" type="stmt"/>
        <line num="96" count="3" type="stmt"/>
        <line num="97" count="3" type="stmt"/>
      </file>
      <file name="parserError.ts" path="/home/eduardo/Documents/INNOPOLIS/EQSP/Project/FINAL/eo-vscode/server/src/parserError.ts">
        <metrics statements="3" coveredstatements="3" conditionals="0" coveredconditionals="0" methods="1" coveredmethods="1"/>
        <line num="19" count="3" type="stmt"/>
        <line num="20" count="3" type="stmt"/>
        <line num="21" count="3" type="stmt"/>
      </file>
      <file name="processor.ts" path="/home/eduardo/Documents/INNOPOLIS/EQSP/Project/FINAL/eo-vscode/server/src/processor.ts">
        <metrics statements="4" coveredstatements="4" conditionals="0" coveredconditionals="0" methods="1" coveredmethods="1"/>
        <line num="41" count="5" type="stmt"/>
        <line num="42" count="5" type="stmt"/>
        <line num="43" count="5" type="stmt"/>
        <line num="44" count="5" type="stmt"/>
      </file>
      <file name="semantics.ts" path="/home/eduardo/Documents/INNOPOLIS/EQSP/Project/FINAL/eo-vscode/server/src/semantics.ts">
        <metrics statements="60" coveredstatements="46" conditionals="8" coveredconditionals="6" methods="11" coveredmethods="6"/>
        <line num="40" count="2" type="stmt"/>
        <line num="46" count="2" type="stmt"/>
        <line num="54" count="2" type="stmt"/>
        <line num="55" count="2" type="stmt"/>
        <line num="82" count="2" type="stmt"/>
        <line num="83" count="2" type="stmt"/>
        <line num="84" count="2" type="stmt"/>
        <line num="85" count="2" type="stmt"/>
        <line num="86" count="2" type="stmt"/>
        <line num="87" count="2" type="stmt"/>
        <line num="88" count="2" type="stmt"/>
        <line num="89" count="2" type="stmt"/>
        <line num="90" count="2" type="stmt"/>
        <line num="91" count="2" type="stmt"/>
        <line num="92" count="2" type="stmt"/>
        <line num="93" count="2" type="stmt"/>
        <line num="94" count="2" type="stmt"/>
        <line num="95" count="2" type="stmt"/>
        <line num="96" count="2" type="stmt"/>
        <line num="97" count="2" type="stmt"/>
        <line num="98" count="2" type="stmt"/>
        <line num="99" count="2" type="stmt"/>
        <line num="100" count="2" type="stmt"/>
        <line num="101" count="2" type="stmt"/>
        <line num="102" count="2" type="stmt"/>
        <line num="103" count="2" type="stmt"/>
        <line num="104" count="2" type="stmt"/>
        <line num="105" count="2" type="stmt"/>
        <line num="106" count="2" type="stmt"/>
        <line num="107" count="2" type="stmt"/>
        <line num="108" count="2" type="stmt"/>
        <line num="109" count="2" type="stmt"/>
        <line num="119" count="3" type="stmt"/>
        <line num="121" count="3" type="stmt"/>
        <line num="123" count="3" type="stmt"/>
        <line num="124" count="105" type="cond" truecount="2" falsecount="0"/>
        <line num="126" count="105" type="cond" truecount="2" falsecount="0"/>
        <line num="127" count="84" type="stmt"/>
        <line num="131" count="3" type="stmt"/>
        <line num="144" count="1" type="stmt"/>
        <line num="145" count="1" type="stmt"/>
        <line num="147" count="1" type="stmt"/>
        <line num="148" count="22" type="stmt"/>
        <line num="149" count="22" type="cond" truecount="2" falsecount="0"/>
        <line num="151" count="22" type="stmt"/>
        <line num="159" count="1" type="stmt"/>
        <line num="169" count="0" type="stmt"/>
        <line num="171" count="0" type="cond" truecount="0" falsecount="2"/>
        <line num="172" count="0" type="stmt"/>
        <line num="173" count="0" type="stmt"/>
        <line num="176" count="0" type="stmt"/>
        <line num="188" count="0" type="stmt"/>
        <line num="189" count="0" type="stmt"/>
        <line num="206" count="0" type="stmt"/>
        <line num="208" count="0" type="stmt"/>
        <line num="209" count="0" type="stmt"/>
        <line num="221" count="0" type="stmt"/>
        <line num="223" count="0" type="stmt"/>
        <line num="224" count="0" type="stmt"/>
        <line num="225" count="0" type="stmt"/>
      </file>
    </package>
    <package name="src.parser">
      <metrics statements="1085" coveredstatements="505" conditionals="343" coveredconditionals="77" methods="216" coveredmethods="37"/>
      <file name="ProgramLexer.ts" path="/home/eduardo/Documents/INNOPOLIS/EQSP/Project/FINAL/eo-vscode/server/src/parser/ProgramLexer.ts">
        <metrics statements="56" coveredstatements="50" conditionals="2" coveredconditionals="2" methods="8" coveredmethods="2"/>
        <line num="19" count="2" type="stmt"/>
        <line num="20" count="2" type="stmt"/>
        <line num="21" count="2" type="stmt"/>
        <line num="22" count="2" type="stmt"/>
        <line num="23" count="2" type="stmt"/>
        <line num="24" count="2" type="stmt"/>
        <line num="25" count="2" type="stmt"/>
        <line num="26" count="2" type="stmt"/>
        <line num="27" count="2" type="stmt"/>
        <line num="28" count="2" type="stmt"/>
        <line num="29" count="2" type="stmt"/>
        <line num="30" count="2" type="stmt"/>
        <line num="31" count="2" type="stmt"/>
        <line num="32" count="2" type="stmt"/>
        <line num="33" count="2" type="stmt"/>
        <line num="34" count="2" type="stmt"/>
        <line num="35" count="2" type="stmt"/>
        <line num="36" count="2" type="stmt"/>
        <line num="37" count="2" type="stmt"/>
        <line num="38" count="2" type="stmt"/>
        <line num="39" count="2" type="stmt"/>
        <line num="40" count="2" type="stmt"/>
        <line num="41" count="2" type="stmt"/>
        <line num="42" count="2" type="stmt"/>
        <line num="43" count="2" type="stmt"/>
        <line num="44" count="2" type="stmt"/>
        <line num="45" count="2" type="stmt"/>
        <line num="46" count="2" type="stmt"/>
        <line num="47" count="2" type="stmt"/>
        <line num="48" count="2" type="stmt"/>
        <line num="49" count="2" type="stmt"/>
        <line num="50" count="2" type="stmt"/>
        <line num="51" count="2" type="stmt"/>
        <line num="52" count="2" type="stmt"/>
        <line num="53" count="2" type="stmt"/>
        <line num="56" count="2" type="stmt"/>
        <line num="61" count="2" type="stmt"/>
        <line num="65" count="2" type="stmt"/>
        <line num="74" count="2" type="stmt"/>
        <line num="79" count="2" type="stmt"/>
        <line num="85" count="2" type="stmt"/>
        <line num="90" count="0" type="stmt"/>
        <line num="96" count="5" type="stmt"/>
        <line num="97" count="5" type="stmt"/>
        <line num="101" count="0" type="stmt"/>
        <line num="104" count="0" type="stmt"/>
        <line num="107" count="0" type="stmt"/>
        <line num="110" count="0" type="stmt"/>
        <line num="113" count="0" type="stmt"/>
        <line num="115" count="2" type="stmt"/>
        <line num="117" count="2" type="stmt"/>
        <line num="413" count="2" type="stmt"/>
        <line num="446" count="2" type="stmt"/>
        <line num="455" count="5" type="cond" truecount="2" falsecount="0"/>
        <line num="456" count="2" type="stmt"/>
        <line num="459" count="5" type="stmt"/>
      </file>
      <file name="ProgramParser.ts" path="/home/eduardo/Documents/INNOPOLIS/EQSP/Project/FINAL/eo-vscode/server/src/parser/ProgramParser.ts">
        <metrics statements="1029" coveredstatements="455" conditionals="341" coveredconditionals="75" methods="208" coveredmethods="35"/>
        <line num="31" count="2" type="stmt"/>
        <line num="32" count="2" type="stmt"/>
        <line num="33" count="2" type="stmt"/>
        <line num="34" count="2" type="stmt"/>
        <line num="35" count="2" type="stmt"/>
        <line num="36" count="2" type="stmt"/>
        <line num="37" count="2" type="stmt"/>
        <line num="38" count="2" type="stmt"/>
        <line num="39" count="2" type="stmt"/>
        <line num="40" count="2" type="stmt"/>
        <line num="41" count="2" type="stmt"/>
        <line num="42" count="2" type="stmt"/>
        <line num="43" count="2" type="stmt"/>
        <line num="44" count="2" type="stmt"/>
        <line num="45" count="2" type="stmt"/>
        <line num="46" count="2" type="stmt"/>
        <line num="47" count="2" type="stmt"/>
        <line num="48" count="2" type="stmt"/>
        <line num="49" count="2" type="stmt"/>
        <line num="50" count="2" type="stmt"/>
        <line num="51" count="2" type="stmt"/>
        <line num="52" count="2" type="stmt"/>
        <line num="53" count="2" type="stmt"/>
        <line num="54" count="2" type="stmt"/>
        <line num="55" count="2" type="stmt"/>
        <line num="56" count="2" type="stmt"/>
        <line num="57" count="2" type="stmt"/>
        <line num="58" count="2" type="stmt"/>
        <line num="59" count="2" type="stmt"/>
        <line num="60" count="2" type="stmt"/>
        <line num="61" count="2" type="stmt"/>
        <line num="62" count="2" type="stmt"/>
        <line num="63" count="2" type="stmt"/>
        <line num="64" count="2" type="stmt"/>
        <line num="65" count="2" type="stmt"/>
        <line num="66" count="2" type="stmt"/>
        <line num="67" count="2" type="stmt"/>
        <line num="68" count="2" type="stmt"/>
        <line num="69" count="2" type="stmt"/>
        <line num="70" count="2" type="stmt"/>
        <line num="71" count="2" type="stmt"/>
        <line num="72" count="2" type="stmt"/>
        <line num="73" count="2" type="stmt"/>
        <line num="74" count="2" type="stmt"/>
        <line num="75" count="2" type="stmt"/>
        <line num="76" count="2" type="stmt"/>
        <line num="77" count="2" type="stmt"/>
        <line num="78" count="2" type="stmt"/>
        <line num="79" count="2" type="stmt"/>
        <line num="80" count="2" type="stmt"/>
        <line num="81" count="2" type="stmt"/>
        <line num="82" count="2" type="stmt"/>
        <line num="83" count="2" type="stmt"/>
        <line num="84" count="2" type="stmt"/>
        <line num="85" count="2" type="stmt"/>
        <line num="87" count="2" type="stmt"/>
        <line num="93" count="2" type="stmt"/>
        <line num="98" count="2" type="stmt"/>
        <line num="105" count="2" type="stmt"/>
        <line num="110" count="5" type="stmt"/>
        <line num="115" count="0" type="stmt"/>
        <line num="118" count="0" type="stmt"/>
        <line num="121" count="0" type="stmt"/>
        <line num="124" count="0" type="stmt"/>
        <line num="128" count="5" type="stmt"/>
        <line num="129" count="5" type="stmt"/>
        <line num="133" count="3" type="stmt"/>
        <line num="134" count="3" type="stmt"/>
        <line num="136" count="3" type="stmt"/>
        <line num="137" count="3" type="stmt"/>
        <line num="139" count="3" type="stmt"/>
        <line num="140" count="3" type="stmt"/>
        <line num="141" count="3" type="cond" truecount="0" falsecount="1"/>
        <line num="144" count="0" type="stmt"/>
        <line num="145" count="0" type="stmt"/>
        <line num="147" count="0" type="stmt"/>
        <line num="149" count="3" type="stmt"/>
        <line num="150" count="3" type="stmt"/>
        <line num="151" count="3" type="stmt"/>
        <line num="152" count="3" type="cond" truecount="2" falsecount="0"/>
        <line num="154" count="2" type="stmt"/>
        <line num="155" count="2" type="stmt"/>
        <line num="159" count="3" type="stmt"/>
        <line num="160" count="3" type="stmt"/>
        <line num="161" count="3" type="stmt"/>
        <line num="162" count="3" type="stmt"/>
        <line num="166" count="0" type="cond" truecount="0" falsecount="2"/>
        <line num="167" count="0" type="stmt"/>
        <line num="168" count="0" type="stmt"/>
        <line num="169" count="0" type="stmt"/>
        <line num="171" count="0" type="stmt"/>
        <line num="175" count="3" type="stmt"/>
        <line num="177" count="3" type="stmt"/>
        <line num="181" count="0" type="stmt"/>
        <line num="182" count="0" type="stmt"/>
        <line num="183" count="0" type="stmt"/>
        <line num="185" count="0" type="stmt"/>
        <line num="187" count="0" type="stmt"/>
        <line num="188" count="0" type="stmt"/>
        <line num="189" count="0" type="stmt"/>
        <line num="190" count="0" type="stmt"/>
        <line num="191" count="0" type="cond" truecount="0" falsecount="2"/>
        <line num="195" count="0" type="stmt"/>
        <line num="196" count="0" type="stmt"/>
        <line num="197" count="0" type="stmt"/>
        <line num="198" count="0" type="stmt"/>
        <line num="201" count="0" type="stmt"/>
        <line num="203" count="0" type="stmt"/>
        <line num="205" count="0" type="stmt"/>
        <line num="206" count="0" type="stmt"/>
        <line num="207" count="0" type="stmt"/>
        <line num="212" count="0" type="cond" truecount="0" falsecount="2"/>
        <line num="213" count="0" type="stmt"/>
        <line num="214" count="0" type="stmt"/>
        <line num="215" count="0" type="stmt"/>
        <line num="217" count="0" type="stmt"/>
        <line num="221" count="0" type="stmt"/>
        <line num="223" count="0" type="stmt"/>
        <line num="227" count="2" type="stmt"/>
        <line num="228" count="2" type="stmt"/>
        <line num="230" count="2" type="stmt"/>
        <line num="231" count="2" type="stmt"/>
        <line num="233" count="2" type="stmt"/>
        <line num="234" count="2" type="stmt"/>
        <line num="235" count="2" type="stmt"/>
        <line num="236" count="2" type="stmt"/>
        <line num="239" count="6" type="stmt"/>
        <line num="240" count="6" type="stmt"/>
        <line num="241" count="6" type="stmt"/>
        <line num="242" count="6" type="stmt"/>
        <line num="245" count="6" type="stmt"/>
        <line num="246" count="6" type="stmt"/>
        <line num="247" count="6" type="stmt"/>
        <line num="252" count="0" type="cond" truecount="0" falsecount="2"/>
        <line num="253" count="0" type="stmt"/>
        <line num="254" count="0" type="stmt"/>
        <line num="255" count="0" type="stmt"/>
        <line num="257" count="0" type="stmt"/>
        <line num="261" count="2" type="stmt"/>
        <line num="263" count="2" type="stmt"/>
        <line num="267" count="3" type="stmt"/>
        <line num="268" count="3" type="stmt"/>
        <line num="270" count="3" type="stmt"/>
        <line num="272" count="3" type="stmt"/>
        <line num="274" count="3" type="stmt"/>
        <line num="275" count="3" type="stmt"/>
        <line num="276" count="3" type="stmt"/>
        <line num="277" count="3" type="stmt"/>
        <line num="280" count="22" type="stmt"/>
        <line num="281" count="22" type="stmt"/>
        <line num="282" count="22" type="stmt"/>
        <line num="283" count="22" type="cond" truecount="2" falsecount="0"/>
        <line num="284" count="2" type="cond" truecount="1" falsecount="1"/>
        <line num="287" count="2" type="stmt"/>
        <line num="288" count="2" type="stmt"/>
        <line num="289" count="2" type="stmt"/>
        <line num="290" count="2" type="stmt"/>
        <line num="294" count="2" type="stmt"/>
        <line num="295" count="2" type="stmt"/>
        <line num="296" count="2" type="stmt"/>
        <line num="298" count="22" type="stmt"/>
        <line num="299" count="22" type="stmt"/>
        <line num="300" count="22" type="stmt"/>
        <line num="301" count="22" type="stmt"/>
        <line num="304" count="21" type="stmt"/>
        <line num="305" count="21" type="stmt"/>
        <line num="306" count="21" type="stmt"/>
        <line num="311" count="1" type="cond" truecount="1" falsecount="1"/>
        <line num="312" count="1" type="stmt"/>
        <line num="313" count="1" type="stmt"/>
        <line num="314" count="1" type="stmt"/>
        <line num="316" count="0" type="stmt"/>
        <line num="320" count="3" type="stmt"/>
        <line num="322" count="3" type="stmt"/>
        <line num="326" count="22" type="stmt"/>
        <line num="327" count="22" type="stmt"/>
        <line num="329" count="22" type="stmt"/>
        <line num="331" count="22" type="stmt"/>
        <line num="333" count="22" type="stmt"/>
        <line num="334" count="22" type="stmt"/>
        <line num="335" count="22" type="cond" truecount="2" falsecount="0"/>
        <line num="338" count="4" type="stmt"/>
        <line num="339" count="4" type="stmt"/>
        <line num="341" count="4" type="stmt"/>
        <line num="345" count="18" type="stmt"/>
        <line num="346" count="18" type="stmt"/>
        <line num="348" count="18" type="stmt"/>
        <line num="350" count="22" type="stmt"/>
        <line num="351" count="22" type="stmt"/>
        <line num="352" count="22" type="cond" truecount="0" falsecount="1"/>
        <line num="355" count="0" type="stmt"/>
        <line num="356" count="0" type="stmt"/>
        <line num="358" count="0" type="stmt"/>
        <line num="360" count="22" type="stmt"/>
        <line num="361" count="22" type="stmt"/>
        <line num="362" count="22" type="stmt"/>
        <line num="363" count="22" type="cond" truecount="1" falsecount="1"/>
        <line num="364" count="0" type="cond" truecount="0" falsecount="2"/>
        <line num="367" count="0" type="stmt"/>
        <line num="368" count="0" type="stmt"/>
        <line num="369" count="0" type="stmt"/>
        <line num="370" count="0" type="stmt"/>
        <line num="371" count="0" type="stmt"/>
        <line num="372" count="0" type="stmt"/>
        <line num="373" count="0" type="cond" truecount="0" falsecount="1"/>
        <line num="376" count="0" type="stmt"/>
        <line num="377" count="0" type="stmt"/>
        <line num="379" count="0" type="stmt"/>
        <line num="381" count="0" type="stmt"/>
        <line num="382" count="0" type="stmt"/>
        <line num="383" count="0" type="stmt"/>
        <line num="384" count="0" type="cond" truecount="0" falsecount="2"/>
        <line num="386" count="0" type="stmt"/>
        <line num="387" count="0" type="stmt"/>
        <line num="391" count="0" type="stmt"/>
        <line num="392" count="0" type="stmt"/>
        <line num="393" count="0" type="cond" truecount="0" falsecount="1"/>
        <line num="396" count="0" type="stmt"/>
        <line num="397" count="0" type="stmt"/>
        <line num="399" count="0" type="stmt"/>
        <line num="404" count="0" type="stmt"/>
        <line num="405" count="0" type="stmt"/>
        <line num="406" count="0" type="stmt"/>
        <line num="411" count="0" type="cond" truecount="0" falsecount="2"/>
        <line num="412" count="0" type="stmt"/>
        <line num="413" count="0" type="stmt"/>
        <line num="414" count="0" type="stmt"/>
        <line num="416" count="0" type="stmt"/>
        <line num="420" count="22" type="stmt"/>
        <line num="422" count="22" type="stmt"/>
        <line num="426" count="4" type="stmt"/>
        <line num="427" count="4" type="stmt"/>
        <line num="429" count="4" type="stmt"/>
        <line num="430" count="4" type="stmt"/>
        <line num="432" count="4" type="stmt"/>
        <line num="433" count="4" type="stmt"/>
        <line num="434" count="4" type="stmt"/>
        <line num="435" count="4" type="stmt"/>
        <line num="438" count="0" type="stmt"/>
        <line num="439" count="0" type="stmt"/>
        <line num="440" count="0" type="stmt"/>
        <line num="441" count="0" type="stmt"/>
        <line num="444" count="0" type="stmt"/>
        <line num="445" count="0" type="stmt"/>
        <line num="446" count="0" type="stmt"/>
        <line num="448" count="4" type="stmt"/>
        <line num="449" count="4" type="stmt"/>
        <line num="450" count="4" type="stmt"/>
        <line num="451" count="4" type="stmt"/>
        <line num="452" count="4" type="cond" truecount="1" falsecount="1"/>
        <line num="456" count="4" type="stmt"/>
        <line num="457" count="4" type="stmt"/>
        <line num="458" count="4" type="stmt"/>
        <line num="459" count="4" type="stmt"/>
        <line num="460" count="4" type="cond" truecount="0" falsecount="1"/>
        <line num="463" count="0" type="stmt"/>
        <line num="464" count="0" type="stmt"/>
        <line num="465" count="0" type="stmt"/>
        <line num="466" count="0" type="stmt"/>
        <line num="467" count="0" type="stmt"/>
        <line num="468" count="0" type="stmt"/>
        <line num="469" count="0" type="cond" truecount="0" falsecount="4"/>
        <line num="470" count="0" type="stmt"/>
        <line num="472" count="0" type="cond" truecount="0" falsecount="2"/>
        <line num="473" count="0" type="stmt"/>
        <line num="476" count="0" type="stmt"/>
        <line num="477" count="0" type="stmt"/>
        <line num="480" count="0" type="stmt"/>
        <line num="484" count="4" type="stmt"/>
        <line num="488" count="0" type="stmt"/>
        <line num="489" count="0" type="stmt"/>
        <line num="491" count="0" type="stmt"/>
        <line num="496" count="0" type="cond" truecount="0" falsecount="2"/>
        <line num="497" count="0" type="stmt"/>
        <line num="498" count="0" type="stmt"/>
        <line num="499" count="0" type="stmt"/>
        <line num="501" count="0" type="stmt"/>
        <line num="505" count="4" type="stmt"/>
        <line num="507" count="4" type="stmt"/>
        <line num="511" count="4" type="stmt"/>
        <line num="512" count="4" type="stmt"/>
        <line num="514" count="4" type="stmt"/>
        <line num="515" count="4" type="stmt"/>
        <line num="517" count="4" type="stmt"/>
        <line num="518" count="4" type="stmt"/>
        <line num="519" count="4" type="stmt"/>
        <line num="520" count="4" type="stmt"/>
        <line num="521" count="4" type="stmt"/>
        <line num="522" count="4" type="cond" truecount="3" falsecount="1"/>
        <line num="524" count="4" type="stmt"/>
        <line num="525" count="4" type="stmt"/>
        <line num="526" count="4" type="stmt"/>
        <line num="527" count="4" type="stmt"/>
        <line num="528" count="4" type="stmt"/>
        <line num="529" count="4" type="stmt"/>
        <line num="532" count="0" type="stmt"/>
        <line num="533" count="0" type="stmt"/>
        <line num="534" count="0" type="stmt"/>
        <line num="535" count="0" type="stmt"/>
        <line num="538" count="0" type="stmt"/>
        <line num="539" count="0" type="stmt"/>
        <line num="540" count="0" type="stmt"/>
        <line num="545" count="4" type="stmt"/>
        <line num="546" count="4" type="stmt"/>
        <line num="550" count="0" type="cond" truecount="0" falsecount="2"/>
        <line num="551" count="0" type="stmt"/>
        <line num="552" count="0" type="stmt"/>
        <line num="553" count="0" type="stmt"/>
        <line num="555" count="0" type="stmt"/>
        <line num="559" count="4" type="stmt"/>
        <line num="561" count="4" type="stmt"/>
        <line num="565" count="4" type="stmt"/>
        <line num="566" count="4" type="stmt"/>
        <line num="567" count="4" type="stmt"/>
        <line num="568" count="4" type="stmt"/>
        <line num="570" count="4" type="stmt"/>
        <line num="571" count="4" type="stmt"/>
        <line num="575" count="0" type="cond" truecount="0" falsecount="2"/>
        <line num="576" count="0" type="stmt"/>
        <line num="577" count="0" type="stmt"/>
        <line num="578" count="0" type="stmt"/>
        <line num="580" count="0" type="stmt"/>
        <line num="584" count="4" type="stmt"/>
        <line num="586" count="4" type="stmt"/>
        <line num="590" count="14" type="stmt"/>
        <line num="591" count="14" type="stmt"/>
        <line num="592" count="14" type="stmt"/>
        <line num="593" count="14" type="stmt"/>
        <line num="594" count="14" type="stmt"/>
        <line num="595" count="14" type="cond" truecount="2" falsecount="1"/>
        <line num="597" count="4" type="stmt"/>
        <line num="599" count="4" type="stmt"/>
        <line num="600" count="4" type="stmt"/>
        <line num="602" count="4" type="stmt"/>
        <line num="604" count="10" type="stmt"/>
        <line num="606" count="10" type="stmt"/>
        <line num="607" count="10" type="stmt"/>
        <line num="608" count="10" type="stmt"/>
        <line num="609" count="10" type="stmt"/>
        <line num="610" count="10" type="cond" truecount="1" falsecount="0"/>
        <line num="613" count="3" type="stmt"/>
        <line num="614" count="3" type="stmt"/>
        <line num="616" count="3" type="stmt"/>
        <line num="619" count="10" type="stmt"/>
        <line num="621" count="0" type="stmt"/>
        <line num="625" count="0" type="cond" truecount="0" falsecount="2"/>
        <line num="626" count="0" type="stmt"/>
        <line num="627" count="0" type="stmt"/>
        <line num="628" count="0" type="stmt"/>
        <line num="630" count="0" type="stmt"/>
        <line num="634" count="14" type="stmt"/>
        <line num="636" count="14" type="stmt"/>
        <line num="640" count="0" type="stmt"/>
        <line num="641" count="0" type="stmt"/>
        <line num="643" count="0" type="stmt"/>
        <line num="644" count="0" type="stmt"/>
        <line num="646" count="0" type="stmt"/>
        <line num="647" count="0" type="stmt"/>
        <line num="648" count="0" type="stmt"/>
        <line num="649" count="0" type="stmt"/>
        <line num="650" count="0" type="stmt"/>
        <line num="651" count="0" type="stmt"/>
        <line num="652" count="0" type="stmt"/>
        <line num="653" count="0" type="stmt"/>
        <line num="656" count="0" type="stmt"/>
        <line num="657" count="0" type="stmt"/>
        <line num="658" count="0" type="stmt"/>
        <line num="659" count="0" type="stmt"/>
        <line num="662" count="0" type="stmt"/>
        <line num="663" count="0" type="stmt"/>
        <line num="664" count="0" type="stmt"/>
        <line num="666" count="0" type="stmt"/>
        <line num="667" count="0" type="stmt"/>
        <line num="671" count="0" type="cond" truecount="0" falsecount="2"/>
        <line num="672" count="0" type="stmt"/>
        <line num="673" count="0" type="stmt"/>
        <line num="674" count="0" type="stmt"/>
        <line num="676" count="0" type="stmt"/>
        <line num="680" count="0" type="stmt"/>
        <line num="682" count="0" type="stmt"/>
        <line num="686" count="10" type="stmt"/>
        <line num="687" count="10" type="stmt"/>
        <line num="688" count="10" type="stmt"/>
        <line num="689" count="10" type="stmt"/>
        <line num="691" count="10" type="stmt"/>
        <line num="692" count="10" type="stmt"/>
        <line num="693" count="10" type="stmt"/>
        <line num="694" count="10" type="stmt"/>
        <line num="695" count="10" type="stmt"/>
        <line num="696" count="10" type="stmt"/>
        <line num="697" count="10" type="stmt"/>
        <line num="698" count="10" type="stmt"/>
        <line num="699" count="10" type="stmt"/>
        <line num="700" count="10" type="stmt"/>
        <line num="701" count="10" type="cond" truecount="1" falsecount="0"/>
        <line num="704" count="1" type="stmt"/>
        <line num="705" count="1" type="stmt"/>
        <line num="707" count="1" type="stmt"/>
        <line num="712" count="0" type="cond" truecount="0" falsecount="2"/>
        <line num="713" count="0" type="stmt"/>
        <line num="714" count="0" type="stmt"/>
        <line num="715" count="0" type="stmt"/>
        <line num="717" count="0" type="stmt"/>
        <line num="721" count="10" type="stmt"/>
        <line num="723" count="10" type="stmt"/>
        <line num="727" count="6" type="stmt"/>
        <line num="728" count="6" type="stmt"/>
        <line num="730" count="6" type="stmt"/>
        <line num="731" count="6" type="stmt"/>
        <line num="733" count="6" type="stmt"/>
        <line num="734" count="6" type="stmt"/>
        <line num="735" count="6" type="stmt"/>
        <line num="736" count="6" type="stmt"/>
        <line num="737" count="6" type="stmt"/>
        <line num="738" count="6" type="cond" truecount="3" falsecount="1"/>
        <line num="739" count="0" type="stmt"/>
        <line num="741" count="6" type="cond" truecount="1" falsecount="1"/>
        <line num="742" count="0" type="stmt"/>
        <line num="745" count="6" type="stmt"/>
        <line num="746" count="6" type="stmt"/>
        <line num="748" count="6" type="stmt"/>
        <line num="749" count="6" type="stmt"/>
        <line num="750" count="6" type="cond" truecount="0" falsecount="1"/>
        <line num="753" count="0" type="stmt"/>
        <line num="754" count="0" type="stmt"/>
        <line num="756" count="0" type="stmt"/>
        <line num="761" count="0" type="cond" truecount="0" falsecount="2"/>
        <line num="762" count="0" type="stmt"/>
        <line num="763" count="0" type="stmt"/>
        <line num="764" count="0" type="stmt"/>
        <line num="766" count="0" type="stmt"/>
        <line num="770" count="6" type="stmt"/>
        <line num="772" count="6" type="stmt"/>
        <line num="776" count="8" type="stmt"/>
        <line num="777" count="8" type="stmt"/>
        <line num="778" count="8" type="stmt"/>
        <line num="779" count="8" type="stmt"/>
        <line num="781" count="8" type="stmt"/>
        <line num="782" count="8" type="stmt"/>
        <line num="783" count="8" type="stmt"/>
        <line num="784" count="8" type="stmt"/>
        <line num="785" count="8" type="stmt"/>
        <line num="786" count="8" type="stmt"/>
        <line num="790" count="0" type="cond" truecount="0" falsecount="2"/>
        <line num="791" count="0" type="stmt"/>
        <line num="792" count="0" type="stmt"/>
        <line num="793" count="0" type="stmt"/>
        <line num="795" count="0" type="stmt"/>
        <line num="799" count="8" type="stmt"/>
        <line num="801" count="8" type="stmt"/>
        <line num="808" count="26" type="cond" truecount="1" falsecount="1"/>
        <line num="809" count="0" type="stmt"/>
        <line num="812" count="26" type="stmt"/>
        <line num="813" count="26" type="stmt"/>
        <line num="814" count="26" type="stmt"/>
        <line num="815" count="26" type="stmt"/>
        <line num="816" count="26" type="stmt"/>
        <line num="817" count="26" type="stmt"/>
        <line num="818" count="26" type="stmt"/>
        <line num="820" count="26" type="stmt"/>
        <line num="822" count="26" type="stmt"/>
        <line num="823" count="26" type="stmt"/>
        <line num="824" count="26" type="cond" truecount="17" falsecount="3"/>
        <line num="844" count="24" type="stmt"/>
        <line num="845" count="24" type="stmt"/>
        <line num="846" count="24" type="stmt"/>
        <line num="847" count="24" type="stmt"/>
        <line num="848" count="24" type="cond" truecount="1" falsecount="0"/>
        <line num="851" count="11" type="stmt"/>
        <line num="852" count="11" type="stmt"/>
        <line num="854" count="11" type="stmt"/>
        <line num="857" count="24" type="stmt"/>
        <line num="860" count="2" type="stmt"/>
        <line num="861" count="2" type="stmt"/>
        <line num="862" count="2" type="stmt"/>
        <line num="863" count="2" type="stmt"/>
        <line num="864" count="2" type="cond" truecount="0" falsecount="1"/>
        <line num="867" count="0" type="stmt"/>
        <line num="868" count="0" type="stmt"/>
        <line num="870" count="0" type="stmt"/>
        <line num="873" count="2" type="stmt"/>
        <line num="875" count="0" type="stmt"/>
        <line num="877" count="26" type="stmt"/>
        <line num="878" count="26" type="stmt"/>
        <line num="879" count="26" type="stmt"/>
        <line num="880" count="26" type="stmt"/>
        <line num="881" count="26" type="cond" truecount="2" falsecount="0"/>
        <line num="882" count="13" type="cond" truecount="1" falsecount="1"/>
        <line num="883" count="13" type="cond" truecount="1" falsecount="1"/>
        <line num="884" count="13" type="stmt"/>
        <line num="886" count="13" type="stmt"/>
        <line num="888" count="13" type="stmt"/>
        <line num="889" count="13" type="stmt"/>
        <line num="890" count="13" type="cond" truecount="3" falsecount="0"/>
        <line num="893" count="6" type="stmt"/>
        <line num="894" count="6" type="stmt"/>
        <line num="895" count="6" type="stmt"/>
        <line num="896" count="6" type="cond" truecount="1" falsecount="1"/>
        <line num="897" count="0" type="stmt"/>
        <line num="899" count="6" type="stmt"/>
        <line num="900" count="6" type="stmt"/>
        <line num="901" count="6" type="stmt"/>
        <line num="902" count="6" type="stmt"/>
        <line num="903" count="6" type="cond" truecount="1" falsecount="0"/>
        <line num="906" count="3" type="stmt"/>
        <line num="907" count="3" type="stmt"/>
        <line num="909" count="3" type="stmt"/>
        <line num="912" count="6" type="stmt"/>
        <line num="916" count="1" type="stmt"/>
        <line num="917" count="1" type="stmt"/>
        <line num="918" count="1" type="stmt"/>
        <line num="919" count="1" type="cond" truecount="1" falsecount="1"/>
        <line num="920" count="0" type="stmt"/>
        <line num="922" count="1" type="stmt"/>
        <line num="923" count="1" type="stmt"/>
        <line num="924" count="1" type="stmt"/>
        <line num="925" count="1" type="stmt"/>
        <line num="926" count="1" type="cond" truecount="0" falsecount="1"/>
        <line num="929" count="0" type="stmt"/>
        <line num="930" count="0" type="stmt"/>
        <line num="932" count="0" type="stmt"/>
        <line num="935" count="1" type="stmt"/>
        <line num="939" count="6" type="stmt"/>
        <line num="940" count="6" type="stmt"/>
        <line num="941" count="6" type="stmt"/>
        <line num="942" count="6" type="cond" truecount="1" falsecount="1"/>
        <line num="943" count="0" type="stmt"/>
        <line num="945" count="6" type="stmt"/>
        <line num="946" count="6" type="stmt"/>
        <line num="947" count="6" type="stmt"/>
        <line num="948" count="6" type="stmt"/>
        <line num="949" count="6" type="cond" truecount="0" falsecount="1"/>
        <line num="952" count="0" type="stmt"/>
        <line num="953" count="0" type="stmt"/>
        <line num="955" count="0" type="stmt"/>
        <line num="958" count="6" type="stmt"/>
        <line num="962" count="13" type="stmt"/>
        <line num="963" count="13" type="stmt"/>
        <line num="964" count="13" type="stmt"/>
        <line num="969" count="0" type="cond" truecount="0" falsecount="2"/>
        <line num="970" count="0" type="stmt"/>
        <line num="971" count="0" type="stmt"/>
        <line num="972" count="0" type="stmt"/>
        <line num="974" count="0" type="stmt"/>
        <line num="978" count="26" type="stmt"/>
        <line num="980" count="26" type="stmt"/>
        <line num="984" count="14" type="stmt"/>
        <line num="985" count="14" type="stmt"/>
        <line num="986" count="14" type="stmt"/>
        <line num="988" count="14" type="stmt"/>
        <line num="990" count="14" type="stmt"/>
        <line num="991" count="14" type="stmt"/>
        <line num="992" count="14" type="stmt"/>
        <line num="993" count="14" type="stmt"/>
        <line num="994" count="23" type="cond" truecount="1" falsecount="1"/>
        <line num="997" count="23" type="stmt"/>
        <line num="998" count="23" type="stmt"/>
        <line num="999" count="23" type="cond" truecount="2" falsecount="4"/>
        <line num="1002" count="0" type="stmt"/>
        <line num="1003" count="0" type="stmt"/>
        <line num="1004" count="0" type="stmt"/>
        <line num="1005" count="0" type="stmt"/>
        <line num="1006" count="0" type="stmt"/>
        <line num="1007" count="0" type="stmt"/>
        <line num="1009" count="0" type="stmt"/>
        <line num="1013" count="17" type="stmt"/>
        <line num="1014" count="17" type="stmt"/>
        <line num="1015" count="17" type="stmt"/>
        <line num="1016" count="17" type="stmt"/>
        <line num="1018" count="17" type="stmt"/>
        <line num="1022" count="6" type="stmt"/>
        <line num="1023" count="6" type="stmt"/>
        <line num="1024" count="6" type="stmt"/>
        <line num="1025" count="6" type="stmt"/>
        <line num="1027" count="6" type="stmt"/>
        <line num="1031" count="0" type="stmt"/>
        <line num="1032" count="0" type="stmt"/>
        <line num="1033" count="0" type="stmt"/>
        <line num="1034" count="0" type="stmt"/>
        <line num="1035" count="0" type="stmt"/>
        <line num="1036" count="0" type="stmt"/>
        <line num="1038" count="0" type="stmt"/>
        <line num="1042" count="0" type="stmt"/>
        <line num="1043" count="0" type="stmt"/>
        <line num="1044" count="0" type="stmt"/>
        <line num="1045" count="0" type="stmt"/>
        <line num="1046" count="0" type="stmt"/>
        <line num="1047" count="0" type="stmt"/>
        <line num="1049" count="0" type="stmt"/>
        <line num="1053" count="0" type="stmt"/>
        <line num="1054" count="0" type="stmt"/>
        <line num="1055" count="0" type="stmt"/>
        <line num="1056" count="0" type="stmt"/>
        <line num="1058" count="0" type="stmt"/>
        <line num="1061" count="23" type="stmt"/>
        <line num="1063" count="0" type="stmt"/>
        <line num="1065" count="23" type="stmt"/>
        <line num="1066" count="23" type="stmt"/>
        <line num="1067" count="23" type="stmt"/>
        <line num="1072" count="0" type="cond" truecount="0" falsecount="2"/>
        <line num="1073" count="0" type="stmt"/>
        <line num="1074" count="0" type="stmt"/>
        <line num="1075" count="0" type="stmt"/>
        <line num="1077" count="0" type="stmt"/>
        <line num="1081" count="14" type="stmt"/>
        <line num="1083" count="14" type="stmt"/>
        <line num="1087" count="41" type="stmt"/>
        <line num="1088" count="41" type="stmt"/>
        <line num="1090" count="41" type="stmt"/>
        <line num="1091" count="41" type="stmt"/>
        <line num="1093" count="41" type="stmt"/>
        <line num="1094" count="41" type="stmt"/>
        <line num="1095" count="41" type="stmt"/>
        <line num="1096" count="41" type="cond" truecount="1" falsecount="1"/>
        <line num="1098" count="0" type="stmt"/>
        <line num="1099" count="0" type="stmt"/>
        <line num="1103" count="41" type="stmt"/>
        <line num="1104" count="41" type="stmt"/>
        <line num="1105" count="41" type="cond" truecount="4" falsecount="4"/>
        <line num="1108" count="0" type="stmt"/>
        <line num="1109" count="0" type="stmt"/>
        <line num="1111" count="0" type="stmt"/>
        <line num="1115" count="1" type="stmt"/>
        <line num="1116" count="1" type="stmt"/>
        <line num="1118" count="1" type="stmt"/>
        <line num="1122" count="0" type="stmt"/>
        <line num="1123" count="0" type="stmt"/>
        <line num="1124" count="0" type="cond" truecount="0" falsecount="4"/>
        <line num="1125" count="0" type="stmt"/>
        <line num="1127" count="0" type="cond" truecount="0" falsecount="2"/>
        <line num="1128" count="0" type="stmt"/>
        <line num="1131" count="0" type="stmt"/>
        <line num="1132" count="0" type="stmt"/>
        <line num="1134" count="0" type="stmt"/>
        <line num="1135" count="0" type="stmt"/>
        <line num="1136" count="0" type="cond" truecount="0" falsecount="1"/>
        <line num="1139" count="0" type="stmt"/>
        <line num="1140" count="0" type="stmt"/>
        <line num="1142" count="0" type="stmt"/>
        <line num="1145" count="0" type="stmt"/>
        <line num="1149" count="0" type="stmt"/>
        <line num="1150" count="0" type="stmt"/>
        <line num="1152" count="0" type="stmt"/>
        <line num="1156" count="15" type="stmt"/>
        <line num="1157" count="15" type="stmt"/>
        <line num="1158" count="15" type="stmt"/>
        <line num="1159" count="15" type="stmt"/>
        <line num="1160" count="15" type="cond" truecount="0" falsecount="1"/>
        <line num="1163" count="0" type="stmt"/>
        <line num="1164" count="0" type="stmt"/>
        <line num="1166" count="0" type="stmt"/>
        <line num="1169" count="15" type="stmt"/>
        <line num="1173" count="10" type="stmt"/>
        <line num="1174" count="10" type="stmt"/>
        <line num="1175" count="10" type="stmt"/>
        <line num="1176" count="10" type="stmt"/>
        <line num="1178" count="10" type="stmt"/>
        <line num="1182" count="15" type="stmt"/>
        <line num="1183" count="15" type="stmt"/>
        <line num="1185" count="15" type="stmt"/>
        <line num="1189" count="0" type="stmt"/>
        <line num="1190" count="0" type="stmt"/>
        <line num="1192" count="0" type="stmt"/>
        <line num="1197" count="0" type="cond" truecount="0" falsecount="2"/>
        <line num="1198" count="0" type="stmt"/>
        <line num="1199" count="0" type="stmt"/>
        <line num="1200" count="0" type="stmt"/>
        <line num="1202" count="0" type="stmt"/>
        <line num="1206" count="41" type="stmt"/>
        <line num="1208" count="41" type="stmt"/>
        <line num="1212" count="1" type="stmt"/>
        <line num="1213" count="1" type="stmt"/>
        <line num="1215" count="1" type="stmt"/>
        <line num="1216" count="1" type="stmt"/>
        <line num="1218" count="1" type="stmt"/>
        <line num="1219" count="1" type="stmt"/>
        <line num="1220" count="1" type="stmt"/>
        <line num="1221" count="1" type="stmt"/>
        <line num="1222" count="1" type="cond" truecount="3" falsecount="1"/>
        <line num="1223" count="0" type="stmt"/>
        <line num="1225" count="1" type="cond" truecount="1" falsecount="1"/>
        <line num="1226" count="0" type="stmt"/>
        <line num="1229" count="1" type="stmt"/>
        <line num="1230" count="1" type="stmt"/>
        <line num="1235" count="0" type="cond" truecount="0" falsecount="2"/>
        <line num="1236" count="0" type="stmt"/>
        <line num="1237" count="0" type="stmt"/>
        <line num="1238" count="0" type="stmt"/>
        <line num="1240" count="0" type="stmt"/>
        <line num="1244" count="1" type="stmt"/>
        <line num="1246" count="1" type="stmt"/>
        <line num="1250" count="15" type="stmt"/>
        <line num="1251" count="15" type="stmt"/>
        <line num="1253" count="15" type="stmt"/>
        <line num="1254" count="15" type="stmt"/>
        <line num="1256" count="15" type="stmt"/>
        <line num="1257" count="15" type="stmt"/>
        <line num="1258" count="15" type="cond" truecount="3" falsecount="1"/>
        <line num="1259" count="0" type="stmt"/>
        <line num="1261" count="15" type="cond" truecount="1" falsecount="1"/>
        <line num="1262" count="0" type="stmt"/>
        <line num="1265" count="15" type="stmt"/>
        <line num="1266" count="15" type="stmt"/>
        <line num="1271" count="0" type="cond" truecount="0" falsecount="2"/>
        <line num="1272" count="0" type="stmt"/>
        <line num="1273" count="0" type="stmt"/>
        <line num="1274" count="0" type="stmt"/>
        <line num="1276" count="0" type="stmt"/>
        <line num="1280" count="15" type="stmt"/>
        <line num="1282" count="15" type="stmt"/>
        <line num="1286" count="0" type="cond" truecount="0" falsecount="1"/>
        <line num="1288" count="0" type="stmt"/>
        <line num="1290" count="0" type="stmt"/>
        <line num="1293" count="0" type="cond" truecount="0" falsecount="3"/>
        <line num="1295" count="0" type="stmt"/>
        <line num="1298" count="0" type="stmt"/>
        <line num="1301" count="0" type="stmt"/>
        <line num="1303" count="0" type="stmt"/>
        <line num="1307" count="2" type="stmt"/>
        <line num="1420" count="5" type="cond" truecount="2" falsecount="0"/>
        <line num="1421" count="2" type="stmt"/>
        <line num="1424" count="5" type="stmt"/>
        <line num="1431" count="0" type="stmt"/>
        <line num="1433" count="0" type="stmt"/>
        <line num="1435" count="0" type="stmt"/>
        <line num="1438" count="0" type="stmt"/>
        <line num="1441" count="3" type="stmt"/>
        <line num="1444" count="0" type="stmt"/>
        <line num="1447" count="0" type="cond" truecount="0" falsecount="2"/>
        <line num="1448" count="0" type="stmt"/>
        <line num="1453" count="0" type="cond" truecount="0" falsecount="2"/>
        <line num="1454" count="0" type="stmt"/>
        <line num="1459" count="0" type="cond" truecount="0" falsecount="2"/>
        <line num="1460" count="0" type="stmt"/>
        <line num="1462" count="0" type="stmt"/>
        <line num="1472" count="0" type="cond" truecount="0" falsecount="2"/>
        <line num="1473" count="0" type="stmt"/>
        <line num="1475" count="0" type="stmt"/>
        <line num="1481" count="0" type="cond" truecount="0" falsecount="2"/>
        <line num="1482" count="0" type="stmt"/>
        <line num="1484" count="0" type="stmt"/>
        <line num="1488" count="0" type="stmt"/>
        <line num="1491" count="0" type="stmt"/>
        <line num="1494" count="0" type="cond" truecount="0" falsecount="2"/>
        <line num="1495" count="0" type="stmt"/>
        <line num="1500" count="0" type="cond" truecount="0" falsecount="2"/>
        <line num="1501" count="0" type="stmt"/>
        <line num="1506" count="0" type="cond" truecount="0" falsecount="2"/>
        <line num="1507" count="0" type="stmt"/>
        <line num="1509" count="0" type="stmt"/>
        <line num="1519" count="0" type="cond" truecount="0" falsecount="2"/>
        <line num="1520" count="0" type="stmt"/>
        <line num="1522" count="0" type="stmt"/>
        <line num="1528" count="0" type="cond" truecount="0" falsecount="2"/>
        <line num="1529" count="0" type="stmt"/>
        <line num="1531" count="0" type="stmt"/>
        <line num="1535" count="2" type="stmt"/>
        <line num="1538" count="0" type="stmt"/>
        <line num="1541" count="0" type="cond" truecount="0" falsecount="2"/>
        <line num="1542" count="0" type="stmt"/>
        <line num="1547" count="0" type="cond" truecount="0" falsecount="2"/>
        <line num="1548" count="0" type="stmt"/>
        <line num="1553" count="0" type="cond" truecount="0" falsecount="2"/>
        <line num="1554" count="0" type="stmt"/>
        <line num="1556" count="0" type="stmt"/>
        <line num="1566" count="0" type="cond" truecount="0" falsecount="2"/>
        <line num="1567" count="0" type="stmt"/>
        <line num="1569" count="0" type="stmt"/>
        <line num="1575" count="0" type="cond" truecount="0" falsecount="2"/>
        <line num="1576" count="0" type="stmt"/>
        <line num="1578" count="0" type="stmt"/>
        <line num="1584" count="0" type="cond" truecount="0" falsecount="2"/>
        <line num="1585" count="0" type="stmt"/>
        <line num="1587" count="0" type="stmt"/>
        <line num="1591" count="3" type="stmt"/>
        <line num="1594" count="0" type="stmt"/>
        <line num="1597" count="0" type="cond" truecount="0" falsecount="2"/>
        <line num="1598" count="0" type="stmt"/>
        <line num="1603" count="0" type="cond" truecount="0" falsecount="2"/>
        <line num="1604" count="0" type="stmt"/>
        <line num="1609" count="0" type="cond" truecount="0" falsecount="2"/>
        <line num="1610" count="0" type="stmt"/>
        <line num="1612" count="0" type="stmt"/>
        <line num="1620" count="0" type="stmt"/>
        <line num="1623" count="0" type="stmt"/>
        <line num="1628" count="0" type="cond" truecount="0" falsecount="2"/>
        <line num="1629" count="0" type="stmt"/>
        <line num="1631" count="0" type="stmt"/>
        <line num="1637" count="0" type="cond" truecount="0" falsecount="2"/>
        <line num="1638" count="0" type="stmt"/>
        <line num="1640" count="0" type="stmt"/>
        <line num="1646" count="0" type="cond" truecount="0" falsecount="2"/>
        <line num="1647" count="0" type="stmt"/>
        <line num="1649" count="0" type="stmt"/>
        <line num="1655" count="0" type="cond" truecount="0" falsecount="2"/>
        <line num="1656" count="0" type="stmt"/>
        <line num="1658" count="0" type="stmt"/>
        <line num="1664" count="0" type="cond" truecount="0" falsecount="2"/>
        <line num="1665" count="0" type="stmt"/>
        <line num="1667" count="0" type="stmt"/>
        <line num="1671" count="22" type="stmt"/>
        <line num="1674" count="0" type="stmt"/>
        <line num="1677" count="0" type="cond" truecount="0" falsecount="2"/>
        <line num="1678" count="0" type="stmt"/>
        <line num="1683" count="0" type="cond" truecount="0" falsecount="2"/>
        <line num="1684" count="0" type="stmt"/>
        <line num="1689" count="0" type="cond" truecount="0" falsecount="2"/>
        <line num="1690" count="0" type="stmt"/>
        <line num="1692" count="0" type="stmt"/>
        <line num="1700" count="0" type="stmt"/>
        <line num="1705" count="0" type="cond" truecount="0" falsecount="2"/>
        <line num="1706" count="0" type="stmt"/>
        <line num="1708" count="0" type="stmt"/>
        <line num="1714" count="0" type="cond" truecount="0" falsecount="2"/>
        <line num="1715" count="0" type="stmt"/>
        <line num="1717" count="0" type="stmt"/>
        <line num="1721" count="0" type="stmt"/>
        <line num="1724" count="0" type="stmt"/>
        <line num="1726" count="0" type="stmt"/>
        <line num="1727" count="0" type="stmt"/>
        <line num="1728" count="0" type="stmt"/>
        <line num="1729" count="0" type="stmt"/>
        <line num="1731" count="4" type="stmt"/>
        <line num="1734" count="0" type="stmt"/>
        <line num="1737" count="0" type="cond" truecount="0" falsecount="2"/>
        <line num="1738" count="0" type="stmt"/>
        <line num="1743" count="0" type="cond" truecount="0" falsecount="2"/>
        <line num="1744" count="0" type="stmt"/>
        <line num="1749" count="0" type="cond" truecount="0" falsecount="2"/>
        <line num="1750" count="0" type="stmt"/>
        <line num="1752" count="0" type="stmt"/>
        <line num="1759" count="0" type="stmt"/>
        <line num="1760" count="0" type="stmt"/>
        <line num="1764" count="0" type="cond" truecount="0" falsecount="2"/>
        <line num="1765" count="0" type="stmt"/>
        <line num="1767" count="0" type="stmt"/>
        <line num="1773" count="0" type="cond" truecount="0" falsecount="2"/>
        <line num="1774" count="0" type="stmt"/>
        <line num="1776" count="0" type="stmt"/>
        <line num="1780" count="4" type="stmt"/>
        <line num="1783" count="0" type="stmt"/>
        <line num="1786" count="0" type="cond" truecount="0" falsecount="2"/>
        <line num="1787" count="0" type="stmt"/>
        <line num="1792" count="0" type="cond" truecount="0" falsecount="2"/>
        <line num="1793" count="0" type="stmt"/>
        <line num="1798" count="0" type="cond" truecount="0" falsecount="2"/>
        <line num="1799" count="0" type="stmt"/>
        <line num="1801" count="0" type="stmt"/>
        <line num="1809" count="0" type="stmt"/>
        <line num="1812" count="4" type="stmt"/>
        <line num="1815" count="0" type="stmt"/>
        <line num="1818" count="0" type="cond" truecount="0" falsecount="2"/>
        <line num="1819" count="0" type="stmt"/>
        <line num="1824" count="0" type="cond" truecount="0" falsecount="2"/>
        <line num="1825" count="0" type="stmt"/>
        <line num="1830" count="0" type="cond" truecount="0" falsecount="2"/>
        <line num="1831" count="0" type="stmt"/>
        <line num="1833" count="0" type="stmt"/>
        <line num="1840" count="0" type="stmt"/>
        <line num="1841" count="0" type="stmt"/>
        <line num="1842" count="0" type="stmt"/>
        <line num="1844" count="14" type="stmt"/>
        <line num="1847" count="0" type="stmt"/>
        <line num="1850" count="0" type="cond" truecount="0" falsecount="2"/>
        <line num="1851" count="0" type="stmt"/>
        <line num="1856" count="0" type="cond" truecount="0" falsecount="2"/>
        <line num="1857" count="0" type="stmt"/>
        <line num="1862" count="0" type="cond" truecount="0" falsecount="2"/>
        <line num="1863" count="0" type="stmt"/>
        <line num="1865" count="0" type="stmt"/>
        <line num="1875" count="0" type="cond" truecount="0" falsecount="2"/>
        <line num="1876" count="0" type="stmt"/>
        <line num="1878" count="0" type="stmt"/>
        <line num="1881" count="0" type="stmt"/>
        <line num="1882" count="0" type="stmt"/>
        <line num="1886" count="0" type="cond" truecount="0" falsecount="2"/>
        <line num="1887" count="0" type="stmt"/>
        <line num="1889" count="0" type="stmt"/>
        <line num="1893" count="0" type="stmt"/>
        <line num="1896" count="0" type="stmt"/>
        <line num="1899" count="0" type="cond" truecount="0" falsecount="2"/>
        <line num="1900" count="0" type="stmt"/>
        <line num="1905" count="0" type="cond" truecount="0" falsecount="2"/>
        <line num="1906" count="0" type="stmt"/>
        <line num="1911" count="0" type="cond" truecount="0" falsecount="2"/>
        <line num="1912" count="0" type="stmt"/>
        <line num="1914" count="0" type="stmt"/>
        <line num="1924" count="0" type="cond" truecount="0" falsecount="2"/>
        <line num="1925" count="0" type="stmt"/>
        <line num="1927" count="0" type="stmt"/>
        <line num="1930" count="0" type="stmt"/>
        <line num="1932" count="0" type="stmt"/>
        <line num="1934" count="0" type="stmt"/>
        <line num="1936" count="10" type="stmt"/>
        <line num="1939" count="0" type="stmt"/>
        <line num="1942" count="0" type="cond" truecount="0" falsecount="2"/>
        <line num="1943" count="0" type="stmt"/>
        <line num="1948" count="0" type="cond" truecount="0" falsecount="2"/>
        <line num="1949" count="0" type="stmt"/>
        <line num="1954" count="0" type="cond" truecount="0" falsecount="2"/>
        <line num="1955" count="0" type="stmt"/>
        <line num="1957" count="0" type="stmt"/>
        <line num="1965" count="0" type="stmt"/>
        <line num="1966" count="0" type="stmt"/>
        <line num="1967" count="0" type="stmt"/>
        <line num="1968" count="0" type="stmt"/>
        <line num="1969" count="0" type="stmt"/>
        <line num="1970" count="0" type="stmt"/>
        <line num="1971" count="0" type="stmt"/>
        <line num="1973" count="6" type="stmt"/>
        <line num="1976" count="0" type="stmt"/>
        <line num="1979" count="0" type="cond" truecount="0" falsecount="2"/>
        <line num="1980" count="0" type="stmt"/>
        <line num="1985" count="0" type="cond" truecount="0" falsecount="2"/>
        <line num="1986" count="0" type="stmt"/>
        <line num="1991" count="0" type="cond" truecount="0" falsecount="2"/>
        <line num="1992" count="0" type="stmt"/>
        <line num="1994" count="0" type="stmt"/>
        <line num="2001" count="0" type="stmt"/>
        <line num="2003" count="0" type="stmt"/>
        <line num="2005" count="0" type="stmt"/>
        <line num="2007" count="8" type="stmt"/>
        <line num="2010" count="0" type="stmt"/>
        <line num="2013" count="0" type="cond" truecount="0" falsecount="2"/>
        <line num="2014" count="0" type="stmt"/>
        <line num="2019" count="0" type="cond" truecount="0" falsecount="2"/>
        <line num="2020" count="0" type="stmt"/>
        <line num="2025" count="0" type="cond" truecount="0" falsecount="2"/>
        <line num="2026" count="0" type="stmt"/>
        <line num="2028" count="0" type="stmt"/>
        <line num="2036" count="0" type="stmt"/>
        <line num="2039" count="0" type="stmt"/>
        <line num="2042" count="0" type="stmt"/>
        <line num="2045" count="0" type="stmt"/>
        <line num="2048" count="0" type="stmt"/>
        <line num="2051" count="0" type="stmt"/>
        <line num="2054" count="0" type="stmt"/>
        <line num="2057" count="39" type="stmt"/>
        <line num="2060" count="0" type="stmt"/>
        <line num="2063" count="0" type="cond" truecount="0" falsecount="2"/>
        <line num="2064" count="0" type="stmt"/>
        <line num="2069" count="0" type="cond" truecount="0" falsecount="2"/>
        <line num="2070" count="0" type="stmt"/>
        <line num="2075" count="0" type="cond" truecount="0" falsecount="2"/>
        <line num="2076" count="0" type="stmt"/>
        <line num="2078" count="0" type="stmt"/>
        <line num="2088" count="0" type="cond" truecount="0" falsecount="2"/>
        <line num="2089" count="0" type="stmt"/>
        <line num="2091" count="0" type="stmt"/>
        <line num="2097" count="0" type="cond" truecount="0" falsecount="2"/>
        <line num="2098" count="0" type="stmt"/>
        <line num="2100" count="0" type="stmt"/>
        <line num="2106" count="0" type="cond" truecount="0" falsecount="2"/>
        <line num="2107" count="0" type="stmt"/>
        <line num="2109" count="0" type="stmt"/>
        <line num="2115" count="0" type="cond" truecount="0" falsecount="2"/>
        <line num="2116" count="0" type="stmt"/>
        <line num="2118" count="0" type="stmt"/>
        <line num="2124" count="0" type="cond" truecount="0" falsecount="2"/>
        <line num="2125" count="0" type="stmt"/>
        <line num="2127" count="0" type="stmt"/>
        <line num="2133" count="0" type="cond" truecount="0" falsecount="2"/>
        <line num="2134" count="0" type="stmt"/>
        <line num="2136" count="0" type="stmt"/>
        <line num="2142" count="0" type="cond" truecount="0" falsecount="2"/>
        <line num="2143" count="0" type="stmt"/>
        <line num="2145" count="0" type="stmt"/>
        <line num="2151" count="0" type="cond" truecount="0" falsecount="2"/>
        <line num="2152" count="0" type="stmt"/>
        <line num="2154" count="0" type="stmt"/>
        <line num="2158" count="14" type="stmt"/>
        <line num="2161" count="0" type="stmt"/>
        <line num="2164" count="0" type="cond" truecount="0" falsecount="2"/>
        <line num="2165" count="0" type="stmt"/>
        <line num="2170" count="0" type="cond" truecount="0" falsecount="2"/>
        <line num="2171" count="0" type="stmt"/>
        <line num="2176" count="0" type="cond" truecount="0" falsecount="2"/>
        <line num="2177" count="0" type="stmt"/>
        <line num="2179" count="0" type="stmt"/>
        <line num="2186" count="0" type="stmt"/>
        <line num="2187" count="0" type="stmt"/>
        <line num="2188" count="0" type="stmt"/>
        <line num="2189" count="0" type="stmt"/>
        <line num="2190" count="0" type="stmt"/>
        <line num="2192" count="0" type="stmt"/>
        <line num="2195" count="0" type="stmt"/>
        <line num="2197" count="0" type="stmt"/>
        <line num="2198" count="0" type="stmt"/>
        <line num="2199" count="0" type="stmt"/>
        <line num="2200" count="0" type="stmt"/>
        <line num="2201" count="0" type="stmt"/>
        <line num="2202" count="0" type="stmt"/>
        <line num="2204" count="41" type="stmt"/>
        <line num="2207" count="0" type="stmt"/>
        <line num="2210" count="0" type="cond" truecount="0" falsecount="2"/>
        <line num="2211" count="0" type="stmt"/>
        <line num="2216" count="0" type="cond" truecount="0" falsecount="2"/>
        <line num="2217" count="0" type="stmt"/>
        <line num="2222" count="0" type="cond" truecount="0" falsecount="2"/>
        <line num="2223" count="0" type="stmt"/>
        <line num="2225" count="0" type="stmt"/>
        <line num="2232" count="0" type="stmt"/>
        <line num="2233" count="0" type="stmt"/>
        <line num="2234" count="0" type="stmt"/>
        <line num="2236" count="1" type="stmt"/>
        <line num="2239" count="0" type="stmt"/>
        <line num="2242" count="0" type="cond" truecount="0" falsecount="2"/>
        <line num="2243" count="0" type="stmt"/>
        <line num="2248" count="0" type="cond" truecount="0" falsecount="2"/>
        <line num="2249" count="0" type="stmt"/>
        <line num="2254" count="0" type="cond" truecount="0" falsecount="2"/>
        <line num="2255" count="0" type="stmt"/>
        <line num="2257" count="0" type="stmt"/>
        <line num="2264" count="0" type="stmt"/>
        <line num="2265" count="0" type="stmt"/>
        <line num="2266" count="0" type="stmt"/>
        <line num="2267" count="0" type="stmt"/>
        <line num="2268" count="0" type="stmt"/>
        <line num="2269" count="0" type="stmt"/>
        <line num="2270" count="0" type="stmt"/>
        <line num="2272" count="15" type="stmt"/>
        <line num="2275" count="0" type="stmt"/>
        <line num="2278" count="0" type="cond" truecount="0" falsecount="2"/>
        <line num="2279" count="0" type="stmt"/>
        <line num="2284" count="0" type="cond" truecount="0" falsecount="2"/>
        <line num="2285" count="0" type="stmt"/>
        <line num="2290" count="0" type="cond" truecount="0" falsecount="2"/>
        <line num="2291" count="0" type="stmt"/>
        <line num="2293" count="0" type="stmt"/>
      </file>
    </package>
  </project>
</coverage>
