{"/home/eduardo/Documents/INNOPOLIS/EQSP/Project/FINAL/eo-vscode/server/src/errorListener.ts": {"path":"/home/eduardo/Documents/INNOPOLIS/EQSP/Project/FINAL/eo-vscode/server/src/errorListener.ts","statementMap":{"0":{"start":{"line":19,"column":31},"end":{"line":19,"column":33}},"1":{"start":{"line":23,"column":8},"end":{"line":23,"column":76}}},"fnMap":{"0":{"name":"(anonymous_0)","decl":{"start":{"line":21,"column":4},"end":{"line":21,"column":5}},"loc":{"start":{"line":22,"column":86},"end":{"line":24,"column":5}},"line":22}},"branchMap":{},"s":{"0":3,"1":3},"f":{"0":3},"b":{},"_coverageSchema":"1a1c01bbd47fc00a2c39e90264f33305004495a9","hash":"5a88aef98451b73da55fbebc15a89d52c05321b6"}
,"/home/eduardo/Documents/INNOPOLIS/EQSP/Project/FINAL/eo-vscode/server/src/parser.ts": {"path":"/home/eduardo/Documents/INNOPOLIS/EQSP/Project/FINAL/eo-vscode/server/src/parser.ts","statementMap":{"0":{"start":{"line":30,"column":4},"end":{"line":50,"column":5}},"1":{"start":{"line":31,"column":8},"end":{"line":31,"column":39}},"2":{"start":{"line":32,"column":8},"end":{"line":32,"column":53}},"3":{"start":{"line":33,"column":27},"end":{"line":33,"column":83}},"4":{"start":{"line":35,"column":8},"end":{"line":49,"column":9}},"5":{"start":{"line":36,"column":25},"end":{"line":36,"column":75}},"6":{"start":{"line":38,"column":12},"end":{"line":46,"column":15}},"7":{"start":{"line":39,"column":16},"end":{"line":45,"column":17}},"8":{"start":{"line":40,"column":33},"end":{"line":40,"column":48}},"9":{"start":{"line":41,"column":20},"end":{"line":44,"column":21}},"10":{"start":{"line":42,"column":24},"end":{"line":42,"column":49}},"11":{"start":{"line":43,"column":24},"end":{"line":43,"column":72}},"12":{"start":{"line":48,"column":12},"end":{"line":48,"column":64}},"13":{"start":{"line":60,"column":4},"end":{"line":60,"column":26}},"14":{"start":{"line":61,"column":4},"end":{"line":61,"column":39}},"15":{"start":{"line":69,"column":4},"end":{"line":69,"column":26}},"16":{"start":{"line":70,"column":4},"end":{"line":70,"column":23}},"17":{"start":{"line":79,"column":22},"end":{"line":79,"column":42}},"18":{"start":{"line":81,"column":4},"end":{"line":81,"column":33}},"19":{"start":{"line":82,"column":4},"end":{"line":82,"column":45}},"20":{"start":{"line":91,"column":22},"end":{"line":91,"column":42}},"21":{"start":{"line":92,"column":26},"end":{"line":92,"column":45}},"22":{"start":{"line":94,"column":4},"end":{"line":94,"column":53}},"23":{"start":{"line":95,"column":4},"end":{"line":95,"column":31}},"24":{"start":{"line":96,"column":4},"end":{"line":96,"column":35}}},"fnMap":{"0":{"name":"buildTokenSetAndMap","decl":{"start":{"line":29,"column":9},"end":{"line":29,"column":28}},"loc":{"start":{"line":29,"column":31},"end":{"line":51,"column":1}},"line":29},"1":{"name":"(anonymous_1)","decl":{"start":{"line":38,"column":37},"end":{"line":38,"column":38}},"loc":{"start":{"line":38,"column":45},"end":{"line":46,"column":13}},"line":38},"2":{"name":"antlrTypeNumToString","decl":{"start":{"line":59,"column":16},"end":{"line":59,"column":36}},"loc":{"start":{"line":59,"column":58},"end":{"line":62,"column":1}},"line":59},"3":{"name":"getTokenTypes","decl":{"start":{"line":68,"column":16},"end":{"line":68,"column":29}},"loc":{"start":{"line":68,"column":45},"end":{"line":71,"column":1}},"line":68},"4":{"name":"tokenize","decl":{"start":{"line":78,"column":16},"end":{"line":78,"column":24}},"loc":{"start":{"line":78,"column":54},"end":{"line":83,"column":1}},"line":78},"5":{"name":"getParserErrors","decl":{"start":{"line":90,"column":16},"end":{"line":90,"column":31}},"loc":{"start":{"line":90,"column":62},"end":{"line":98,"column":1}},"line":90}},"branchMap":{"0":{"loc":{"start":{"line":30,"column":4},"end":{"line":50,"column":5}},"type":"if","locations":[{"start":{"line":30,"column":4},"end":{"line":50,"column":5}},{"start":{},"end":{}}],"line":30},"1":{"loc":{"start":{"line":30,"column":8},"end":{"line":30,"column":40}},"type":"binary-expr","locations":[{"start":{"line":30,"column":8},"end":{"line":30,"column":19}},{"start":{"line":30,"column":23},"end":{"line":30,"column":40}}],"line":30},"2":{"loc":{"start":{"line":39,"column":16},"end":{"line":45,"column":17}},"type":"if","locations":[{"start":{"line":39,"column":16},"end":{"line":45,"column":17}},{"start":{},"end":{}}],"line":39},"3":{"loc":{"start":{"line":41,"column":20},"end":{"line":44,"column":21}},"type":"if","locations":[{"start":{"line":41,"column":20},"end":{"line":44,"column":21}},{"start":{},"end":{}}],"line":41}},"s":{"0":27,"1":2,"2":2,"3":2,"4":2,"5":2,"6":2,"7":120,"8":72,"9":72,"10":70,"11":70,"12":0,"13":23,"14":23,"15":4,"16":4,"17":2,"18":2,"19":2,"20":3,"21":3,"22":3,"23":3,"24":3},"f":{"0":27,"1":120,"2":23,"3":4,"4":2,"5":3},"b":{"0":[2,25],"1":[27,25],"2":[72,48],"3":[70,2]},"_coverageSchema":"1a1c01bbd47fc00a2c39e90264f33305004495a9","hash":"3d27443075d5db0693962bb0ed7e0239b2b58e49"}
,"/home/eduardo/Documents/INNOPOLIS/EQSP/Project/FINAL/eo-vscode/server/src/parserError.ts": {"path":"/home/eduardo/Documents/INNOPOLIS/EQSP/Project/FINAL/eo-vscode/server/src/parserError.ts","statementMap":{"0":{"start":{"line":19,"column":8},"end":{"line":19,"column":25}},"1":{"start":{"line":20,"column":8},"end":{"line":20,"column":29}},"2":{"start":{"line":21,"column":8},"end":{"line":21,"column":23}}},"fnMap":{"0":{"name":"(anonymous_0)","decl":{"start":{"line":18,"column":4},"end":{"line":18,"column":5}},"loc":{"start":{"line":18,"column":59},"end":{"line":22,"column":5}},"line":18}},"branchMap":{},"s":{"0":3,"1":3,"2":3},"f":{"0":3},"b":{},"_coverageSchema":"1a1c01bbd47fc00a2c39e90264f33305004495a9","hash":"abf8b1a13d2e887513401ca4ff66a4d121582394"}
,"/home/eduardo/Documents/INNOPOLIS/EQSP/Project/FINAL/eo-vscode/server/src/processor.ts": {"path":"/home/eduardo/Documents/INNOPOLIS/EQSP/Project/FINAL/eo-vscode/server/src/processor.ts","statementMap":{"0":{"start":{"line":41,"column":8},"end":{"line":41,"column":57}},"1":{"start":{"line":42,"column":8},"end":{"line":42,"column":56}},"2":{"start":{"line":43,"column":8},"end":{"line":43,"column":61}},"3":{"start":{"line":44,"column":8},"end":{"line":44,"column":58}}},"fnMap":{"0":{"name":"(anonymous_0)","decl":{"start":{"line":40,"column":4},"end":{"line":40,"column":5}},"loc":{"start":{"line":40,"column":31},"end":{"line":45,"column":5}},"line":40}},"branchMap":{},"s":{"0":5,"1":5,"2":5,"3":5},"f":{"0":5},"b":{},"_coverageSchema":"1a1c01bbd47fc00a2c39e90264f33305004495a9","hash":"64cd55ab2feeec7222349609909941a0ad6d7fee"}
,"/home/eduardo/Documents/INNOPOLIS/EQSP/Project/FINAL/eo-vscode/server/src/semantics.ts": {"path":"/home/eduardo/Documents/INNOPOLIS/EQSP/Project/FINAL/eo-vscode/server/src/semantics.ts","statementMap":{"0":{"start":{"line":40,"column":56},"end":{"line":40,"column":65}},"1":{"start":{"line":46,"column":40},"end":{"line":46,"column":49}},"2":{"start":{"line":54,"column":8},"end":{"line":54,"column":22}},"3":{"start":{"line":55,"column":8},"end":{"line":55,"column":53}},"4":{"start":{"line":82,"column":8},"end":{"line":82,"column":52}},"5":{"start":{"line":83,"column":8},"end":{"line":83,"column":47}},"6":{"start":{"line":84,"column":8},"end":{"line":84,"column":49}},"7":{"start":{"line":85,"column":8},"end":{"line":85,"column":49}},"8":{"start":{"line":86,"column":8},"end":{"line":86,"column":50}},"9":{"start":{"line":87,"column":8},"end":{"line":87,"column":50}},"10":{"start":{"line":88,"column":8},"end":{"line":88,"column":50}},"11":{"start":{"line":89,"column":8},"end":{"line":89,"column":51}},"12":{"start":{"line":90,"column":8},"end":{"line":90,"column":51}},"13":{"start":{"line":91,"column":8},"end":{"line":91,"column":47}},"14":{"start":{"line":92,"column":8},"end":{"line":92,"column":49}},"15":{"start":{"line":93,"column":8},"end":{"line":93,"column":49}},"16":{"start":{"line":94,"column":8},"end":{"line":94,"column":49}},"17":{"start":{"line":95,"column":8},"end":{"line":95,"column":46}},"18":{"start":{"line":96,"column":8},"end":{"line":96,"column":50}},"19":{"start":{"line":97,"column":8},"end":{"line":97,"column":51}},"20":{"start":{"line":98,"column":8},"end":{"line":98,"column":54}},"21":{"start":{"line":99,"column":8},"end":{"line":99,"column":46}},"22":{"start":{"line":100,"column":8},"end":{"line":100,"column":47}},"23":{"start":{"line":101,"column":8},"end":{"line":101,"column":49}},"24":{"start":{"line":102,"column":8},"end":{"line":102,"column":49}},"25":{"start":{"line":103,"column":8},"end":{"line":103,"column":48}},"26":{"start":{"line":104,"column":8},"end":{"line":104,"column":50}},"27":{"start":{"line":105,"column":8},"end":{"line":105,"column":47}},"28":{"start":{"line":106,"column":8},"end":{"line":106,"column":49}},"29":{"start":{"line":107,"column":8},"end":{"line":107,"column":47}},"30":{"start":{"line":108,"column":8},"end":{"line":108,"column":50}},"31":{"start":{"line":109,"column":8},"end":{"line":109,"column":48}},"32":{"start":{"line":119,"column":33},"end":{"line":119,"column":71}},"33":{"start":{"line":121,"column":37},"end":{"line":121,"column":39}},"34":{"start":{"line":123,"column":8},"end":{"line":129,"column":11}},"35":{"start":{"line":124,"column":25},"end":{"line":124,"column":56}},"36":{"start":{"line":126,"column":12},"end":{"line":128,"column":13}},"37":{"start":{"line":127,"column":16},"end":{"line":127,"column":38}},"38":{"start":{"line":131,"column":8},"end":{"line":131,"column":50}},"39":{"start":{"line":144,"column":38},"end":{"line":144,"column":40}},"40":{"start":{"line":145,"column":28},"end":{"line":145,"column":56}},"41":{"start":{"line":147,"column":8},"end":{"line":158,"column":11}},"42":{"start":{"line":148,"column":36},"end":{"line":148,"column":88}},"43":{"start":{"line":149,"column":30},"end":{"line":149,"column":100}},"44":{"start":{"line":151,"column":12},"end":{"line":157,"column":15}},"45":{"start":{"line":159,"column":8},"end":{"line":159,"column":22}},"46":{"start":{"line":169,"column":21},"end":{"line":169,"column":57}},"47":{"start":{"line":171,"column":8},"end":{"line":174,"column":9}},"48":{"start":{"line":172,"column":12},"end":{"line":172,"column":49}},"49":{"start":{"line":173,"column":12},"end":{"line":173,"column":57}},"50":{"start":{"line":176,"column":8},"end":{"line":176,"column":22}},"51":{"start":{"line":188,"column":8},"end":{"line":196,"column":11}},"52":{"start":{"line":189,"column":12},"end":{"line":195,"column":14}},"53":{"start":{"line":206,"column":8},"end":{"line":206,"column":39}},"54":{"start":{"line":207,"column":24},"end":{"line":207,"column":54}},"55":{"start":{"line":209,"column":8},"end":{"line":209,"column":48}},"56":{"start":{"line":210,"column":8},"end":{"line":210,"column":31}},"57":{"start":{"line":222,"column":24},"end":{"line":222,"column":54}},"58":{"start":{"line":224,"column":8},"end":{"line":224,"column":42}},"59":{"start":{"line":225,"column":8},"end":{"line":225,"column":48}},"60":{"start":{"line":226,"column":8},"end":{"line":226,"column":36}}},"fnMap":{"0":{"name":"(anonymous_0)","decl":{"start":{"line":53,"column":4},"end":{"line":53,"column":5}},"loc":{"start":{"line":53,"column":62},"end":{"line":56,"column":5}},"line":53},"1":{"name":"(anonymous_1)","decl":{"start":{"line":64,"column":4},"end":{"line":64,"column":5}},"loc":{"start":{"line":64,"column":13},"end":{"line":110,"column":5}},"line":64},"2":{"name":"(anonymous_2)","decl":{"start":{"line":118,"column":4},"end":{"line":118,"column":5}},"loc":{"start":{"line":118,"column":86},"end":{"line":132,"column":5}},"line":118},"3":{"name":"(anonymous_3)","decl":{"start":{"line":123,"column":32},"end":{"line":123,"column":33}},"loc":{"start":{"line":123,"column":38},"end":{"line":129,"column":9}},"line":123},"4":{"name":"(anonymous_4)","decl":{"start":{"line":143,"column":4},"end":{"line":143,"column":5}},"loc":{"start":{"line":143,"column":52},"end":{"line":160,"column":5}},"line":143},"5":{"name":"(anonymous_5)","decl":{"start":{"line":147,"column":28},"end":{"line":147,"column":29}},"loc":{"start":{"line":147,"column":34},"end":{"line":158,"column":9}},"line":147},"6":{"name":"(anonymous_6)","decl":{"start":{"line":168,"column":4},"end":{"line":168,"column":5}},"loc":{"start":{"line":168,"column":67},"end":{"line":177,"column":5}},"line":168},"7":{"name":"(anonymous_7)","decl":{"start":{"line":187,"column":4},"end":{"line":187,"column":5}},"loc":{"start":{"line":187,"column":76},"end":{"line":197,"column":5}},"line":187},"8":{"name":"(anonymous_8)","decl":{"start":{"line":188,"column":40},"end":{"line":188,"column":41}},"loc":{"start":{"line":188,"column":49},"end":{"line":196,"column":9}},"line":188},"9":{"name":"(anonymous_9)","decl":{"start":{"line":205,"column":4},"end":{"line":205,"column":5}},"loc":{"start":{"line":205,"column":50},"end":{"line":211,"column":5}},"line":205},"10":{"name":"(anonymous_10)","decl":{"start":{"line":221,"column":4},"end":{"line":221,"column":5}},"loc":{"start":{"line":221,"column":61},"end":{"line":227,"column":5}},"line":221}},"branchMap":{"0":{"loc":{"start":{"line":124,"column":25},"end":{"line":124,"column":56}},"type":"binary-expr","locations":[{"start":{"line":124,"column":25},"end":{"line":124,"column":50}},{"start":{"line":124,"column":54},"end":{"line":124,"column":56}}],"line":124},"1":{"loc":{"start":{"line":126,"column":12},"end":{"line":128,"column":13}},"type":"if","locations":[{"start":{"line":126,"column":12},"end":{"line":128,"column":13}},{"start":{},"end":{}}],"line":126},"2":{"loc":{"start":{"line":149,"column":30},"end":{"line":149,"column":100}},"type":"cond-expr","locations":[{"start":{"line":149,"column":48},"end":{"line":149,"column":95}},{"start":{"line":149,"column":98},"end":{"line":149,"column":100}}],"line":149},"3":{"loc":{"start":{"line":171,"column":8},"end":{"line":174,"column":9}},"type":"if","locations":[{"start":{"line":171,"column":8},"end":{"line":174,"column":9}},{"start":{},"end":{}}],"line":171}},"s":{"0":2,"1":2,"2":2,"3":2,"4":2,"5":2,"6":2,"7":2,"8":2,"9":2,"10":2,"11":2,"12":2,"13":2,"14":2,"15":2,"16":2,"17":2,"18":2,"19":2,"20":2,"21":2,"22":2,"23":2,"24":2,"25":2,"26":2,"27":2,"28":2,"29":2,"30":2,"31":2,"32":3,"33":3,"34":3,"35":105,"36":105,"37":84,"38":3,"39":1,"40":1,"41":1,"42":22,"43":22,"44":22,"45":1,"46":0,"47":0,"48":0,"49":0,"50":0,"51":0,"52":0,"53":0,"54":0,"55":0,"56":0,"57":0,"58":0,"59":0,"60":0},"f":{"0":2,"1":2,"2":3,"3":105,"4":1,"5":22,"6":0,"7":0,"8":0,"9":0,"10":0},"b":{"0":[105,21],"1":[84,21],"2":[10,12],"3":[0,0]},"_coverageSchema":"1a1c01bbd47fc00a2c39e90264f33305004495a9","hash":"6ca63dc5426238f3451438356462bd8d990144a1"}
,"/home/eduardo/Documents/INNOPOLIS/EQSP/Project/FINAL/eo-vscode/server/src/parser/ProgramLexer.ts": {"path":"/home/eduardo/Documents/INNOPOLIS/EQSP/Project/FINAL/eo-vscode/server/src/parser/ProgramLexer.ts","statementMap":{"0":{"start":{"line":19,"column":34},"end":{"line":19,"column":35}},"1":{"start":{"line":20,"column":31},"end":{"line":20,"column":32}},"2":{"start":{"line":21,"column":31},"end":{"line":21,"column":32}},"3":{"start":{"line":22,"column":31},"end":{"line":22,"column":32}},"4":{"start":{"line":23,"column":31},"end":{"line":23,"column":32}},"5":{"start":{"line":24,"column":31},"end":{"line":24,"column":32}},"6":{"start":{"line":25,"column":32},"end":{"line":25,"column":33}},"7":{"start":{"line":26,"column":32},"end":{"line":26,"column":33}},"8":{"start":{"line":27,"column":32},"end":{"line":27,"column":33}},"9":{"start":{"line":28,"column":31},"end":{"line":28,"column":33}},"10":{"start":{"line":29,"column":32},"end":{"line":29,"column":34}},"11":{"start":{"line":30,"column":33},"end":{"line":30,"column":35}},"12":{"start":{"line":31,"column":32},"end":{"line":31,"column":34}},"13":{"start":{"line":32,"column":29},"end":{"line":32,"column":31}},"14":{"start":{"line":33,"column":31},"end":{"line":33,"column":33}},"15":{"start":{"line":34,"column":32},"end":{"line":34,"column":34}},"16":{"start":{"line":35,"column":35},"end":{"line":35,"column":37}},"17":{"start":{"line":36,"column":32},"end":{"line":36,"column":34}},"18":{"start":{"line":37,"column":30},"end":{"line":37,"column":32}},"19":{"start":{"line":38,"column":30},"end":{"line":38,"column":32}},"20":{"start":{"line":39,"column":30},"end":{"line":39,"column":32}},"21":{"start":{"line":40,"column":29},"end":{"line":40,"column":31}},"22":{"start":{"line":41,"column":29},"end":{"line":41,"column":31}},"23":{"start":{"line":42,"column":29},"end":{"line":42,"column":31}},"24":{"start":{"line":43,"column":30},"end":{"line":43,"column":32}},"25":{"start":{"line":44,"column":31},"end":{"line":44,"column":33}},"26":{"start":{"line":45,"column":30},"end":{"line":45,"column":32}},"27":{"start":{"line":46,"column":32},"end":{"line":46,"column":34}},"28":{"start":{"line":47,"column":31},"end":{"line":47,"column":33}},"29":{"start":{"line":48,"column":33},"end":{"line":48,"column":35}},"30":{"start":{"line":49,"column":30},"end":{"line":49,"column":32}},"31":{"start":{"line":50,"column":32},"end":{"line":50,"column":34}},"32":{"start":{"line":51,"column":30},"end":{"line":51,"column":32}},"33":{"start":{"line":52,"column":31},"end":{"line":52,"column":33}},"34":{"start":{"line":53,"column":31},"end":{"line":53,"column":33}},"35":{"start":{"line":56,"column":49},"end":{"line":58,"column":2}},"36":{"start":{"line":61,"column":46},"end":{"line":63,"column":2}},"37":{"start":{"line":65,"column":46},"end":{"line":72,"column":2}},"38":{"start":{"line":74,"column":69},"end":{"line":78,"column":2}},"39":{"start":{"line":79,"column":70},"end":{"line":84,"column":2}},"40":{"start":{"line":85,"column":49},"end":{"line":85,"column":130}},"41":{"start":{"line":90,"column":2},"end":{"line":90,"column":33}},"42":{"start":{"line":96,"column":2},"end":{"line":96,"column":15}},"43":{"start":{"line":97,"column":2},"end":{"line":97,"column":64}},"44":{"start":{"line":101,"column":40},"end":{"line":101,"column":60}},"45":{"start":{"line":104,"column":36},"end":{"line":104,"column":66}},"46":{"start":{"line":107,"column":38},"end":{"line":107,"column":73}},"47":{"start":{"line":110,"column":39},"end":{"line":110,"column":72}},"48":{"start":{"line":113,"column":36},"end":{"line":113,"column":66}},"49":{"start":{"line":115,"column":58},"end":{"line":115,"column":59}},"50":{"start":{"line":117,"column":2},"end":{"line":411,"column":14}},"51":{"start":{"line":413,"column":2},"end":{"line":445,"column":50}},"52":{"start":{"line":446,"column":49},"end":{"line":452,"column":2}},"53":{"start":{"line":455,"column":2},"end":{"line":457,"column":3}},"54":{"start":{"line":456,"column":3},"end":{"line":456,"column":106}},"55":{"start":{"line":459,"column":2},"end":{"line":459,"column":28}}},"fnMap":{"0":{"name":"(anonymous_0)","decl":{"start":{"line":89,"column":1},"end":{"line":89,"column":2}},"loc":{"start":{"line":89,"column":37},"end":{"line":91,"column":2}},"line":89},"1":{"name":"(anonymous_1)","decl":{"start":{"line":95,"column":1},"end":{"line":95,"column":2}},"loc":{"start":{"line":95,"column":32},"end":{"line":98,"column":2}},"line":95},"2":{"name":"(anonymous_2)","decl":{"start":{"line":101,"column":1},"end":{"line":101,"column":2}},"loc":{"start":{"line":101,"column":38},"end":{"line":101,"column":62}},"line":101},"3":{"name":"(anonymous_3)","decl":{"start":{"line":104,"column":1},"end":{"line":104,"column":2}},"loc":{"start":{"line":104,"column":34},"end":{"line":104,"column":68}},"line":104},"4":{"name":"(anonymous_4)","decl":{"start":{"line":107,"column":1},"end":{"line":107,"column":2}},"loc":{"start":{"line":107,"column":36},"end":{"line":107,"column":75}},"line":107},"5":{"name":"(anonymous_5)","decl":{"start":{"line":110,"column":1},"end":{"line":110,"column":2}},"loc":{"start":{"line":110,"column":37},"end":{"line":110,"column":74}},"line":110},"6":{"name":"(anonymous_6)","decl":{"start":{"line":113,"column":1},"end":{"line":113,"column":2}},"loc":{"start":{"line":113,"column":34},"end":{"line":113,"column":68}},"line":113},"7":{"name":"(anonymous_7)","decl":{"start":{"line":454,"column":1},"end":{"line":454,"column":2}},"loc":{"start":{"line":454,"column":31},"end":{"line":460,"column":2}},"line":454}},"branchMap":{"0":{"loc":{"start":{"line":455,"column":2},"end":{"line":457,"column":3}},"type":"if","locations":[{"start":{"line":455,"column":2},"end":{"line":457,"column":3}},{"start":{},"end":{}}],"line":455}},"s":{"0":2,"1":2,"2":2,"3":2,"4":2,"5":2,"6":2,"7":2,"8":2,"9":2,"10":2,"11":2,"12":2,"13":2,"14":2,"15":2,"16":2,"17":2,"18":2,"19":2,"20":2,"21":2,"22":2,"23":2,"24":2,"25":2,"26":2,"27":2,"28":2,"29":2,"30":2,"31":2,"32":2,"33":2,"34":2,"35":2,"36":2,"37":2,"38":2,"39":2,"40":2,"41":0,"42":5,"43":5,"44":0,"45":0,"46":0,"47":0,"48":0,"49":2,"50":2,"51":2,"52":2,"53":5,"54":2,"55":5},"f":{"0":0,"1":5,"2":0,"3":0,"4":0,"5":0,"6":0,"7":5},"b":{"0":[2,3]},"_coverageSchema":"1a1c01bbd47fc00a2c39e90264f33305004495a9","hash":"ae69710871e6b8c973e9bcdc04f948b141f8c108"}
,"/home/eduardo/Documents/INNOPOLIS/EQSP/Project/FINAL/eo-vscode/server/src/parser/ProgramParser.ts": {"path":"/home/eduardo/Documents/INNOPOLIS/EQSP/Project/FINAL/eo-vscode/server/src/parser/ProgramParser.ts","statementMap":{"0":{"start":{"line":31,"column":34},"end":{"line":31,"column":35}},"1":{"start":{"line":32,"column":31},"end":{"line":32,"column":32}},"2":{"start":{"line":33,"column":31},"end":{"line":33,"column":32}},"3":{"start":{"line":34,"column":31},"end":{"line":34,"column":32}},"4":{"start":{"line":35,"column":31},"end":{"line":35,"column":32}},"5":{"start":{"line":36,"column":31},"end":{"line":36,"column":32}},"6":{"start":{"line":37,"column":32},"end":{"line":37,"column":33}},"7":{"start":{"line":38,"column":32},"end":{"line":38,"column":33}},"8":{"start":{"line":39,"column":32},"end":{"line":39,"column":33}},"9":{"start":{"line":40,"column":31},"end":{"line":40,"column":33}},"10":{"start":{"line":41,"column":32},"end":{"line":41,"column":34}},"11":{"start":{"line":42,"column":33},"end":{"line":42,"column":35}},"12":{"start":{"line":43,"column":32},"end":{"line":43,"column":34}},"13":{"start":{"line":44,"column":29},"end":{"line":44,"column":31}},"14":{"start":{"line":45,"column":31},"end":{"line":45,"column":33}},"15":{"start":{"line":46,"column":32},"end":{"line":46,"column":34}},"16":{"start":{"line":47,"column":35},"end":{"line":47,"column":37}},"17":{"start":{"line":48,"column":32},"end":{"line":48,"column":34}},"18":{"start":{"line":49,"column":30},"end":{"line":49,"column":32}},"19":{"start":{"line":50,"column":30},"end":{"line":50,"column":32}},"20":{"start":{"line":51,"column":30},"end":{"line":51,"column":32}},"21":{"start":{"line":52,"column":29},"end":{"line":52,"column":31}},"22":{"start":{"line":53,"column":29},"end":{"line":53,"column":31}},"23":{"start":{"line":54,"column":29},"end":{"line":54,"column":31}},"24":{"start":{"line":55,"column":30},"end":{"line":55,"column":32}},"25":{"start":{"line":56,"column":31},"end":{"line":56,"column":33}},"26":{"start":{"line":57,"column":30},"end":{"line":57,"column":32}},"27":{"start":{"line":58,"column":32},"end":{"line":58,"column":34}},"28":{"start":{"line":59,"column":31},"end":{"line":59,"column":33}},"29":{"start":{"line":60,"column":33},"end":{"line":60,"column":35}},"30":{"start":{"line":61,"column":30},"end":{"line":61,"column":32}},"31":{"start":{"line":62,"column":32},"end":{"line":62,"column":34}},"32":{"start":{"line":63,"column":30},"end":{"line":63,"column":32}},"33":{"start":{"line":64,"column":31},"end":{"line":64,"column":33}},"34":{"start":{"line":65,"column":31},"end":{"line":65,"column":33}},"35":{"start":{"line":66,"column":30},"end":{"line":66,"column":32}},"36":{"start":{"line":67,"column":32},"end":{"line":67,"column":34}},"37":{"start":{"line":68,"column":39},"end":{"line":68,"column":40}},"38":{"start":{"line":69,"column":39},"end":{"line":69,"column":40}},"39":{"start":{"line":70,"column":37},"end":{"line":70,"column":38}},"40":{"start":{"line":71,"column":39},"end":{"line":71,"column":40}},"41":{"start":{"line":72,"column":38},"end":{"line":72,"column":39}},"42":{"start":{"line":73,"column":43},"end":{"line":73,"column":44}},"43":{"start":{"line":74,"column":42},"end":{"line":74,"column":43}},"44":{"start":{"line":75,"column":41},"end":{"line":75,"column":42}},"45":{"start":{"line":76,"column":37},"end":{"line":76,"column":38}},"46":{"start":{"line":77,"column":36},"end":{"line":77,"column":37}},"47":{"start":{"line":78,"column":38},"end":{"line":78,"column":40}},"48":{"start":{"line":79,"column":38},"end":{"line":79,"column":40}},"49":{"start":{"line":80,"column":37},"end":{"line":80,"column":39}},"50":{"start":{"line":81,"column":43},"end":{"line":81,"column":45}},"51":{"start":{"line":82,"column":37},"end":{"line":82,"column":39}},"52":{"start":{"line":83,"column":36},"end":{"line":83,"column":38}},"53":{"start":{"line":84,"column":35},"end":{"line":84,"column":37}},"54":{"start":{"line":85,"column":36},"end":{"line":85,"column":38}},"55":{"start":{"line":87,"column":46},"end":{"line":91,"column":2}},"56":{"start":{"line":93,"column":69},"end":{"line":97,"column":2}},"57":{"start":{"line":98,"column":70},"end":{"line":104,"column":2}},"58":{"start":{"line":105,"column":49},"end":{"line":105,"column":132}},"59":{"start":{"line":110,"column":2},"end":{"line":110,"column":34}},"60":{"start":{"line":115,"column":40},"end":{"line":115,"column":60}},"61":{"start":{"line":118,"column":36},"end":{"line":118,"column":67}},"62":{"start":{"line":121,"column":38},"end":{"line":121,"column":74}},"63":{"start":{"line":124,"column":2},"end":{"line":124,"column":64}},"64":{"start":{"line":128,"column":2},"end":{"line":128,"column":15}},"65":{"start":{"line":129,"column":2},"end":{"line":129,"column":66}},"66":{"start":{"line":133,"column":34},"end":{"line":133,"column":75}},"67":{"start":{"line":134,"column":2},"end":{"line":134,"column":59}},"68":{"start":{"line":136,"column":2},"end":{"line":176,"column":3}},"69":{"start":{"line":137,"column":3},"end":{"line":137,"column":36}},"70":{"start":{"line":139,"column":3},"end":{"line":139,"column":19}},"71":{"start":{"line":140,"column":3},"end":{"line":140,"column":31}},"72":{"start":{"line":141,"column":3},"end":{"line":148,"column":4}},"73":{"start":{"line":144,"column":4},"end":{"line":144,"column":20}},"74":{"start":{"line":145,"column":4},"end":{"line":145,"column":19}},"75":{"start":{"line":147,"column":4},"end":{"line":147,"column":10}},"76":{"start":{"line":149,"column":3},"end":{"line":149,"column":19}},"77":{"start":{"line":150,"column":3},"end":{"line":150,"column":31}},"78":{"start":{"line":151,"column":3},"end":{"line":151,"column":27}},"79":{"start":{"line":152,"column":3},"end":{"line":157,"column":4}},"80":{"start":{"line":154,"column":4},"end":{"line":154,"column":20}},"81":{"start":{"line":155,"column":4},"end":{"line":155,"column":17}},"82":{"start":{"line":159,"column":3},"end":{"line":159,"column":19}},"83":{"start":{"line":160,"column":3},"end":{"line":160,"column":18}},"84":{"start":{"line":161,"column":3},"end":{"line":161,"column":19}},"85":{"start":{"line":162,"column":3},"end":{"line":162,"column":33}},"86":{"start":{"line":166,"column":3},"end":{"line":172,"column":4}},"87":{"start":{"line":167,"column":4},"end":{"line":167,"column":29}},"88":{"start":{"line":168,"column":4},"end":{"line":168,"column":43}},"89":{"start":{"line":169,"column":4},"end":{"line":169,"column":39}},"90":{"start":{"line":171,"column":4},"end":{"line":171,"column":13}},"91":{"start":{"line":175,"column":3},"end":{"line":175,"column":19}},"92":{"start":{"line":177,"column":2},"end":{"line":177,"column":19}},"93":{"start":{"line":181,"column":34},"end":{"line":181,"column":75}},"94":{"start":{"line":182,"column":2},"end":{"line":182,"column":59}},"95":{"start":{"line":183,"column":2},"end":{"line":222,"column":3}},"96":{"start":{"line":185,"column":3},"end":{"line":185,"column":36}},"97":{"start":{"line":187,"column":3},"end":{"line":187,"column":19}},"98":{"start":{"line":188,"column":3},"end":{"line":188,"column":31}},"99":{"start":{"line":189,"column":3},"end":{"line":189,"column":12}},"100":{"start":{"line":190,"column":3},"end":{"line":208,"column":59}},"101":{"start":{"line":191,"column":4},"end":{"line":204,"column":5}},"102":{"start":{"line":195,"column":5},"end":{"line":195,"column":21}},"103":{"start":{"line":196,"column":5},"end":{"line":196,"column":39}},"104":{"start":{"line":197,"column":5},"end":{"line":197,"column":21}},"105":{"start":{"line":198,"column":5},"end":{"line":198,"column":35}},"106":{"start":{"line":201,"column":5},"end":{"line":201,"column":11}},"107":{"start":{"line":203,"column":5},"end":{"line":203,"column":42}},"108":{"start":{"line":205,"column":4},"end":{"line":205,"column":20}},"109":{"start":{"line":206,"column":4},"end":{"line":206,"column":32}},"110":{"start":{"line":207,"column":4},"end":{"line":207,"column":71}},"111":{"start":{"line":212,"column":3},"end":{"line":218,"column":4}},"112":{"start":{"line":213,"column":4},"end":{"line":213,"column":29}},"113":{"start":{"line":214,"column":4},"end":{"line":214,"column":43}},"114":{"start":{"line":215,"column":4},"end":{"line":215,"column":39}},"115":{"start":{"line":217,"column":4},"end":{"line":217,"column":13}},"116":{"start":{"line":221,"column":3},"end":{"line":221,"column":19}},"117":{"start":{"line":223,"column":2},"end":{"line":223,"column":19}},"118":{"start":{"line":227,"column":32},"end":{"line":227,"column":71}},"119":{"start":{"line":228,"column":2},"end":{"line":228,"column":57}},"120":{"start":{"line":230,"column":2},"end":{"line":262,"column":3}},"121":{"start":{"line":231,"column":3},"end":{"line":231,"column":36}},"122":{"start":{"line":233,"column":3},"end":{"line":233,"column":19}},"123":{"start":{"line":234,"column":3},"end":{"line":234,"column":31}},"124":{"start":{"line":235,"column":3},"end":{"line":235,"column":27}},"125":{"start":{"line":236,"column":3},"end":{"line":248,"column":40}},"126":{"start":{"line":239,"column":4},"end":{"line":239,"column":20}},"127":{"start":{"line":240,"column":4},"end":{"line":240,"column":35}},"128":{"start":{"line":241,"column":4},"end":{"line":241,"column":20}},"129":{"start":{"line":242,"column":4},"end":{"line":242,"column":34}},"130":{"start":{"line":245,"column":4},"end":{"line":245,"column":20}},"131":{"start":{"line":246,"column":4},"end":{"line":246,"column":32}},"132":{"start":{"line":247,"column":4},"end":{"line":247,"column":28}},"133":{"start":{"line":252,"column":3},"end":{"line":258,"column":4}},"134":{"start":{"line":253,"column":4},"end":{"line":253,"column":29}},"135":{"start":{"line":254,"column":4},"end":{"line":254,"column":43}},"136":{"start":{"line":255,"column":4},"end":{"line":255,"column":39}},"137":{"start":{"line":257,"column":4},"end":{"line":257,"column":13}},"138":{"start":{"line":261,"column":3},"end":{"line":261,"column":19}},"139":{"start":{"line":263,"column":2},"end":{"line":263,"column":19}},"140":{"start":{"line":267,"column":34},"end":{"line":267,"column":75}},"141":{"start":{"line":268,"column":2},"end":{"line":268,"column":59}},"142":{"start":{"line":270,"column":2},"end":{"line":321,"column":3}},"143":{"start":{"line":272,"column":3},"end":{"line":272,"column":36}},"144":{"start":{"line":274,"column":3},"end":{"line":274,"column":19}},"145":{"start":{"line":275,"column":3},"end":{"line":275,"column":31}},"146":{"start":{"line":276,"column":3},"end":{"line":276,"column":27}},"147":{"start":{"line":277,"column":3},"end":{"line":307,"column":684}},"148":{"start":{"line":280,"column":4},"end":{"line":280,"column":20}},"149":{"start":{"line":281,"column":4},"end":{"line":281,"column":32}},"150":{"start":{"line":282,"column":4},"end":{"line":282,"column":71}},"151":{"start":{"line":283,"column":4},"end":{"line":297,"column":5}},"152":{"start":{"line":284,"column":5},"end":{"line":293,"column":6}},"153":{"start":{"line":287,"column":6},"end":{"line":287,"column":22}},"154":{"start":{"line":288,"column":6},"end":{"line":288,"column":40}},"155":{"start":{"line":289,"column":6},"end":{"line":289,"column":22}},"156":{"start":{"line":290,"column":6},"end":{"line":290,"column":36}},"157":{"start":{"line":294,"column":5},"end":{"line":294,"column":21}},"158":{"start":{"line":295,"column":5},"end":{"line":295,"column":33}},"159":{"start":{"line":296,"column":5},"end":{"line":296,"column":72}},"160":{"start":{"line":298,"column":4},"end":{"line":298,"column":20}},"161":{"start":{"line":299,"column":4},"end":{"line":299,"column":18}},"162":{"start":{"line":300,"column":4},"end":{"line":300,"column":20}},"163":{"start":{"line":301,"column":4},"end":{"line":301,"column":34}},"164":{"start":{"line":304,"column":4},"end":{"line":304,"column":20}},"165":{"start":{"line":305,"column":4},"end":{"line":305,"column":32}},"166":{"start":{"line":306,"column":4},"end":{"line":306,"column":28}},"167":{"start":{"line":311,"column":3},"end":{"line":317,"column":4}},"168":{"start":{"line":312,"column":4},"end":{"line":312,"column":29}},"169":{"start":{"line":313,"column":4},"end":{"line":313,"column":43}},"170":{"start":{"line":314,"column":4},"end":{"line":314,"column":39}},"171":{"start":{"line":316,"column":4},"end":{"line":316,"column":13}},"172":{"start":{"line":320,"column":3},"end":{"line":320,"column":19}},"173":{"start":{"line":322,"column":2},"end":{"line":322,"column":19}},"174":{"start":{"line":326,"column":33},"end":{"line":326,"column":73}},"175":{"start":{"line":327,"column":2},"end":{"line":327,"column":58}},"176":{"start":{"line":329,"column":2},"end":{"line":421,"column":3}},"177":{"start":{"line":331,"column":3},"end":{"line":331,"column":36}},"178":{"start":{"line":333,"column":3},"end":{"line":333,"column":19}},"179":{"start":{"line":334,"column":3},"end":{"line":334,"column":31}},"180":{"start":{"line":335,"column":3},"end":{"line":349,"column":4}},"181":{"start":{"line":338,"column":4},"end":{"line":338,"column":20}},"182":{"start":{"line":339,"column":4},"end":{"line":339,"column":23}},"183":{"start":{"line":341,"column":4},"end":{"line":341,"column":10}},"184":{"start":{"line":345,"column":4},"end":{"line":345,"column":20}},"185":{"start":{"line":346,"column":4},"end":{"line":346,"column":24}},"186":{"start":{"line":348,"column":4},"end":{"line":348,"column":10}},"187":{"start":{"line":350,"column":3},"end":{"line":350,"column":19}},"188":{"start":{"line":351,"column":3},"end":{"line":351,"column":31}},"189":{"start":{"line":352,"column":3},"end":{"line":359,"column":4}},"190":{"start":{"line":355,"column":4},"end":{"line":355,"column":20}},"191":{"start":{"line":356,"column":4},"end":{"line":356,"column":16}},"192":{"start":{"line":358,"column":4},"end":{"line":358,"column":10}},"193":{"start":{"line":360,"column":3},"end":{"line":360,"column":19}},"194":{"start":{"line":361,"column":3},"end":{"line":361,"column":31}},"195":{"start":{"line":362,"column":3},"end":{"line":362,"column":71}},"196":{"start":{"line":363,"column":3},"end":{"line":407,"column":4}},"197":{"start":{"line":364,"column":4},"end":{"line":403,"column":5}},"198":{"start":{"line":367,"column":5},"end":{"line":367,"column":21}},"199":{"start":{"line":368,"column":5},"end":{"line":368,"column":35}},"200":{"start":{"line":369,"column":5},"end":{"line":369,"column":21}},"201":{"start":{"line":370,"column":5},"end":{"line":370,"column":19}},"202":{"start":{"line":371,"column":5},"end":{"line":371,"column":21}},"203":{"start":{"line":372,"column":5},"end":{"line":372,"column":33}},"204":{"start":{"line":373,"column":5},"end":{"line":380,"column":6}},"205":{"start":{"line":376,"column":6},"end":{"line":376,"column":22}},"206":{"start":{"line":377,"column":6},"end":{"line":377,"column":19}},"207":{"start":{"line":379,"column":6},"end":{"line":379,"column":12}},"208":{"start":{"line":381,"column":5},"end":{"line":381,"column":21}},"209":{"start":{"line":382,"column":5},"end":{"line":382,"column":33}},"210":{"start":{"line":383,"column":5},"end":{"line":383,"column":29}},"211":{"start":{"line":384,"column":5},"end":{"line":389,"column":6}},"212":{"start":{"line":386,"column":6},"end":{"line":386,"column":22}},"213":{"start":{"line":387,"column":6},"end":{"line":387,"column":20}},"214":{"start":{"line":391,"column":5},"end":{"line":391,"column":21}},"215":{"start":{"line":392,"column":5},"end":{"line":392,"column":33}},"216":{"start":{"line":393,"column":5},"end":{"line":400,"column":6}},"217":{"start":{"line":396,"column":6},"end":{"line":396,"column":22}},"218":{"start":{"line":397,"column":6},"end":{"line":397,"column":18}},"219":{"start":{"line":399,"column":6},"end":{"line":399,"column":12}},"220":{"start":{"line":404,"column":4},"end":{"line":404,"column":20}},"221":{"start":{"line":405,"column":4},"end":{"line":405,"column":32}},"222":{"start":{"line":406,"column":4},"end":{"line":406,"column":72}},"223":{"start":{"line":411,"column":3},"end":{"line":417,"column":4}},"224":{"start":{"line":412,"column":4},"end":{"line":412,"column":29}},"225":{"start":{"line":413,"column":4},"end":{"line":413,"column":43}},"226":{"start":{"line":414,"column":4},"end":{"line":414,"column":39}},"227":{"start":{"line":416,"column":4},"end":{"line":416,"column":13}},"228":{"start":{"line":420,"column":3},"end":{"line":420,"column":19}},"229":{"start":{"line":422,"column":2},"end":{"line":422,"column":19}},"230":{"start":{"line":426,"column":38},"end":{"line":426,"column":83}},"231":{"start":{"line":427,"column":2},"end":{"line":427,"column":64}},"232":{"start":{"line":429,"column":2},"end":{"line":506,"column":3}},"233":{"start":{"line":430,"column":3},"end":{"line":430,"column":36}},"234":{"start":{"line":432,"column":3},"end":{"line":432,"column":19}},"235":{"start":{"line":433,"column":3},"end":{"line":433,"column":31}},"236":{"start":{"line":434,"column":3},"end":{"line":434,"column":27}},"237":{"start":{"line":435,"column":3},"end":{"line":447,"column":4}},"238":{"start":{"line":438,"column":4},"end":{"line":438,"column":20}},"239":{"start":{"line":439,"column":4},"end":{"line":439,"column":38}},"240":{"start":{"line":440,"column":4},"end":{"line":440,"column":20}},"241":{"start":{"line":441,"column":4},"end":{"line":441,"column":34}},"242":{"start":{"line":444,"column":4},"end":{"line":444,"column":21}},"243":{"start":{"line":445,"column":4},"end":{"line":445,"column":32}},"244":{"start":{"line":446,"column":4},"end":{"line":446,"column":28}},"245":{"start":{"line":448,"column":3},"end":{"line":448,"column":20}},"246":{"start":{"line":449,"column":3},"end":{"line":449,"column":21}},"247":{"start":{"line":450,"column":3},"end":{"line":450,"column":20}},"248":{"start":{"line":451,"column":3},"end":{"line":451,"column":31}},"249":{"start":{"line":452,"column":3},"end":{"line":492,"column":4}},"250":{"start":{"line":456,"column":4},"end":{"line":456,"column":21}},"251":{"start":{"line":457,"column":4},"end":{"line":457,"column":18}},"252":{"start":{"line":458,"column":4},"end":{"line":458,"column":21}},"253":{"start":{"line":459,"column":4},"end":{"line":459,"column":32}},"254":{"start":{"line":460,"column":4},"end":{"line":481,"column":5}},"255":{"start":{"line":463,"column":5},"end":{"line":463,"column":22}},"256":{"start":{"line":464,"column":5},"end":{"line":464,"column":37}},"257":{"start":{"line":465,"column":5},"end":{"line":465,"column":22}},"258":{"start":{"line":466,"column":5},"end":{"line":466,"column":37}},"259":{"start":{"line":467,"column":5},"end":{"line":467,"column":22}},"260":{"start":{"line":468,"column":5},"end":{"line":468,"column":29}},"261":{"start":{"line":469,"column":5},"end":{"line":478,"column":6}},"262":{"start":{"line":470,"column":5},"end":{"line":470,"column":42}},"263":{"start":{"line":472,"column":6},"end":{"line":474,"column":7}},"264":{"start":{"line":473,"column":7},"end":{"line":473,"column":30}},"265":{"start":{"line":476,"column":6},"end":{"line":476,"column":41}},"266":{"start":{"line":477,"column":6},"end":{"line":477,"column":21}},"267":{"start":{"line":480,"column":5},"end":{"line":480,"column":11}},"268":{"start":{"line":484,"column":4},"end":{"line":484,"column":10}},"269":{"start":{"line":488,"column":4},"end":{"line":488,"column":21}},"270":{"start":{"line":489,"column":4},"end":{"line":489,"column":17}},"271":{"start":{"line":491,"column":4},"end":{"line":491,"column":10}},"272":{"start":{"line":496,"column":3},"end":{"line":502,"column":4}},"273":{"start":{"line":497,"column":4},"end":{"line":497,"column":29}},"274":{"start":{"line":498,"column":4},"end":{"line":498,"column":43}},"275":{"start":{"line":499,"column":4},"end":{"line":499,"column":39}},"276":{"start":{"line":501,"column":4},"end":{"line":501,"column":13}},"277":{"start":{"line":505,"column":3},"end":{"line":505,"column":19}},"278":{"start":{"line":507,"column":2},"end":{"line":507,"column":19}},"279":{"start":{"line":511,"column":37},"end":{"line":511,"column":81}},"280":{"start":{"line":512,"column":2},"end":{"line":512,"column":63}},"281":{"start":{"line":514,"column":2},"end":{"line":560,"column":3}},"282":{"start":{"line":515,"column":3},"end":{"line":515,"column":36}},"283":{"start":{"line":517,"column":3},"end":{"line":517,"column":20}},"284":{"start":{"line":518,"column":3},"end":{"line":518,"column":33}},"285":{"start":{"line":519,"column":3},"end":{"line":519,"column":20}},"286":{"start":{"line":520,"column":3},"end":{"line":520,"column":31}},"287":{"start":{"line":521,"column":3},"end":{"line":521,"column":27}},"288":{"start":{"line":522,"column":3},"end":{"line":543,"column":4}},"289":{"start":{"line":524,"column":4},"end":{"line":524,"column":21}},"290":{"start":{"line":525,"column":4},"end":{"line":525,"column":21}},"291":{"start":{"line":526,"column":4},"end":{"line":526,"column":21}},"292":{"start":{"line":527,"column":4},"end":{"line":527,"column":32}},"293":{"start":{"line":528,"column":4},"end":{"line":528,"column":28}},"294":{"start":{"line":529,"column":4},"end":{"line":541,"column":5}},"295":{"start":{"line":532,"column":5},"end":{"line":532,"column":22}},"296":{"start":{"line":533,"column":5},"end":{"line":533,"column":37}},"297":{"start":{"line":534,"column":5},"end":{"line":534,"column":22}},"298":{"start":{"line":535,"column":5},"end":{"line":535,"column":22}},"299":{"start":{"line":538,"column":5},"end":{"line":538,"column":22}},"300":{"start":{"line":539,"column":5},"end":{"line":539,"column":33}},"301":{"start":{"line":540,"column":5},"end":{"line":540,"column":29}},"302":{"start":{"line":545,"column":3},"end":{"line":545,"column":20}},"303":{"start":{"line":546,"column":3},"end":{"line":546,"column":33}},"304":{"start":{"line":550,"column":3},"end":{"line":556,"column":4}},"305":{"start":{"line":551,"column":4},"end":{"line":551,"column":29}},"306":{"start":{"line":552,"column":4},"end":{"line":552,"column":43}},"307":{"start":{"line":553,"column":4},"end":{"line":553,"column":39}},"308":{"start":{"line":555,"column":4},"end":{"line":555,"column":13}},"309":{"start":{"line":559,"column":3},"end":{"line":559,"column":19}},"310":{"start":{"line":561,"column":2},"end":{"line":561,"column":19}},"311":{"start":{"line":565,"column":36},"end":{"line":565,"column":79}},"312":{"start":{"line":566,"column":2},"end":{"line":566,"column":62}},"313":{"start":{"line":567,"column":2},"end":{"line":585,"column":3}},"314":{"start":{"line":568,"column":3},"end":{"line":568,"column":36}},"315":{"start":{"line":570,"column":3},"end":{"line":570,"column":20}},"316":{"start":{"line":571,"column":3},"end":{"line":571,"column":16}},"317":{"start":{"line":575,"column":3},"end":{"line":581,"column":4}},"318":{"start":{"line":576,"column":4},"end":{"line":576,"column":29}},"319":{"start":{"line":577,"column":4},"end":{"line":577,"column":43}},"320":{"start":{"line":578,"column":4},"end":{"line":578,"column":39}},"321":{"start":{"line":580,"column":4},"end":{"line":580,"column":13}},"322":{"start":{"line":584,"column":3},"end":{"line":584,"column":19}},"323":{"start":{"line":586,"column":2},"end":{"line":586,"column":19}},"324":{"start":{"line":590,"column":32},"end":{"line":590,"column":71}},"325":{"start":{"line":591,"column":2},"end":{"line":591,"column":58}},"326":{"start":{"line":592,"column":2},"end":{"line":635,"column":3}},"327":{"start":{"line":593,"column":3},"end":{"line":593,"column":20}},"328":{"start":{"line":594,"column":3},"end":{"line":594,"column":31}},"329":{"start":{"line":595,"column":3},"end":{"line":622,"column":4}},"330":{"start":{"line":597,"column":4},"end":{"line":597,"column":37}},"331":{"start":{"line":599,"column":4},"end":{"line":599,"column":21}},"332":{"start":{"line":600,"column":4},"end":{"line":600,"column":33}},"333":{"start":{"line":602,"column":4},"end":{"line":602,"column":10}},"334":{"start":{"line":604,"column":4},"end":{"line":604,"column":37}},"335":{"start":{"line":606,"column":4},"end":{"line":606,"column":21}},"336":{"start":{"line":607,"column":4},"end":{"line":607,"column":35}},"337":{"start":{"line":608,"column":4},"end":{"line":608,"column":21}},"338":{"start":{"line":609,"column":4},"end":{"line":609,"column":32}},"339":{"start":{"line":610,"column":4},"end":{"line":617,"column":5}},"340":{"start":{"line":613,"column":5},"end":{"line":613,"column":22}},"341":{"start":{"line":614,"column":5},"end":{"line":614,"column":36}},"342":{"start":{"line":616,"column":5},"end":{"line":616,"column":11}},"343":{"start":{"line":619,"column":4},"end":{"line":619,"column":10}},"344":{"start":{"line":621,"column":4},"end":{"line":621,"column":41}},"345":{"start":{"line":625,"column":3},"end":{"line":631,"column":4}},"346":{"start":{"line":626,"column":4},"end":{"line":626,"column":29}},"347":{"start":{"line":627,"column":4},"end":{"line":627,"column":43}},"348":{"start":{"line":628,"column":4},"end":{"line":628,"column":39}},"349":{"start":{"line":630,"column":4},"end":{"line":630,"column":13}},"350":{"start":{"line":634,"column":3},"end":{"line":634,"column":19}},"351":{"start":{"line":636,"column":2},"end":{"line":636,"column":19}},"352":{"start":{"line":640,"column":31},"end":{"line":640,"column":69}},"353":{"start":{"line":641,"column":2},"end":{"line":641,"column":57}},"354":{"start":{"line":643,"column":2},"end":{"line":681,"column":3}},"355":{"start":{"line":644,"column":3},"end":{"line":644,"column":36}},"356":{"start":{"line":646,"column":3},"end":{"line":646,"column":20}},"357":{"start":{"line":647,"column":3},"end":{"line":647,"column":33}},"358":{"start":{"line":648,"column":3},"end":{"line":648,"column":20}},"359":{"start":{"line":649,"column":3},"end":{"line":649,"column":33}},"360":{"start":{"line":650,"column":3},"end":{"line":650,"column":20}},"361":{"start":{"line":651,"column":3},"end":{"line":651,"column":31}},"362":{"start":{"line":652,"column":3},"end":{"line":652,"column":27}},"363":{"start":{"line":653,"column":3},"end":{"line":665,"column":684}},"364":{"start":{"line":656,"column":4},"end":{"line":656,"column":21}},"365":{"start":{"line":657,"column":4},"end":{"line":657,"column":18}},"366":{"start":{"line":658,"column":4},"end":{"line":658,"column":21}},"367":{"start":{"line":659,"column":4},"end":{"line":659,"column":34}},"368":{"start":{"line":662,"column":4},"end":{"line":662,"column":21}},"369":{"start":{"line":663,"column":4},"end":{"line":663,"column":32}},"370":{"start":{"line":664,"column":4},"end":{"line":664,"column":28}},"371":{"start":{"line":666,"column":3},"end":{"line":666,"column":20}},"372":{"start":{"line":667,"column":3},"end":{"line":667,"column":35}},"373":{"start":{"line":671,"column":3},"end":{"line":677,"column":4}},"374":{"start":{"line":672,"column":4},"end":{"line":672,"column":29}},"375":{"start":{"line":673,"column":4},"end":{"line":673,"column":43}},"376":{"start":{"line":674,"column":4},"end":{"line":674,"column":39}},"377":{"start":{"line":676,"column":4},"end":{"line":676,"column":13}},"378":{"start":{"line":680,"column":3},"end":{"line":680,"column":19}},"379":{"start":{"line":682,"column":2},"end":{"line":682,"column":19}},"380":{"start":{"line":686,"column":33},"end":{"line":686,"column":73}},"381":{"start":{"line":687,"column":2},"end":{"line":687,"column":59}},"382":{"start":{"line":688,"column":2},"end":{"line":722,"column":3}},"383":{"start":{"line":689,"column":3},"end":{"line":689,"column":36}},"384":{"start":{"line":691,"column":3},"end":{"line":691,"column":20}},"385":{"start":{"line":692,"column":3},"end":{"line":692,"column":35}},"386":{"start":{"line":693,"column":3},"end":{"line":693,"column":20}},"387":{"start":{"line":694,"column":3},"end":{"line":694,"column":35}},"388":{"start":{"line":695,"column":3},"end":{"line":695,"column":20}},"389":{"start":{"line":696,"column":3},"end":{"line":696,"column":35}},"390":{"start":{"line":697,"column":3},"end":{"line":697,"column":20}},"391":{"start":{"line":698,"column":3},"end":{"line":698,"column":16}},"392":{"start":{"line":699,"column":3},"end":{"line":699,"column":20}},"393":{"start":{"line":700,"column":3},"end":{"line":700,"column":31}},"394":{"start":{"line":701,"column":3},"end":{"line":708,"column":4}},"395":{"start":{"line":704,"column":4},"end":{"line":704,"column":21}},"396":{"start":{"line":705,"column":4},"end":{"line":705,"column":36}},"397":{"start":{"line":707,"column":4},"end":{"line":707,"column":10}},"398":{"start":{"line":712,"column":3},"end":{"line":718,"column":4}},"399":{"start":{"line":713,"column":4},"end":{"line":713,"column":29}},"400":{"start":{"line":714,"column":4},"end":{"line":714,"column":43}},"401":{"start":{"line":715,"column":4},"end":{"line":715,"column":39}},"402":{"start":{"line":717,"column":4},"end":{"line":717,"column":13}},"403":{"start":{"line":721,"column":3},"end":{"line":721,"column":19}},"404":{"start":{"line":723,"column":2},"end":{"line":723,"column":19}},"405":{"start":{"line":727,"column":33},"end":{"line":727,"column":73}},"406":{"start":{"line":728,"column":2},"end":{"line":728,"column":59}},"407":{"start":{"line":730,"column":2},"end":{"line":771,"column":3}},"408":{"start":{"line":731,"column":3},"end":{"line":731,"column":36}},"409":{"start":{"line":733,"column":3},"end":{"line":733,"column":20}},"410":{"start":{"line":734,"column":3},"end":{"line":734,"column":33}},"411":{"start":{"line":735,"column":3},"end":{"line":735,"column":20}},"412":{"start":{"line":736,"column":3},"end":{"line":736,"column":38}},"413":{"start":{"line":737,"column":3},"end":{"line":737,"column":27}},"414":{"start":{"line":738,"column":3},"end":{"line":747,"column":4}},"415":{"start":{"line":739,"column":4},"end":{"line":739,"column":58}},"416":{"start":{"line":741,"column":4},"end":{"line":743,"column":5}},"417":{"start":{"line":742,"column":5},"end":{"line":742,"column":28}},"418":{"start":{"line":745,"column":4},"end":{"line":745,"column":39}},"419":{"start":{"line":746,"column":4},"end":{"line":746,"column":19}},"420":{"start":{"line":748,"column":3},"end":{"line":748,"column":20}},"421":{"start":{"line":749,"column":3},"end":{"line":749,"column":31}},"422":{"start":{"line":750,"column":3},"end":{"line":757,"column":4}},"423":{"start":{"line":753,"column":4},"end":{"line":753,"column":21}},"424":{"start":{"line":754,"column":4},"end":{"line":754,"column":35}},"425":{"start":{"line":756,"column":4},"end":{"line":756,"column":10}},"426":{"start":{"line":761,"column":3},"end":{"line":767,"column":4}},"427":{"start":{"line":762,"column":4},"end":{"line":762,"column":29}},"428":{"start":{"line":763,"column":4},"end":{"line":763,"column":43}},"429":{"start":{"line":764,"column":4},"end":{"line":764,"column":39}},"430":{"start":{"line":766,"column":4},"end":{"line":766,"column":13}},"431":{"start":{"line":770,"column":3},"end":{"line":770,"column":19}},"432":{"start":{"line":772,"column":2},"end":{"line":772,"column":19}},"433":{"start":{"line":776,"column":32},"end":{"line":776,"column":71}},"434":{"start":{"line":777,"column":2},"end":{"line":777,"column":58}},"435":{"start":{"line":778,"column":2},"end":{"line":800,"column":3}},"436":{"start":{"line":779,"column":3},"end":{"line":779,"column":36}},"437":{"start":{"line":781,"column":3},"end":{"line":781,"column":20}},"438":{"start":{"line":782,"column":3},"end":{"line":782,"column":32}},"439":{"start":{"line":783,"column":3},"end":{"line":783,"column":20}},"440":{"start":{"line":784,"column":3},"end":{"line":784,"column":23}},"441":{"start":{"line":785,"column":3},"end":{"line":785,"column":20}},"442":{"start":{"line":786,"column":3},"end":{"line":786,"column":32}},"443":{"start":{"line":790,"column":3},"end":{"line":796,"column":4}},"444":{"start":{"line":791,"column":4},"end":{"line":791,"column":29}},"445":{"start":{"line":792,"column":4},"end":{"line":792,"column":43}},"446":{"start":{"line":793,"column":4},"end":{"line":793,"column":39}},"447":{"start":{"line":795,"column":4},"end":{"line":795,"column":13}},"448":{"start":{"line":799,"column":3},"end":{"line":799,"column":19}},"449":{"start":{"line":801,"column":2},"end":{"line":801,"column":19}},"450":{"start":{"line":808,"column":2},"end":{"line":810,"column":3}},"451":{"start":{"line":809,"column":3},"end":{"line":809,"column":10}},"452":{"start":{"line":812,"column":38},"end":{"line":812,"column":47}},"453":{"start":{"line":813,"column":29},"end":{"line":813,"column":39}},"454":{"start":{"line":814,"column":38},"end":{"line":814,"column":85}},"455":{"start":{"line":815,"column":37},"end":{"line":815,"column":46}},"456":{"start":{"line":816,"column":28},"end":{"line":816,"column":30}},"457":{"start":{"line":817,"column":2},"end":{"line":817,"column":77}},"458":{"start":{"line":818,"column":2},"end":{"line":979,"column":3}},"459":{"start":{"line":820,"column":3},"end":{"line":820,"column":36}},"460":{"start":{"line":822,"column":3},"end":{"line":822,"column":20}},"461":{"start":{"line":823,"column":3},"end":{"line":823,"column":31}},"462":{"start":{"line":824,"column":3},"end":{"line":876,"column":4}},"463":{"start":{"line":844,"column":4},"end":{"line":844,"column":21}},"464":{"start":{"line":845,"column":4},"end":{"line":845,"column":16}},"465":{"start":{"line":846,"column":4},"end":{"line":846,"column":21}},"466":{"start":{"line":847,"column":4},"end":{"line":847,"column":32}},"467":{"start":{"line":848,"column":4},"end":{"line":855,"column":5}},"468":{"start":{"line":851,"column":5},"end":{"line":851,"column":22}},"469":{"start":{"line":852,"column":5},"end":{"line":852,"column":18}},"470":{"start":{"line":854,"column":5},"end":{"line":854,"column":11}},"471":{"start":{"line":857,"column":4},"end":{"line":857,"column":10}},"472":{"start":{"line":860,"column":4},"end":{"line":860,"column":21}},"473":{"start":{"line":861,"column":4},"end":{"line":861,"column":17}},"474":{"start":{"line":862,"column":4},"end":{"line":862,"column":21}},"475":{"start":{"line":863,"column":4},"end":{"line":863,"column":32}},"476":{"start":{"line":864,"column":4},"end":{"line":871,"column":5}},"477":{"start":{"line":867,"column":5},"end":{"line":867,"column":22}},"478":{"start":{"line":868,"column":5},"end":{"line":868,"column":18}},"479":{"start":{"line":870,"column":5},"end":{"line":870,"column":11}},"480":{"start":{"line":873,"column":4},"end":{"line":873,"column":10}},"481":{"start":{"line":875,"column":4},"end":{"line":875,"column":41}},"482":{"start":{"line":877,"column":3},"end":{"line":877,"column":43}},"483":{"start":{"line":878,"column":3},"end":{"line":878,"column":20}},"484":{"start":{"line":879,"column":3},"end":{"line":879,"column":31}},"485":{"start":{"line":880,"column":3},"end":{"line":880,"column":71}},"486":{"start":{"line":881,"column":3},"end":{"line":965,"column":4}},"487":{"start":{"line":882,"column":4},"end":{"line":961,"column":5}},"488":{"start":{"line":883,"column":5},"end":{"line":885,"column":6}},"489":{"start":{"line":884,"column":6},"end":{"line":884,"column":34}},"490":{"start":{"line":886,"column":5},"end":{"line":886,"column":26}},"491":{"start":{"line":888,"column":5},"end":{"line":888,"column":22}},"492":{"start":{"line":889,"column":5},"end":{"line":889,"column":33}},"493":{"start":{"line":890,"column":5},"end":{"line":959,"column":6}},"494":{"start":{"line":893,"column":6},"end":{"line":893,"column":67}},"495":{"start":{"line":894,"column":6},"end":{"line":894,"column":91}},"496":{"start":{"line":895,"column":6},"end":{"line":895,"column":23}},"497":{"start":{"line":896,"column":6},"end":{"line":898,"column":7}},"498":{"start":{"line":897,"column":7},"end":{"line":897,"column":80}},"499":{"start":{"line":899,"column":6},"end":{"line":899,"column":23}},"500":{"start":{"line":900,"column":6},"end":{"line":900,"column":20}},"501":{"start":{"line":901,"column":6},"end":{"line":901,"column":23}},"502":{"start":{"line":902,"column":6},"end":{"line":902,"column":34}},"503":{"start":{"line":903,"column":6},"end":{"line":910,"column":7}},"504":{"start":{"line":906,"column":7},"end":{"line":906,"column":24}},"505":{"start":{"line":907,"column":7},"end":{"line":907,"column":20}},"506":{"start":{"line":909,"column":7},"end":{"line":909,"column":13}},"507":{"start":{"line":912,"column":6},"end":{"line":912,"column":12}},"508":{"start":{"line":916,"column":6},"end":{"line":916,"column":67}},"509":{"start":{"line":917,"column":6},"end":{"line":917,"column":91}},"510":{"start":{"line":918,"column":6},"end":{"line":918,"column":23}},"511":{"start":{"line":919,"column":6},"end":{"line":921,"column":7}},"512":{"start":{"line":920,"column":7},"end":{"line":920,"column":80}},"513":{"start":{"line":922,"column":6},"end":{"line":922,"column":23}},"514":{"start":{"line":923,"column":6},"end":{"line":923,"column":17}},"515":{"start":{"line":924,"column":6},"end":{"line":924,"column":23}},"516":{"start":{"line":925,"column":6},"end":{"line":925,"column":34}},"517":{"start":{"line":926,"column":6},"end":{"line":933,"column":7}},"518":{"start":{"line":929,"column":7},"end":{"line":929,"column":24}},"519":{"start":{"line":930,"column":7},"end":{"line":930,"column":20}},"520":{"start":{"line":932,"column":7},"end":{"line":932,"column":13}},"521":{"start":{"line":935,"column":6},"end":{"line":935,"column":12}},"522":{"start":{"line":939,"column":6},"end":{"line":939,"column":67}},"523":{"start":{"line":940,"column":6},"end":{"line":940,"column":91}},"524":{"start":{"line":941,"column":6},"end":{"line":941,"column":23}},"525":{"start":{"line":942,"column":6},"end":{"line":944,"column":7}},"526":{"start":{"line":943,"column":7},"end":{"line":943,"column":80}},"527":{"start":{"line":945,"column":6},"end":{"line":945,"column":23}},"528":{"start":{"line":946,"column":6},"end":{"line":946,"column":20}},"529":{"start":{"line":947,"column":6},"end":{"line":947,"column":23}},"530":{"start":{"line":948,"column":6},"end":{"line":948,"column":34}},"531":{"start":{"line":949,"column":6},"end":{"line":956,"column":7}},"532":{"start":{"line":952,"column":7},"end":{"line":952,"column":24}},"533":{"start":{"line":953,"column":7},"end":{"line":953,"column":20}},"534":{"start":{"line":955,"column":7},"end":{"line":955,"column":13}},"535":{"start":{"line":958,"column":6},"end":{"line":958,"column":12}},"536":{"start":{"line":962,"column":4},"end":{"line":962,"column":21}},"537":{"start":{"line":963,"column":4},"end":{"line":963,"column":32}},"538":{"start":{"line":964,"column":4},"end":{"line":964,"column":72}},"539":{"start":{"line":969,"column":3},"end":{"line":975,"column":4}},"540":{"start":{"line":970,"column":4},"end":{"line":970,"column":29}},"541":{"start":{"line":971,"column":4},"end":{"line":971,"column":43}},"542":{"start":{"line":972,"column":4},"end":{"line":972,"column":39}},"543":{"start":{"line":974,"column":4},"end":{"line":974,"column":13}},"544":{"start":{"line":978,"column":3},"end":{"line":978,"column":44}},"545":{"start":{"line":980,"column":2},"end":{"line":980,"column":19}},"546":{"start":{"line":984,"column":32},"end":{"line":984,"column":71}},"547":{"start":{"line":985,"column":2},"end":{"line":985,"column":58}},"548":{"start":{"line":986,"column":2},"end":{"line":1082,"column":3}},"549":{"start":{"line":988,"column":3},"end":{"line":988,"column":36}},"550":{"start":{"line":990,"column":3},"end":{"line":990,"column":20}},"551":{"start":{"line":991,"column":3},"end":{"line":991,"column":31}},"552":{"start":{"line":992,"column":3},"end":{"line":992,"column":12}},"553":{"start":{"line":993,"column":3},"end":{"line":1068,"column":59}},"554":{"start":{"line":994,"column":4},"end":{"line":1064,"column":5}},"555":{"start":{"line":997,"column":5},"end":{"line":997,"column":22}},"556":{"start":{"line":998,"column":5},"end":{"line":998,"column":33}},"557":{"start":{"line":999,"column":5},"end":{"line":1059,"column":6}},"558":{"start":{"line":1002,"column":6},"end":{"line":1002,"column":23}},"559":{"start":{"line":1003,"column":6},"end":{"line":1003,"column":38}},"560":{"start":{"line":1004,"column":6},"end":{"line":1004,"column":23}},"561":{"start":{"line":1005,"column":6},"end":{"line":1005,"column":26}},"562":{"start":{"line":1006,"column":6},"end":{"line":1006,"column":23}},"563":{"start":{"line":1007,"column":6},"end":{"line":1007,"column":20}},"564":{"start":{"line":1009,"column":6},"end":{"line":1009,"column":12}},"565":{"start":{"line":1013,"column":6},"end":{"line":1013,"column":23}},"566":{"start":{"line":1014,"column":6},"end":{"line":1014,"column":38}},"567":{"start":{"line":1015,"column":6},"end":{"line":1015,"column":23}},"568":{"start":{"line":1016,"column":6},"end":{"line":1016,"column":18}},"569":{"start":{"line":1018,"column":6},"end":{"line":1018,"column":12}},"570":{"start":{"line":1022,"column":6},"end":{"line":1022,"column":23}},"571":{"start":{"line":1023,"column":6},"end":{"line":1023,"column":38}},"572":{"start":{"line":1024,"column":6},"end":{"line":1024,"column":23}},"573":{"start":{"line":1025,"column":6},"end":{"line":1025,"column":19}},"574":{"start":{"line":1027,"column":6},"end":{"line":1027,"column":12}},"575":{"start":{"line":1031,"column":6},"end":{"line":1031,"column":23}},"576":{"start":{"line":1032,"column":6},"end":{"line":1032,"column":38}},"577":{"start":{"line":1033,"column":6},"end":{"line":1033,"column":23}},"578":{"start":{"line":1034,"column":6},"end":{"line":1034,"column":26}},"579":{"start":{"line":1035,"column":6},"end":{"line":1035,"column":23}},"580":{"start":{"line":1036,"column":6},"end":{"line":1036,"column":17}},"581":{"start":{"line":1038,"column":6},"end":{"line":1038,"column":12}},"582":{"start":{"line":1042,"column":6},"end":{"line":1042,"column":23}},"583":{"start":{"line":1043,"column":6},"end":{"line":1043,"column":38}},"584":{"start":{"line":1044,"column":6},"end":{"line":1044,"column":23}},"585":{"start":{"line":1045,"column":6},"end":{"line":1045,"column":26}},"586":{"start":{"line":1046,"column":6},"end":{"line":1046,"column":23}},"587":{"start":{"line":1047,"column":6},"end":{"line":1047,"column":20}},"588":{"start":{"line":1049,"column":6},"end":{"line":1049,"column":12}},"589":{"start":{"line":1053,"column":6},"end":{"line":1053,"column":23}},"590":{"start":{"line":1054,"column":6},"end":{"line":1054,"column":38}},"591":{"start":{"line":1055,"column":6},"end":{"line":1055,"column":23}},"592":{"start":{"line":1056,"column":6},"end":{"line":1056,"column":25}},"593":{"start":{"line":1058,"column":6},"end":{"line":1058,"column":12}},"594":{"start":{"line":1061,"column":5},"end":{"line":1061,"column":11}},"595":{"start":{"line":1063,"column":5},"end":{"line":1063,"column":42}},"596":{"start":{"line":1065,"column":4},"end":{"line":1065,"column":21}},"597":{"start":{"line":1066,"column":4},"end":{"line":1066,"column":32}},"598":{"start":{"line":1067,"column":4},"end":{"line":1067,"column":72}},"599":{"start":{"line":1072,"column":3},"end":{"line":1078,"column":4}},"600":{"start":{"line":1073,"column":4},"end":{"line":1073,"column":29}},"601":{"start":{"line":1074,"column":4},"end":{"line":1074,"column":43}},"602":{"start":{"line":1075,"column":4},"end":{"line":1075,"column":39}},"603":{"start":{"line":1077,"column":4},"end":{"line":1077,"column":13}},"604":{"start":{"line":1081,"column":3},"end":{"line":1081,"column":19}},"605":{"start":{"line":1083,"column":2},"end":{"line":1083,"column":19}},"606":{"start":{"line":1087,"column":31},"end":{"line":1087,"column":69}},"607":{"start":{"line":1088,"column":2},"end":{"line":1088,"column":57}},"608":{"start":{"line":1090,"column":2},"end":{"line":1207,"column":3}},"609":{"start":{"line":1091,"column":3},"end":{"line":1091,"column":36}},"610":{"start":{"line":1093,"column":3},"end":{"line":1093,"column":20}},"611":{"start":{"line":1094,"column":3},"end":{"line":1094,"column":31}},"612":{"start":{"line":1095,"column":3},"end":{"line":1095,"column":27}},"613":{"start":{"line":1096,"column":3},"end":{"line":1101,"column":4}},"614":{"start":{"line":1098,"column":4},"end":{"line":1098,"column":21}},"615":{"start":{"line":1099,"column":4},"end":{"line":1099,"column":35}},"616":{"start":{"line":1103,"column":3},"end":{"line":1103,"column":20}},"617":{"start":{"line":1104,"column":3},"end":{"line":1104,"column":31}},"618":{"start":{"line":1105,"column":3},"end":{"line":1193,"column":4}},"619":{"start":{"line":1108,"column":4},"end":{"line":1108,"column":21}},"620":{"start":{"line":1109,"column":4},"end":{"line":1109,"column":35}},"621":{"start":{"line":1111,"column":4},"end":{"line":1111,"column":10}},"622":{"start":{"line":1115,"column":4},"end":{"line":1115,"column":21}},"623":{"start":{"line":1116,"column":4},"end":{"line":1116,"column":35}},"624":{"start":{"line":1118,"column":4},"end":{"line":1118,"column":10}},"625":{"start":{"line":1122,"column":4},"end":{"line":1122,"column":21}},"626":{"start":{"line":1123,"column":4},"end":{"line":1123,"column":28}},"627":{"start":{"line":1124,"column":4},"end":{"line":1133,"column":5}},"628":{"start":{"line":1125,"column":4},"end":{"line":1125,"column":41}},"629":{"start":{"line":1127,"column":5},"end":{"line":1129,"column":6}},"630":{"start":{"line":1128,"column":6},"end":{"line":1128,"column":29}},"631":{"start":{"line":1131,"column":5},"end":{"line":1131,"column":40}},"632":{"start":{"line":1132,"column":5},"end":{"line":1132,"column":20}},"633":{"start":{"line":1134,"column":4},"end":{"line":1134,"column":21}},"634":{"start":{"line":1135,"column":4},"end":{"line":1135,"column":32}},"635":{"start":{"line":1136,"column":4},"end":{"line":1143,"column":5}},"636":{"start":{"line":1139,"column":5},"end":{"line":1139,"column":22}},"637":{"start":{"line":1140,"column":5},"end":{"line":1140,"column":35}},"638":{"start":{"line":1142,"column":5},"end":{"line":1142,"column":11}},"639":{"start":{"line":1145,"column":4},"end":{"line":1145,"column":10}},"640":{"start":{"line":1149,"column":4},"end":{"line":1149,"column":21}},"641":{"start":{"line":1150,"column":4},"end":{"line":1150,"column":35}},"642":{"start":{"line":1152,"column":4},"end":{"line":1152,"column":10}},"643":{"start":{"line":1156,"column":4},"end":{"line":1156,"column":21}},"644":{"start":{"line":1157,"column":4},"end":{"line":1157,"column":35}},"645":{"start":{"line":1158,"column":4},"end":{"line":1158,"column":21}},"646":{"start":{"line":1159,"column":4},"end":{"line":1159,"column":32}},"647":{"start":{"line":1160,"column":4},"end":{"line":1167,"column":5}},"648":{"start":{"line":1163,"column":5},"end":{"line":1163,"column":22}},"649":{"start":{"line":1164,"column":5},"end":{"line":1164,"column":36}},"650":{"start":{"line":1166,"column":5},"end":{"line":1166,"column":11}},"651":{"start":{"line":1169,"column":4},"end":{"line":1169,"column":10}},"652":{"start":{"line":1173,"column":4},"end":{"line":1173,"column":21}},"653":{"start":{"line":1174,"column":4},"end":{"line":1174,"column":35}},"654":{"start":{"line":1175,"column":4},"end":{"line":1175,"column":21}},"655":{"start":{"line":1176,"column":4},"end":{"line":1176,"column":34}},"656":{"start":{"line":1178,"column":4},"end":{"line":1178,"column":10}},"657":{"start":{"line":1182,"column":4},"end":{"line":1182,"column":21}},"658":{"start":{"line":1183,"column":4},"end":{"line":1183,"column":16}},"659":{"start":{"line":1185,"column":4},"end":{"line":1185,"column":10}},"660":{"start":{"line":1189,"column":4},"end":{"line":1189,"column":21}},"661":{"start":{"line":1190,"column":4},"end":{"line":1190,"column":23}},"662":{"start":{"line":1192,"column":4},"end":{"line":1192,"column":10}},"663":{"start":{"line":1197,"column":3},"end":{"line":1203,"column":4}},"664":{"start":{"line":1198,"column":4},"end":{"line":1198,"column":29}},"665":{"start":{"line":1199,"column":4},"end":{"line":1199,"column":43}},"666":{"start":{"line":1200,"column":4},"end":{"line":1200,"column":39}},"667":{"start":{"line":1202,"column":4},"end":{"line":1202,"column":13}},"668":{"start":{"line":1206,"column":3},"end":{"line":1206,"column":19}},"669":{"start":{"line":1208,"column":2},"end":{"line":1208,"column":19}},"670":{"start":{"line":1212,"column":30},"end":{"line":1212,"column":67}},"671":{"start":{"line":1213,"column":2},"end":{"line":1213,"column":56}},"672":{"start":{"line":1215,"column":2},"end":{"line":1245,"column":3}},"673":{"start":{"line":1216,"column":3},"end":{"line":1216,"column":36}},"674":{"start":{"line":1218,"column":3},"end":{"line":1218,"column":20}},"675":{"start":{"line":1219,"column":3},"end":{"line":1219,"column":35}},"676":{"start":{"line":1220,"column":3},"end":{"line":1220,"column":20}},"677":{"start":{"line":1221,"column":3},"end":{"line":1221,"column":27}},"678":{"start":{"line":1222,"column":3},"end":{"line":1231,"column":4}},"679":{"start":{"line":1223,"column":3},"end":{"line":1223,"column":40}},"680":{"start":{"line":1225,"column":4},"end":{"line":1227,"column":5}},"681":{"start":{"line":1226,"column":5},"end":{"line":1226,"column":28}},"682":{"start":{"line":1229,"column":4},"end":{"line":1229,"column":39}},"683":{"start":{"line":1230,"column":4},"end":{"line":1230,"column":19}},"684":{"start":{"line":1235,"column":3},"end":{"line":1241,"column":4}},"685":{"start":{"line":1236,"column":4},"end":{"line":1236,"column":29}},"686":{"start":{"line":1237,"column":4},"end":{"line":1237,"column":43}},"687":{"start":{"line":1238,"column":4},"end":{"line":1238,"column":39}},"688":{"start":{"line":1240,"column":4},"end":{"line":1240,"column":13}},"689":{"start":{"line":1244,"column":3},"end":{"line":1244,"column":19}},"690":{"start":{"line":1246,"column":2},"end":{"line":1246,"column":19}},"691":{"start":{"line":1250,"column":31},"end":{"line":1250,"column":69}},"692":{"start":{"line":1251,"column":2},"end":{"line":1251,"column":57}},"693":{"start":{"line":1253,"column":2},"end":{"line":1281,"column":3}},"694":{"start":{"line":1254,"column":3},"end":{"line":1254,"column":36}},"695":{"start":{"line":1256,"column":3},"end":{"line":1256,"column":20}},"696":{"start":{"line":1257,"column":3},"end":{"line":1257,"column":27}},"697":{"start":{"line":1258,"column":3},"end":{"line":1267,"column":4}},"698":{"start":{"line":1259,"column":3},"end":{"line":1259,"column":40}},"699":{"start":{"line":1261,"column":4},"end":{"line":1263,"column":5}},"700":{"start":{"line":1262,"column":5},"end":{"line":1262,"column":28}},"701":{"start":{"line":1265,"column":4},"end":{"line":1265,"column":39}},"702":{"start":{"line":1266,"column":4},"end":{"line":1266,"column":19}},"703":{"start":{"line":1271,"column":3},"end":{"line":1277,"column":4}},"704":{"start":{"line":1272,"column":4},"end":{"line":1272,"column":29}},"705":{"start":{"line":1273,"column":4},"end":{"line":1273,"column":43}},"706":{"start":{"line":1274,"column":4},"end":{"line":1274,"column":39}},"707":{"start":{"line":1276,"column":4},"end":{"line":1276,"column":13}},"708":{"start":{"line":1280,"column":3},"end":{"line":1280,"column":19}},"709":{"start":{"line":1282,"column":2},"end":{"line":1282,"column":19}},"710":{"start":{"line":1286,"column":2},"end":{"line":1289,"column":3}},"711":{"start":{"line":1288,"column":3},"end":{"line":1288,"column":79}},"712":{"start":{"line":1290,"column":2},"end":{"line":1290,"column":14}},"713":{"start":{"line":1293,"column":2},"end":{"line":1302,"column":3}},"714":{"start":{"line":1295,"column":3},"end":{"line":1295,"column":38}},"715":{"start":{"line":1298,"column":3},"end":{"line":1298,"column":38}},"716":{"start":{"line":1301,"column":3},"end":{"line":1301,"column":38}},"717":{"start":{"line":1303,"column":2},"end":{"line":1303,"column":14}},"718":{"start":{"line":1307,"column":2},"end":{"line":1417,"column":72}},"719":{"start":{"line":1420,"column":2},"end":{"line":1422,"column":3}},"720":{"start":{"line":1421,"column":3},"end":{"line":1421,"column":108}},"721":{"start":{"line":1424,"column":2},"end":{"line":1424,"column":29}},"722":{"start":{"line":1431,"column":2},"end":{"line":1431,"column":48}},"723":{"start":{"line":1433,"column":30},"end":{"line":1433,"column":73}},"724":{"start":{"line":1435,"column":2},"end":{"line":1435,"column":51}},"725":{"start":{"line":1438,"column":2},"end":{"line":1438,"column":49}},"726":{"start":{"line":1441,"column":2},"end":{"line":1441,"column":31}},"727":{"start":{"line":1444,"column":34},"end":{"line":1444,"column":68}},"728":{"start":{"line":1447,"column":2},"end":{"line":1449,"column":3}},"729":{"start":{"line":1448,"column":3},"end":{"line":1448,"column":31}},"730":{"start":{"line":1453,"column":2},"end":{"line":1455,"column":3}},"731":{"start":{"line":1454,"column":3},"end":{"line":1454,"column":30}},"732":{"start":{"line":1459,"column":2},"end":{"line":1463,"column":3}},"733":{"start":{"line":1460,"column":3},"end":{"line":1460,"column":37}},"734":{"start":{"line":1462,"column":3},"end":{"line":1462,"column":38}},"735":{"start":{"line":1472,"column":2},"end":{"line":1476,"column":3}},"736":{"start":{"line":1473,"column":3},"end":{"line":1473,"column":48}},"737":{"start":{"line":1475,"column":3},"end":{"line":1475,"column":50}},"738":{"start":{"line":1481,"column":2},"end":{"line":1485,"column":3}},"739":{"start":{"line":1482,"column":3},"end":{"line":1482,"column":44}},"740":{"start":{"line":1484,"column":3},"end":{"line":1484,"column":46}},"741":{"start":{"line":1488,"column":2},"end":{"line":1488,"column":31}},"742":{"start":{"line":1491,"column":34},"end":{"line":1491,"column":68}},"743":{"start":{"line":1494,"column":2},"end":{"line":1496,"column":3}},"744":{"start":{"line":1495,"column":3},"end":{"line":1495,"column":31}},"745":{"start":{"line":1500,"column":2},"end":{"line":1502,"column":3}},"746":{"start":{"line":1501,"column":3},"end":{"line":1501,"column":30}},"747":{"start":{"line":1506,"column":2},"end":{"line":1510,"column":3}},"748":{"start":{"line":1507,"column":3},"end":{"line":1507,"column":37}},"749":{"start":{"line":1509,"column":3},"end":{"line":1509,"column":38}},"750":{"start":{"line":1519,"column":2},"end":{"line":1523,"column":3}},"751":{"start":{"line":1520,"column":3},"end":{"line":1520,"column":45}},"752":{"start":{"line":1522,"column":3},"end":{"line":1522,"column":47}},"753":{"start":{"line":1528,"column":2},"end":{"line":1532,"column":3}},"754":{"start":{"line":1529,"column":3},"end":{"line":1529,"column":44}},"755":{"start":{"line":1531,"column":3},"end":{"line":1531,"column":46}},"756":{"start":{"line":1535,"column":2},"end":{"line":1535,"column":31}},"757":{"start":{"line":1538,"column":34},"end":{"line":1538,"column":66}},"758":{"start":{"line":1541,"column":2},"end":{"line":1543,"column":3}},"759":{"start":{"line":1542,"column":3},"end":{"line":1542,"column":29}},"760":{"start":{"line":1547,"column":2},"end":{"line":1549,"column":3}},"761":{"start":{"line":1548,"column":3},"end":{"line":1548,"column":28}},"762":{"start":{"line":1553,"column":2},"end":{"line":1557,"column":3}},"763":{"start":{"line":1554,"column":3},"end":{"line":1554,"column":35}},"764":{"start":{"line":1556,"column":3},"end":{"line":1556,"column":38}},"765":{"start":{"line":1566,"column":2},"end":{"line":1570,"column":3}},"766":{"start":{"line":1567,"column":3},"end":{"line":1567,"column":46}},"767":{"start":{"line":1569,"column":3},"end":{"line":1569,"column":48}},"768":{"start":{"line":1575,"column":2},"end":{"line":1579,"column":3}},"769":{"start":{"line":1576,"column":3},"end":{"line":1576,"column":44}},"770":{"start":{"line":1578,"column":3},"end":{"line":1578,"column":46}},"771":{"start":{"line":1584,"column":2},"end":{"line":1588,"column":3}},"772":{"start":{"line":1585,"column":3},"end":{"line":1585,"column":48}},"773":{"start":{"line":1587,"column":3},"end":{"line":1587,"column":50}},"774":{"start":{"line":1591,"column":2},"end":{"line":1591,"column":31}},"775":{"start":{"line":1594,"column":34},"end":{"line":1594,"column":68}},"776":{"start":{"line":1597,"column":2},"end":{"line":1599,"column":3}},"777":{"start":{"line":1598,"column":3},"end":{"line":1598,"column":31}},"778":{"start":{"line":1603,"column":2},"end":{"line":1605,"column":3}},"779":{"start":{"line":1604,"column":3},"end":{"line":1604,"column":30}},"780":{"start":{"line":1609,"column":2},"end":{"line":1613,"column":3}},"781":{"start":{"line":1610,"column":3},"end":{"line":1610,"column":37}},"782":{"start":{"line":1612,"column":3},"end":{"line":1612,"column":38}},"783":{"start":{"line":1620,"column":2},"end":{"line":1620,"column":55}},"784":{"start":{"line":1623,"column":2},"end":{"line":1623,"column":55}},"785":{"start":{"line":1628,"column":2},"end":{"line":1632,"column":3}},"786":{"start":{"line":1629,"column":3},"end":{"line":1629,"column":44}},"787":{"start":{"line":1631,"column":3},"end":{"line":1631,"column":46}},"788":{"start":{"line":1637,"column":2},"end":{"line":1641,"column":3}},"789":{"start":{"line":1638,"column":3},"end":{"line":1638,"column":44}},"790":{"start":{"line":1640,"column":3},"end":{"line":1640,"column":46}},"791":{"start":{"line":1646,"column":2},"end":{"line":1650,"column":3}},"792":{"start":{"line":1647,"column":3},"end":{"line":1647,"column":46}},"793":{"start":{"line":1649,"column":3},"end":{"line":1649,"column":48}},"794":{"start":{"line":1655,"column":2},"end":{"line":1659,"column":3}},"795":{"start":{"line":1656,"column":3},"end":{"line":1656,"column":45}},"796":{"start":{"line":1658,"column":3},"end":{"line":1658,"column":47}},"797":{"start":{"line":1664,"column":2},"end":{"line":1668,"column":3}},"798":{"start":{"line":1665,"column":3},"end":{"line":1665,"column":46}},"799":{"start":{"line":1667,"column":3},"end":{"line":1667,"column":48}},"800":{"start":{"line":1671,"column":2},"end":{"line":1671,"column":31}},"801":{"start":{"line":1674,"column":34},"end":{"line":1674,"column":67}},"802":{"start":{"line":1677,"column":2},"end":{"line":1679,"column":3}},"803":{"start":{"line":1678,"column":3},"end":{"line":1678,"column":30}},"804":{"start":{"line":1683,"column":2},"end":{"line":1685,"column":3}},"805":{"start":{"line":1684,"column":3},"end":{"line":1684,"column":29}},"806":{"start":{"line":1689,"column":2},"end":{"line":1693,"column":3}},"807":{"start":{"line":1690,"column":3},"end":{"line":1690,"column":36}},"808":{"start":{"line":1692,"column":3},"end":{"line":1692,"column":38}},"809":{"start":{"line":1700,"column":2},"end":{"line":1700,"column":51}},"810":{"start":{"line":1705,"column":2},"end":{"line":1709,"column":3}},"811":{"start":{"line":1706,"column":3},"end":{"line":1706,"column":48}},"812":{"start":{"line":1708,"column":3},"end":{"line":1708,"column":50}},"813":{"start":{"line":1714,"column":2},"end":{"line":1718,"column":3}},"814":{"start":{"line":1715,"column":3},"end":{"line":1715,"column":44}},"815":{"start":{"line":1717,"column":3},"end":{"line":1717,"column":46}},"816":{"start":{"line":1721,"column":2},"end":{"line":1721,"column":49}},"817":{"start":{"line":1724,"column":2},"end":{"line":1724,"column":50}},"818":{"start":{"line":1726,"column":44},"end":{"line":1726,"column":92}},"819":{"start":{"line":1727,"column":44},"end":{"line":1727,"column":92}},"820":{"start":{"line":1728,"column":43},"end":{"line":1728,"column":90}},"821":{"start":{"line":1729,"column":47},"end":{"line":1729,"column":98}},"822":{"start":{"line":1731,"column":2},"end":{"line":1731,"column":31}},"823":{"start":{"line":1734,"column":34},"end":{"line":1734,"column":72}},"824":{"start":{"line":1737,"column":2},"end":{"line":1739,"co
[...]
line":1899,"column":2},"end":{"line":1901,"column":3}},{"start":{},"end":{}}],"line":1899},"126":{"loc":{"start":{"line":1905,"column":2},"end":{"line":1907,"column":3}},"type":"if","locations":[{"start":{"line":1905,"column":2},"end":{"line":1907,"column":3}},{"start":{},"end":{}}],"line":1905},"127":{"loc":{"start":{"line":1911,"column":2},"end":{"line":1915,"column":3}},"type":"if","locations":[{"start":{"line":1911,"column":2},"end":{"line":1915,"column":3}},{"start":{"line":1913,"column":9},"end":{"line":1915,"column":3}}],"line":1911},"128":{"loc":{"start":{"line":1924,"column":2},"end":{"line":1928,"column":3}},"type":"if","locations":[{"start":{"line":1924,"column":2},"end":{"line":1928,"column":3}},{"start":{"line":1926,"column":9},"end":{"line":1928,"column":3}}],"line":1924},"129":{"loc":{"start":{"line":1942,"column":2},"end":{"line":1944,"column":3}},"type":"if","locations":[{"start":{"line":1942,"column":2},"end":{"line":1944,"column":3}},{"start":{},"end":{}}],"line":1942},"130":{"loc":{"start":{"line":1948,"column":2},"end":{"line":1950,"column":3}},"type":"if","locations":[{"start":{"line":1948,"column":2},"end":{"line":1950,"column":3}},{"start":{},"end":{}}],"line":1948},"131":{"loc":{"start":{"line":1954,"column":2},"end":{"line":1958,"column":3}},"type":"if","locations":[{"start":{"line":1954,"column":2},"end":{"line":1958,"column":3}},{"start":{"line":1956,"column":9},"end":{"line":1958,"column":3}}],"line":1954},"132":{"loc":{"start":{"line":1979,"column":2},"end":{"line":1981,"column":3}},"type":"if","locations":[{"start":{"line":1979,"column":2},"end":{"line":1981,"column":3}},{"start":{},"end":{}}],"line":1979},"133":{"loc":{"start":{"line":1985,"column":2},"end":{"line":1987,"column":3}},"type":"if","locations":[{"start":{"line":1985,"column":2},"end":{"line":1987,"column":3}},{"start":{},"end":{}}],"line":1985},"134":{"loc":{"start":{"line":1991,"column":2},"end":{"line":1995,"column":3}},"type":"if","locations":[{"start":{"line":1991,"column":2},"end":{"line":1995,"column":3}},{"start":{"line":1993,"column":9},"end":{"line":1995,"column":3}}],"line":1991},"135":{"loc":{"start":{"line":2013,"column":2},"end":{"line":2015,"column":3}},"type":"if","locations":[{"start":{"line":2013,"column":2},"end":{"line":2015,"column":3}},{"start":{},"end":{}}],"line":2013},"136":{"loc":{"start":{"line":2019,"column":2},"end":{"line":2021,"column":3}},"type":"if","locations":[{"start":{"line":2019,"column":2},"end":{"line":2021,"column":3}},{"start":{},"end":{}}],"line":2019},"137":{"loc":{"start":{"line":2025,"column":2},"end":{"line":2029,"column":3}},"type":"if","locations":[{"start":{"line":2025,"column":2},"end":{"line":2029,"column":3}},{"start":{"line":2027,"column":9},"end":{"line":2029,"column":3}}],"line":2025},"138":{"loc":{"start":{"line":2063,"column":2},"end":{"line":2065,"column":3}},"type":"if","locations":[{"start":{"line":2063,"column":2},"end":{"line":2065,"column":3}},{"start":{},"end":{}}],"line":2063},"139":{"loc":{"start":{"line":2069,"column":2},"end":{"line":2071,"column":3}},"type":"if","locations":[{"start":{"line":2069,"column":2},"end":{"line":2071,"column":3}},{"start":{},"end":{}}],"line":2069},"140":{"loc":{"start":{"line":2075,"column":2},"end":{"line":2079,"column":3}},"type":"if","locations":[{"start":{"line":2075,"column":2},"end":{"line":2079,"column":3}},{"start":{"line":2077,"column":9},"end":{"line":2079,"column":3}}],"line":2075},"141":{"loc":{"start":{"line":2088,"column":2},"end":{"line":2092,"column":3}},"type":"if","locations":[{"start":{"line":2088,"column":2},"end":{"line":2092,"column":3}},{"start":{"line":2090,"column":9},"end":{"line":2092,"column":3}}],"line":2088},"142":{"loc":{"start":{"line":2097,"column":2},"end":{"line":2101,"column":3}},"type":"if","locations":[{"start":{"line":2097,"column":2},"end":{"line":2101,"column":3}},{"start":{"line":2099,"column":9},"end":{"line":2101,"column":3}}],"line":2097},"143":{"loc":{"start":{"line":2106,"column":2},"end":{"line":2110,"column":3}},"type":"if","locations":[{"start":{"line":2106,"column":2},"end":{"line":2110,"column":3}},{"start":{"line":2108,"column":9},"end":{"line":2110,"column":3}}],"line":2106},"144":{"loc":{"start":{"line":2115,"column":2},"end":{"line":2119,"column":3}},"type":"if","locations":[{"start":{"line":2115,"column":2},"end":{"line":2119,"column":3}},{"start":{"line":2117,"column":9},"end":{"line":2119,"column":3}}],"line":2115},"145":{"loc":{"start":{"line":2124,"column":2},"end":{"line":2128,"column":3}},"type":"if","locations":[{"start":{"line":2124,"column":2},"end":{"line":2128,"column":3}},{"start":{"line":2126,"column":9},"end":{"line":2128,"column":3}}],"line":2124},"146":{"loc":{"start":{"line":2133,"column":2},"end":{"line":2137,"column":3}},"type":"if","locations":[{"start":{"line":2133,"column":2},"end":{"line":2137,"column":3}},{"start":{"line":2135,"column":9},"end":{"line":2137,"column":3}}],"line":2133},"147":{"loc":{"start":{"line":2142,"column":2},"end":{"line":2146,"column":3}},"type":"if","locations":[{"start":{"line":2142,"column":2},"end":{"line":2146,"column":3}},{"start":{"line":2144,"column":9},"end":{"line":2146,"column":3}}],"line":2142},"148":{"loc":{"start":{"line":2151,"column":2},"end":{"line":2155,"column":3}},"type":"if","locations":[{"start":{"line":2151,"column":2},"end":{"line":2155,"column":3}},{"start":{"line":2153,"column":9},"end":{"line":2155,"column":3}}],"line":2151},"149":{"loc":{"start":{"line":2164,"column":2},"end":{"line":2166,"column":3}},"type":"if","locations":[{"start":{"line":2164,"column":2},"end":{"line":2166,"column":3}},{"start":{},"end":{}}],"line":2164},"150":{"loc":{"start":{"line":2170,"column":2},"end":{"line":2172,"column":3}},"type":"if","locations":[{"start":{"line":2170,"column":2},"end":{"line":2172,"column":3}},{"start":{},"end":{}}],"line":2170},"151":{"loc":{"start":{"line":2176,"column":2},"end":{"line":2180,"column":3}},"type":"if","locations":[{"start":{"line":2176,"column":2},"end":{"line":2180,"column":3}},{"start":{"line":2178,"column":9},"end":{"line":2180,"column":3}}],"line":2176},"152":{"loc":{"start":{"line":2210,"column":2},"end":{"line":2212,"column":3}},"type":"if","locations":[{"start":{"line":2210,"column":2},"end":{"line":2212,"column":3}},{"start":{},"end":{}}],"line":2210},"153":{"loc":{"start":{"line":2216,"column":2},"end":{"line":2218,"column":3}},"type":"if","locations":[{"start":{"line":2216,"column":2},"end":{"line":2218,"column":3}},{"start":{},"end":{}}],"line":2216},"154":{"loc":{"start":{"line":2222,"column":2},"end":{"line":2226,"column":3}},"type":"if","locations":[{"start":{"line":2222,"column":2},"end":{"line":2226,"column":3}},{"start":{"line":2224,"column":9},"end":{"line":2226,"column":3}}],"line":2222},"155":{"loc":{"start":{"line":2242,"column":2},"end":{"line":2244,"column":3}},"type":"if","locations":[{"start":{"line":2242,"column":2},"end":{"line":2244,"column":3}},{"start":{},"end":{}}],"line":2242},"156":{"loc":{"start":{"line":2248,"column":2},"end":{"line":2250,"column":3}},"type":"if","locations":[{"start":{"line":2248,"column":2},"end":{"line":2250,"column":3}},{"start":{},"end":{}}],"line":2248},"157":{"loc":{"start":{"line":2254,"column":2},"end":{"line":2258,"column":3}},"type":"if","locations":[{"start":{"line":2254,"column":2},"end":{"line":2258,"column":3}},{"start":{"line":2256,"column":9},"end":{"line":2258,"column":3}}],"line":2254},"158":{"loc":{"start":{"line":2278,"column":2},"end":{"line":2280,"column":3}},"type":"if","locations":[{"start":{"line":2278,"column":2},"end":{"line":2280,"column":3}},{"start":{},"end":{}}],"line":2278},"159":{"loc":{"start":{"line":2284,"column":2},"end":{"line":2286,"column":3}},"type":"if","locations":[{"start":{"line":2284,"column":2},"end":{"line":2286,"column":3}},{"start":{},"end":{}}],"line":2284},"160":{"loc":{"start":{"line":2290,"column":2},"end":{"line":2294,"column":3}},"type":"if","locations":[{"start":{"line":2290,"column":2},"end":{"line":2294,"column":3}},{"start":{"line":2292,"column":9},"end":{"line":2294,"column":3}}],"line":2290}},"s":{"0":2,"1":2,"2":2,"3":2,"4":2,"5":2,"6":2,"7":2,"8":2,"9":2,"10":2,"11":2,"12":2,"13":2,"14":2,"15":2,"16":2,"17":2,"18":2,"19":2,"20":2,"21":2,"22":2,"23":2,"24":2,"25":2,"26":2,"27":2,"28":2,"29":2,"30":2,"31":2,"32":2,"33":2,"34":2,"35":2,"36":2,"37":2,"38":2,"39":2,"40":2,"41":2,"42":2,"43":2,"44":2,"45":2,"46":2,"47":2,"48":2,"49":2,"50":2,"51":2,"52":2,"53":2,"54":2,"55":2,"56":2,"57":2,"58":2,"59":5,"60":0,"61":0,"62":0,"63":0,"64":5,"65":5,"66":3,"67":3,"68":3,"69":3,"70":3,"71":3,"72":3,"73":0,"74":0,"75":0,"76":3,"77":3,"78":3,"79":3,"80":2,"81":2,"82":3,"83":3,"84":3,"85":3,"86":0,"87":0,"88":0,"89":0,"90":0,"91":3,"92":3,"93":0,"94":0,"95":0,"96":0,"97":0,"98":0,"99":0,"100":0,"101":0,"102":0,"103":0,"104":0,"105":0,"106":0,"107":0,"108":0,"109":0,"110":0,"111":0,"112":0,"113":0,"114":0,"115":0,"116":0,"117":0,"118":2,"119":2,"120":2,"121":2,"122":2,"123":2,"124":2,"125":2,"126":6,"127":6,"128":6,"129":6,"130":6,"131":6,"132":6,"133":0,"134":0,"135":0,"136":0,"137":0,"138":2,"139":2,"140":3,"141":3,"142":3,"143":3,"144":3,"145":3,"146":3,"147":3,"148":22,"149":22,"150":22,"151":22,"152":2,"153":2,"154":2,"155":2,"156":2,"157":2,"158":2,"159":2,"160":22,"161":22,"162":22,"163":22,"164":21,"165":21,"166":21,"167":1,"168":1,"169":1,"170":1,"171":0,"172":3,"173":3,"174":22,"175":22,"176":22,"177":22,"178":22,"179":22,"180":22,"181":4,"182":4,"183":4,"184":18,"185":18,"186":18,"187":22,"188":22,"189":22,"190":0,"191":0,"192":0,"193":22,"194":22,"195":22,"196":22,"197":0,"198":0,"199":0,"200":0,"201":0,"202":0,"203":0,"204":0,"205":0,"206":0,"207":0,"208":0,"209":0,"210":0,"211":0,"212":0,"213":0,"214":0,"215":0,"216":0,"217":0,"218":0,"219":0,"220":0,"221":0,"222":0,"223":0,"224":0,"225":0,"226":0,"227":0,"228":22,"229":22,"230":4,"231":4,"232":4,"233":4,"234":4,"235":4,"236":4,"237":4,"238":0,"239":0,"240":0,"241":0,"242":0,"243":0,"244":0,"245":4,"246":4,"247":4,"248":4,"249":4,"250":4,"251":4,"252":4,"253":4,"254":4,"255":0,"256":0,"257":0,"258":0,"259":0,"260":0,"261":0,"262":0,"263":0,"264":0,"265":0,"266":0,"267":0,"268":4,"269":0,"270":0,"271":0,"272":0,"273":0,"274":0,"275":0,"276":0,"277":4,"278":4,"279":4,"280":4,"281":4,"282":4,"283":4,"284":4,"285":4,"286":4,"287":4,"288":4,"289":4,"290":4,"291":4,"292":4,"293":4,"294":4,"295":0,"296":0,"297":0,"298":0,"299":0,"300":0,"301":0,"302":4,"303":4,"304":0,"305":0,"306":0,"307":0,"308":0,"309":4,"310":4,"311":4,"312":4,"313":4,"314":4,"315":4,"316":4,"317":0,"318":0,"319":0,"320":0,"321":0,"322":4,"323":4,"324":14,"325":14,"326":14,"327":14,"328":14,"329":14,"330":4,"331":4,"332":4,"333":4,"334":10,"335":10,"336":10,"337":10,"338":10,"339":10,"340":3,"341":3,"342":3,"343":10,"344":0,"345":0,"346":0,"347":0,"348":0,"349":0,"350":14,"351":14,"352":0,"353":0,"354":0,"355":0,"356":0,"357":0,"358":0,"359":0,"360":0,"361":0,"362":0,"363":0,"364":0,"365":0,"366":0,"367":0,"368":0,"369":0,"370":0,"371":0,"372":0,"373":0,"374":0,"375":0,"376":0,"377":0,"378":0,"379":0,"380":10,"381":10,"382":10,"383":10,"384":10,"385":10,"386":10,"387":10,"388":10,"389":10,"390":10,"391":10,"392":10,"393":10,"394":10,"395":1,"396":1,"397":1,"398":0,"399":0,"400":0,"401":0,"402":0,"403":10,"404":10,"405":6,"406":6,"407":6,"408":6,"409":6,"410":6,"411":6,"412":6,"413":6,"414":6,"415":0,"416":6,"417":0,"418":6,"419":6,"420":6,"421":6,"422":6,"423":0,"424":0,"425":0,"426":0,"427":0,"428":0,"429":0,"430":0,"431":6,"432":6,"433":8,"434":8,"435":8,"436":8,"437":8,"438":8,"439":8,"440":8,"441":8,"442":8,"443":0,"444":0,"445":0,"446":0,"447":0,"448":8,"449":8,"450":26,"451":0,"452":26,"453":26,"454":26,"455":26,"456":26,"457":26,"458":26,"459":26,"460":26,"461":26,"462":26,"463":24,"464":24,"465":24,"466":24,"467":24,"468":11,"469":11,"470":11,"471":24,"472":2,"473":2,"474":2,"475":2,"476":2,"477":0,"478":0,"479":0,"480":2,"481":0,"482":26,"483":26,"484":26,"485":26,"486":26,"487":13,"488":13,"489":13,"490":13,"491":13,"492":13,"493":13,"494":6,"495":6,"496":6,"497":6,"498":0,"499":6,"500":6,"501":6,"502":6,"503":6,"504":3,"505":3,"506":3,"507":6,"508":1,"509":1,"510":1,"511":1,"512":0,"513":1,"514":1,"515":1,"516":1,"517":1,"518":0,"519":0,"520":0,"521":1,"522":6,"523":6,"524":6,"525":6,"526":0,"527":6,"528":6,"529":6,"530":6,"531":6,"532":0,"533":0,"534":0,"535":6,"536":13,"537":13,"538":13,"539":0,"540":0,"541":0,"542":0,"543":0,"544":26,"545":26,"546":14,"547":14,"548":14,"549":14,"550":14,"551":14,"552":14,"553":14,"554":23,"555":23,"556":23,"557":23,"558":0,"559":0,"560":0,"561":0,"562":0,"563":0,"564":0,"565":17,"566":17,"567":17,"568":17,"569":17,"570":6,"571":6,"572":6,"573":6,"574":6,"575":0,"576":0,"577":0,"578":0,"579":0,"580":0,"581":0,"582":0,"583":0,"584":0,"585":0,"586":0,"587":0,"588":0,"589":0,"590":0,"591":0,"592":0,"593":0,"594":23,"595":0,"596":23,"597":23,"598":23,"599":0,"600":0,"601":0,"602":0,"603":0,"604":14,"605":14,"606":41,"607":41,"608":41,"609":41,"610":41,"611":41,"612":41,"613":41,"614":0,"615":0,"616":41,"617":41,"618":41,"619":0,"620":0,"621":0,"622":1,"623":1,"624":1,"625":0,"626":0,"627":0,"628":0,"629":0,"630":0,"631":0,"632":0,"633":0,"634":0,"635":0,"636":0,"637":0,"638":0,"639":0,"640":0,"641":0,"642":0,"643":15,"644":15,"645":15,"646":15,"647":15,"648":0,"649":0,"650":0,"651":15,"652":10,"653":10,"654":10,"655":10,"656":10,"657":15,"658":15,"659":15,"660":0,"661":0,"662":0,"663":0,"664":0,"665":0,"666":0,"667":0,"668":41,"669":41,"670":1,"671":1,"672":1,"673":1,"674":1,"675":1,"676":1,"677":1,"678":1,"679":0,"680":1,"681":0,"682":1,"683":1,"684":0,"685":0,"686":0,"687":0,"688":0,"689":1,"690":1,"691":15,"692":15,"693":15,"694":15,"695":15,"696":15,"697":15,"698":0,"699":15,"700":0,"701":15,"702":15,"703":0,"704":0,"705":0,"706":0,"707":0,"708":15,"709":15,"710":0,"711":0,"712":0,"713":0,"714":0,"715":0,"716":0,"717":0,"718":2,"719":5,"720":2,"721":5,"722":0,"723":0,"724":0,"725":0,"726":3,"727":0,"728":0,"729":0,"730":0,"731":0,"732":0,"733":0,"734":0,"735":0,"736":0,"737":0,"738":0,"739":0,"740":0,"741":0,"742":0,"743":0,"744":0,"745":0,"746":0,"747":0,"748":0,"749":0,"750":0,"751":0,"752":0,"753":0,"754":0,"755":0,"756":2,"757":0,"758":0,"759":0,"760":0,"761":0,"762":0,"763":0,"764":0,"765":0,"766":0,"767":0,"768":0,"769":0,"770":0,"771":0,"772":0,"773":0,"774":3,"775":0,"776":0,"777":0,"778":0,"779":0,"780":0,"781":0,"782":0,"783":0,"784":0,"785":0,"786":0,"787":0,"788":0,"789":0,"790":0,"791":0,"792":0,"793":0,"794":0,"795":0,"796":0,"797":0,"798":0,"799":0,"800":22,"801":0,"802":0,"803":0,"804":0,"805":0,"806":0,"807":0,"808":0,"809":0,"810":0,"811":0,"812":0,"813":0,"814":0,"815":0,"816":0,"817":0,"818":0,"819":0,"820":0,"821":0,"822":4,"823":0,"824":0,"825":0,"826":0,"827":0,"828":0,"829":0,"830":0,"831":0,"832":0,"833":0,"834":0,"835":0,"836":0,"837":0,"838":0,"839":4,"840":0,"841":0,"842":0,"843":0,"844":0,"845":0,"846":0,"847":0,"848":0,"849":4,"850":0,"851":0,"852":0,"853":0,"854":0,"855":0,"856":0,"857":0,"858":0,"859":0,"860":0,"861":14,"862":0,"863":0,"864":0,"865":0,"866":0,"867":0,"868":0,"869":0,"870":0,"871":0,"872":0,"873":0,"874":0,"875":0,"876":0,"877":0,"878":0,"879":0,"880":0,"881":0,"882":0,"883":0,"884":0,"885":0,"886":0,"887":0,"888":0,"889":0,"890":0,"891":0,"892":0,"893":10,"894":0,"895":0,"896":0,"897":0,"898":0,"899":0,"900":0,"901":0,"902":0,"903":0,"904":0,"905":0,"906":0,"907":0,"908":0,"909":6,"910":0,"911":0,"912":0,"913":0,"914":0,"915":0,"916":0,"917":0,"918":0,"919":0,"920":0,"921":8,"922":0,"923":0,"924":0,"925":0,"926":0,"927":0,"928":0,"929":0,"930":0,"931":0,"932":0,"933":0,"934":0,"935":0,"936":0,"937":39,"938":0,"939":0,"940":0,"941":0,"942":0,"943":0,"944":0,"945":0,"946":0,"947":0,"948":0,"949":0,"950":0,"951":0,"952":0,"953":0,"954":0,"955":0,"956":0,"957":0,"958":0,"959":0,"960":0,"961":0,"962":0,"963":0,"964":0,"965":0,"966":0,"967":0,"968":0,"969":0,"970":14,"971":0,"972":0,"973":0,"974":0,"975":0,"976":0,"977":0,"978":0,"979":0,"980":0,"981":0,"982":0,"983":0,"984":0,"985":0,"986":0,"987":0,"988":0,"989":0,"990":0,"991":0,"992":41,"993":0,"994":0,"995":0,"996":0,"997":0,"998":0,"999":0,"1000":0,"1001":0,"1002":0,"1003":0,"1004":1,"1005":0,"1006":0,"1007":0,"1008":0,"1009":0,"1010":0,"1011":0,"1012":0,"1013":0,"1014":0,"1015":0,"1016":0,"1017":0,"1018":0,"1019":0,"1020":15,"1021":0,"1022":0,"1023":0,"1024":0,"1025":0,"1026":0,"1027":0,"1028":0},"f":{"0":5,"1":0,"2":0,"3":0,"4":0,"5":5,"6":3,"7":0,"8":2,"9":3,"10":22,"11":4,"12":4,"13":4,"14":14,"15":0,"16":10,"17":6,"18":8,"19":26,"20":14,"21":41,"22":1,"23":15,"24":0,"25":0,"26":5,"27":0,"28":0,"29":0,"30":0,"31":3,"32":0,"33":0,"34":0,"35":0,"36":0,"37":0,"38":0,"39":0,"40":0,"41":0,"42":0,"43":0,"44":0,"45":2,"46":0,"47":0,"48":0,"49":0,"50":0,"51":0,"52":0,"53":3,"54":0,"55":0,"56":0,"57":0,"58":0,"59":0,"60":0,"61":0,"62":0,"63":0,"64":0,"65":22,"66":0,"67":0,"68":0,"69":0,"70":0,"71":0,"72":0,"73":0,"74":0,"75":0,"76":0,"77":0,"78":0,"79":4,"80":0,"81":0,"82":0,"83":0,"84":0,"85":0,"86":0,"87":0,"88":4,"89":0,"90":0,"91":0,"92":0,"93":0,"94":4,"95":0,"96":0,"97":0,"98":0,"99":0,"100":0,"101":0,"102":14,"103":0,"104":0,"105":0,"106":0,"107":0,"108":0,"109":0,"110":0,"111":0,"112":0,"113":0,"114":0,"115":0,"116":0,"117":0,"118":0,"119":0,"120":10,"121":0,"122":0,"123":0,"124":0,"125":0,"126":0,"127":0,"128":0,"129":0,"130":0,"131":0,"132":6,"133":0,"134":0,"135":0,"136":0,"137":0,"138":0,"139":0,"140":8,"141":0,"142":0,"143":0,"144":0,"145":0,"146":0,"147":0,"148":0,"149":0,"150":0,"151":0,"152":39,"153":0,"154":0,"155":0,"156":0,"157":0,"158":0,"159":0,"160":0,"161":0,"162":0,"163":0,"164":0,"165":14,"166":0,"167":0,"168":0,"169":0,"170":0,"171":0,"172":0,"173":0,"174":0,"175":0,"176":0,"177":0,"178":0,"179":0,"180":0,"181":0,"182":0,"183":41,"184":0,"185":0,"186":0,"187":0,"188":0,"189":0,"190":0,"191":1,"192":0,"193":0,"194":0,"195":0,"196":0,"197":0,"198":0,"199":0,"200":0,"201":0,"202":0,"203":15,"204":0,"205":0,"206":0,"207":0},"b":{"0":[0],"1":[2,1],"2":[0,0],"3":[0,0],"4":[0,0],"5":[0,0],"6":[0,0],"7":[21,7,14,12],"8":[24,2],"9":[2,0],"10":[1,0],"11":[4,18],"12":[0],"13":[22,0],"14":[0,0],"15":[0],"16":[0,0],"17":[0],"18":[0,0],"19":[4,0],"20":[0],"21":[0,0],"22":[0,0],"23":[0,0],"24":[0,0],"25":[4,0],"26":[4,4],"27":[0,0],"28":[0,0],"29":[4,10,0],"30":[3],"31":[0,0],"32":[0,0,0,0],"33":[0,0],"34":[1],"35":[0,0],"36":[0,6],"37":[6,6],"38":[0,6],"39":[0],"40":[0,0],"41":[0,0],"42":[0,26],"43":[0,0,1,1,1,1,1,1,1,1,1,1,4,4,4,4,24,24,2,0],"44":[11],"45":[0],"46":[39,13],"47":[13,0],"48":[13,0],"49":[6,1,6],"50":[0,6],"51":[3],"52":[0,1],"53":[0],"54":[0,6],"55":[0],"56":[0,0],"57":[23,9],"58":[23,0],"59":[0,17,6,0,0,0],"60":[0,0],"61":[0,41],"62":[0,1,0,0,15,10,15,0],"63":[0,0],"64":[0,0],"65":[0,0],"66":[0],"67":[0],"68":[0,0],"69":[0,1],"70":[1,1],"71":[0,1],"72":[0,0],"73":[0,15],"74":[15,15],"75":[0,15],"76":[0,0],"77":[0],"78":[0,0,0],"79":[2,3],"80":[0,0],"81":[0,0],"82":[0,0],"83":[0,0],"84":[0,0],"85":[0,0],"86":[0,0],"87":[0,0],"88":[0,0],"89":[0,0],"90":[0,0],"91":[0,0],"92":[0,0],"93":[0,0],"94":[0,0],"95":[0,0],"96":[0,0],"97":[0,0],"98":[0,0],"99":[0,0],"100":[0,0],"101":[0,0],"102":[0,0],"103":[0,0],"104":[0,0],"105":[0,0],"106":[0,0],"107":[0,0],"108":[0,0],"109":[0,0],"110":[0,0],"111":[0,0],"112":[0,0],"113":[0,0],"114":[0,0],"115":[0,0],"116":[0,0],"117":[0,0],"118":[0,0],"119":[0,0],"120":[0,0],"121":[0,0],"122":[0,0],"123":[0,0],"124":[0,0],"125":[0,0],"126":[0,0],"127":[0,0],"128":[0,0],"129":[0,0],"130":[0,0],"131":[0,0],"132":[0,0],"133":[0,0],"134":[0,0],"135":[0,0],"136":[0,0],"137":[0,0],"138":[0,0],"139":[0,0],"140":[0,0],"141":[0,0],"142":[0,0],"143":[0,0],"144":[0,0],"145":[0,0],"146":[0,0],"147":[0,0],"148":[0,0],"149":[0,0],"150":[0,0],"151":[0,0],"152":[0,0],"153":[0,0],"154":[0,0],"155":[0,0],"156":[0,0],"157":[0,0],"158":[0,0],"159":[0,0],"160":[0,0]},"_coverageSchema":"1a1c01bbd47fc00a2c39e90264f33305004495a9","hash":"45a4213d08b818bf422911436aab2efddc978536"}
}
