TN:
SF:server/src/errorListener.ts
FN:21,(anonymous_0)
FNF:1
FNH:1
FNDA:3,(anonymous_0)
DA:19,3
DA:23,3
LF:2
LH:2
BRF:0
BRH:0
end_of_record
TN:
SF:server/src/parser.ts
FN:29,buildTokenSetAndMap
FN:38,(anonymous_1)
FN:60,antlrTypeNumToString
FN:69,getTokenTypes
FN:79,tokenize
FN:91,getParserErrors
FNF:6
FNH:6
FNDA:27,buildTokenSetAndMap
FNDA:120,(anonymous_1)
FNDA:23,antlrTypeNumToString
FNDA:4,getTokenTypes
FNDA:2,tokenize
FNDA:3,getParserErrors
DA:30,27
DA:31,2
DA:32,2
DA:33,2
DA:35,2
DA:36,2
DA:38,2
DA:39,120
DA:40,72
DA:42,72
DA:43,70
DA:44,70
DA:49,0
DA:61,23
DA:62,23
DA:70,4
DA:71,4
DA:80,2
DA:82,2
DA:83,2
DA:92,3
DA:93,3
DA:95,3
DA:96,3
DA:97,3
LF:25
LH:24
BRDA:30,0,0,2
BRDA:30,0,1,25
BRDA:30,1,0,27
BRDA:30,1,1,25
BRDA:39,2,0,72
BRDA:39,2,1,48
BRDA:42,3,0,70
BRDA:42,3,1,2
BRF:8
BRH:8
end_of_record
TN:
SF:server/src/parserError.ts
FN:18,(anonymous_0)
FNF:1
FNH:1
FNDA:3,(anonymous_0)
DA:19,3
DA:20,3
DA:21,3
LF:3
LH:3
BRF:0
BRH:0
end_of_record
TN:
SF:server/src/processor.ts
FN:40,(anonymous_0)
FNF:1
FNH:1
FNDA:5,(anonymous_0)
DA:41,5
DA:42,5
DA:43,5
DA:44,5
LF:4
LH:4
BRF:0
BRH:0
end_of_record
TN:
SF:server/src/semantics.ts
FN:53,(anonymous_0)
FN:64,(anonymous_1)
FN:118,(anonymous_2)
FN:123,(anonymous_3)
FN:143,(anonymous_4)
FN:147,(anonymous_5)
FN:168,(anonymous_6)
FN:187,(anonymous_7)
FN:188,(anonymous_8)
FN:205,(anonymous_9)
FN:220,(anonymous_10)
FNF:11
FNH:6
FNDA:2,(anonymous_0)
FNDA:2,(anonymous_1)
FNDA:3,(anonymous_2)
FNDA:105,(anonymous_3)
FNDA:1,(anonymous_4)
FNDA:22,(anonymous_5)
FNDA:0,(anonymous_6)
FNDA:0,(anonymous_7)
FNDA:0,(anonymous_8)
FNDA:0,(anonymous_9)
FNDA:0,(anonymous_10)
DA:40,2
DA:46,2
DA:54,2
DA:55,2
DA:82,2
DA:83,2
DA:84,2
DA:85,2
DA:86,2
DA:87,2
DA:88,2
DA:89,2
DA:90,2
DA:91,2
DA:92,2
DA:93,2
DA:94,2
DA:95,2
DA:96,2
DA:97,2
DA:98,2
DA:99,2
DA:100,2
DA:101,2
DA:102,2
DA:103,2
DA:104,2
DA:105,2
DA:106,2
DA:107,2
DA:108,2
DA:109,2
DA:119,3
DA:121,3
DA:123,3
DA:124,105
DA:126,105
DA:127,84
DA:131,3
DA:144,1
DA:145,1
DA:147,1
DA:148,22
DA:149,22
DA:151,22
DA:159,1
DA:169,0
DA:171,0
DA:172,0
DA:173,0
DA:176,0
DA:188,0
DA:189,0
DA:206,0
DA:208,0
DA:209,0
DA:221,0
DA:223,0
DA:224,0
DA:225,0
LF:60
LH:46
BRDA:124,0,0,105
BRDA:124,0,1,21
BRDA:126,1,0,84
BRDA:126,1,1,21
BRDA:149,2,0,10
BRDA:149,2,1,12
BRDA:171,3,0,0
BRDA:171,3,1,0
BRF:8
BRH:6
end_of_record
TN:
SF:server/src/parser/ProgramLexer.ts
FN:89,(anonymous_0)
FN:95,(anonymous_1)
FN:101,(anonymous_2)
FN:104,(anonymous_3)
FN:107,(anonymous_4)
FN:110,(anonymous_5)
FN:113,(anonymous_6)
FN:454,(anonymous_7)
FNF:8
FNH:2
FNDA:0,(anonymous_0)
FNDA:5,(anonymous_1)
FNDA:0,(anonymous_2)
FNDA:0,(anonymous_3)
FNDA:0,(anonymous_4)
FNDA:0,(anonymous_5)
FNDA:0,(anonymous_6)
FNDA:5,(anonymous_7)
DA:19,2
DA:20,2
DA:21,2
DA:22,2
DA:23,2
DA:24,2
DA:25,2
DA:26,2
DA:27,2
DA:28,2
DA:29,2
DA:30,2
DA:31,2
DA:32,2
DA:33,2
DA:34,2
DA:35,2
DA:36,2
DA:37,2
DA:38,2
DA:39,2
DA:40,2
DA:41,2
DA:42,2
DA:43,2
DA:44,2
DA:45,2
DA:46,2
DA:47,2
DA:48,2
DA:49,2
DA:50,2
DA:51,2
DA:52,2
DA:53,2
DA:56,2
DA:61,2
DA:65,2
DA:74,2
DA:79,2
DA:85,2
DA:90,0
DA:96,5
DA:97,5
DA:101,0
DA:104,0
DA:107,0
DA:110,0
DA:113,0
DA:115,2
DA:117,2
DA:413,2
DA:446,2
DA:455,5
DA:456,2
DA:459,5
LF:56
LH:50
BRDA:455,0,0,2
BRDA:455,0,1,3
BRF:2
BRH:2
end_of_record
TN:
SF:server/src/parser/ProgramParser.ts
FN:109,(anonymous_0)
FN:115,(anonymous_1)
FN:118,(anonymous_2)
FN:121,(anonymous_3)
FN:123,(anonymous_4)
FN:127,(anonymous_5)
FN:132,(anonymous_6)
FN:180,(anonymous_7)
FN:226,(anonymous_8)
FN:266,(anonymous_9)
FN:325,(anonymous_10)
FN:425,(anonymous_11)
FN:510,(anonymous_12)
FN:564,(anonymous_13)
FN:589,(anonymous_14)
FN:639,(anonymous_15)
FN:685,(anonymous_16)
FN:726,(anonymous_17)
FN:775,(anonymous_18)
FN:807,(anonymous_19)
FN:983,(anonymous_20)
FN:1086,(anonymous_21)
FN:1211,(anonymous_22)
FN:1249,(anonymous_23)
FN:1285,(anonymous_24)
FN:1292,(anonymous_25)
FN:1419,(anonymous_26)
FN:1430,(anonymous_27)
FN:1433,(anonymous_28)
FN:1434,(anonymous_29)
FN:1437,(anonymous_30)
FN:1440,(anonymous_31)
FN:1444,(anonymous_32)
FN:1446,(anonymous_33)
FN:1452,(anonymous_34)
FN:1458,(anonymous_35)
FN:1471,(anonymous_36)
FN:1480,(anonymous_37)
FN:1487,(anonymous_38)
FN:1491,(anonymous_39)
FN:1493,(anonymous_40)
FN:1499,(anonymous_41)
FN:1505,(anonymous_42)
FN:1518,(anonymous_43)
FN:1527,(anonymous_44)
FN:1534,(anonymous_45)
FN:1538,(anonymous_46)
FN:1540,(anonymous_47)
FN:1546,(anonymous_48)
FN:1552,(anonymous_49)
FN:1565,(anonymous_50)
FN:1574,(anonymous_51)
FN:1583,(anonymous_52)
FN:1590,(anonymous_53)
FN:1594,(anonymous_54)
FN:1596,(anonymous_55)
FN:1602,(anonymous_56)
FN:1608,(anonymous_57)
FN:1619,(anonymous_58)
FN:1622,(anonymous_59)
FN:1627,(anonymous_60)
FN:1636,(anonymous_61)
FN:1645,(anonymous_62)
FN:1654,(anonymous_63)
FN:1663,(anonymous_64)
FN:1670,(anonymous_65)
FN:1674,(anonymous_66)
FN:1676,(anonymous_67)
FN:1682,(anonymous_68)
FN:1688,(anonymous_69)
FN:1699,(anonymous_70)
FN:1704,(anonymous_71)
FN:1713,(anonymous_72)
FN:1720,(anonymous_73)
FN:1723,(anonymous_74)
FN:1726,(anonymous_75)
FN:1727,(anonymous_76)
FN:1728,(anonymous_77)
FN:1729,(anonymous_78)
FN:1730,(anonymous_79)
FN:1734,(anonymous_80)
FN:1736,(anonymous_81)
FN:1742,(anonymous_82)
FN:1748,(anonymous_83)
FN:1759,(anonymous_84)
FN:1760,(anonymous_85)
FN:1763,(anonymous_86)
FN:1772,(anonymous_87)
FN:1779,(anonymous_88)
FN:1783,(anonymous_89)
FN:1785,(anonymous_90)
FN:1791,(anonymous_91)
FN:1797,(anonymous_92)
FN:1808,(anonymous_93)
FN:1811,(anonymous_94)
FN:1815,(anonymous_95)
FN:1817,(anonymous_96)
FN:1823,(anonymous_97)
FN:1829,(anonymous_98)
FN:1840,(anonymous_99)
FN:1841,(anonymous_100)
FN:1842,(anonymous_101)
FN:1843,(anonymous_102)
FN:1847,(anonymous_103)
FN:1849,(anonymous_104)
FN:1855,(anonymous_105)
FN:1861,(anonymous_106)
FN:1874,(anonymous_107)
FN:1881,(anonymous_108)
FN:1882,(anonymous_109)
FN:1885,(anonymous_110)
FN:1892,(anonymous_111)
FN:1896,(anonymous_112)
FN:1898,(anonymous_113)
FN:1904,(anonymous_114)
FN:1910,(anonymous_115)
FN:1923,(anonymous_116)
FN:1930,(anonymous_117)
FN:1931,(anonymous_118)
FN:1934,(anonymous_119)
FN:1935,(anonymous_120)
FN:1939,(anonymous_121)
FN:1941,(anonymous_122)
FN:1947,(anonymous_123)
FN:1953,(anonymous_124)
FN:1965,(anonymous_125)
FN:1966,(anonymous_126)
FN:1967,(anonymous_127)
FN:1968,(anonymous_128)
FN:1969,(anonymous_129)
FN:1970,(anonymous_130)
FN:1971,(anonymous_131)
FN:1972,(anonymous_132)
FN:1976,(anonymous_133)
FN:1978,(anonymous_134)
FN:1984,(anonymous_135)
FN:1990,(anonymous_136)
FN:2001,(anonymous_137)
FN:2002,(anonymous_138)
FN:2005,(anonymous_139)
FN:2006,(anonymous_140)
FN:2010,(anonymous_141)
FN:2012,(anonymous_142)
FN:2018,(anonymous_143)
FN:2024,(anonymous_144)
FN:2035,(anonymous_145)
FN:2038,(anonymous_146)
FN:2041,(anonymous_147)
FN:2044,(anonymous_148)
FN:2047,(anonymous_149)
FN:2050,(anonymous_150)
FN:2053,(anonymous_151)
FN:2056,(anonymous_152)
FN:2060,(anonymous_153)
FN:2062,(anonymous_154)
FN:2068,(anonymous_155)
FN:2074,(anonymous_156)
FN:2087,(anonymous_157)
FN:2096,(anonymous_158)
FN:2105,(anonymous_159)
FN:2114,(anonymous_160)
FN:2123,(anonymous_161)
FN:2132,(anonymous_162)
FN:2141,(anonymous_163)
FN:2150,(anonymous_164)
FN:2157,(anonymous_165)
FN:2161,(anonymous_166)
FN:2163,(anonymous_167)
FN:2169,(anonymous_168)
FN:2175,(anonymous_169)
FN:2186,(anonymous_170)
FN:2187,(anonymous_171)
FN:2188,(anonymous_172)
FN:2189,(anonymous_173)
FN:2190,(anonymous_174)
FN:2191,(anonymous_175)
FN:2194,(anonymous_176)
FN:2197,(anonymous_177)
FN:2198,(anonymous_178)
FN:2199,(anonymous_179)
FN:2200,(anonymous_180)
FN:2201,(anonymous_181)
FN:2202,(anonymous_182)
FN:2203,(anonymous_183)
FN:2207,(anonymous_184)
FN:2209,(anonymous_185)
FN:2215,(anonymous_186)
FN:2221,(anonymous_187)
FN:2232,(anonymous_188)
FN:2233,(anonymous_189)
FN:2234,(anonymous_190)
FN:2235,(anonymous_191)
FN:2239,(anonymous_192)
FN:2241,(anonymous_193)
FN:2247,(anonymous_194)
FN:2253,(anonymous_195)
FN:2264,(anonymous_196)
FN:2265,(anonymous_197)
FN:2266,(anonymous_198)
FN:2267,(anonymous_199)
FN:2268,(anonymous_200)
FN:2269,(anonymous_201)
FN:2270,(anonymous_202)
FN:2271,(anonymous_203)
FN:2275,(anonymous_204)
FN:2277,(anonymous_205)
FN:2283,(anonymous_206)
FN:2289,(anonymous_207)
FNF:208
FNH:35
FNDA:5,(anonymous_0)
FNDA:0,(anonymous_1)
FNDA:0,(anonymous_2)
FNDA:0,(anonymous_3)
FNDA:0,(anonymous_4)
FNDA:5,(anonymous_5)
FNDA:3,(anonymous_6)
FNDA:0,(anonymous_7)
FNDA:2,(anonymous_8)
FNDA:3,(anonymous_9)
FNDA:22,(anonymous_10)
FNDA:4,(anonymous_11)
FNDA:4,(anonymous_12)
FNDA:4,(anonymous_13)
FNDA:14,(anonymous_14)
FNDA:0,(anonymous_15)
FNDA:10,(anonymous_16)
FNDA:6,(anonymous_17)
FNDA:8,(anonymous_18)
FNDA:26,(anonymous_19)
FNDA:14,(anonymous_20)
FNDA:41,(anonymous_21)
FNDA:1,(anonymous_22)
FNDA:15,(anonymous_23)
FNDA:0,(anonymous_24)
FNDA:0,(anonymous_25)
FNDA:5,(anonymous_26)
FNDA:0,(anonymous_27)
FNDA:0,(anonymous_28)
FNDA:0,(anonymous_29)
FNDA:0,(anonymous_30)
FNDA:3,(anonymous_31)
FNDA:0,(anonymous_32)
FNDA:0,(anonymous_33)
FNDA:0,(anonymous_34)
FNDA:0,(anonymous_35)
FNDA:0,(anonymous_36)
FNDA:0,(anonymous_37)
FNDA:0,(anonymous_38)
FNDA:0,(anonymous_39)
FNDA:0,(anonymous_40)
FNDA:0,(anonymous_41)
FNDA:0,(anonymous_42)
FNDA:0,(anonymous_43)
FNDA:0,(anonymous_44)
FNDA:2,(anonymous_45)
FNDA:0,(anonymous_46)
FNDA:0,(anonymous_47)
FNDA:0,(anonymous_48)
FNDA:0,(anonymous_49)
FNDA:0,(anonymous_50)
FNDA:0,(anonymous_51)
FNDA:0,(anonymous_52)
FNDA:3,(anonymous_53)
FNDA:0,(anonymous_54)
FNDA:0,(anonymous_55)
FNDA:0,(anonymous_56)
FNDA:0,(anonymous_57)
FNDA:0,(anonymous_58)
FNDA:0,(anonymous_59)
FNDA:0,(anonymous_60)
FNDA:0,(anonymous_61)
FNDA:0,(anonymous_62)
FNDA:0,(anonymous_63)
FNDA:0,(anonymous_64)
FNDA:22,(anonymous_65)
FNDA:0,(anonymous_66)
FNDA:0,(anonymous_67)
FNDA:0,(anonymous_68)
FNDA:0,(anonymous_69)
FNDA:0,(anonymous_70)
FNDA:0,(anonymous_71)
FNDA:0,(anonymous_72)
FNDA:0,(anonymous_73)
FNDA:0,(anonymous_74)
FNDA:0,(anonymous_75)
FNDA:0,(anonymous_76)
FNDA:0,(anonymous_77)
FNDA:0,(anonymous_78)
FNDA:4,(anonymous_79)
FNDA:0,(anonymous_80)
FNDA:0,(anonymous_81)
FNDA:0,(anonymous_82)
FNDA:0,(anonymous_83)
FNDA:0,(anonymous_84)
FNDA:0,(anonymous_85)
FNDA:0,(anonymous_86)
FNDA:0,(anonymous_87)
FNDA:4,(anonymous_88)
FNDA:0,(anonymous_89)
FNDA:0,(anonymous_90)
FNDA:0,(anonymous_91)
FNDA:0,(anonymous_92)
FNDA:0,(anonymous_93)
FNDA:4,(anonymous_94)
FNDA:0,(anonymous_95)
FNDA:0,(anonymous_96)
FNDA:0,(anonymous_97)
FNDA:0,(anonymous_98)
FNDA:0,(anonymous_99)
FNDA:0,(anonymous_100)
FNDA:0,(anonymous_101)
FNDA:14,(anonymous_102)
FNDA:0,(anonymous_103)
FNDA:0,(anonymous_104)
FNDA:0,(anonymous_105)
FNDA:0,(anonymous_106)
FNDA:0,(anonymous_107)
FNDA:0,(anonymous_108)
FNDA:0,(anonymous_109)
FNDA:0,(anonymous_110)
FNDA:0,(anonymous_111)
FNDA:0,(anonymous_112)
FNDA:0,(anonymous_113)
FNDA:0,(anonymous_114)
FNDA:0,(anonymous_115)
FNDA:0,(anonymous_116)
FNDA:0,(anonymous_117)
FNDA:0,(anonymous_118)
FNDA:0,(anonymous_119)
FNDA:10,(anonymous_120)
FNDA:0,(anonymous_121)
FNDA:0,(anonymous_122)
FNDA:0,(anonymous_123)
FNDA:0,(anonymous_124)
FNDA:0,(anonymous_125)
FNDA:0,(anonymous_126)
FNDA:0,(anonymous_127)
FNDA:0,(anonymous_128)
FNDA:0,(anonymous_129)
FNDA:0,(anonymous_130)
FNDA:0,(anonymous_131)
FNDA:6,(anonymous_132)
FNDA:0,(anonymous_133)
FNDA:0,(anonymous_134)
FNDA:0,(anonymous_135)
FNDA:0,(anonymous_136)
FNDA:0,(anonymous_137)
FNDA:0,(anonymous_138)
FNDA:0,(anonymous_139)
FNDA:8,(anonymous_140)
FNDA:0,(anonymous_141)
FNDA:0,(anonymous_142)
FNDA:0,(anonymous_143)
FNDA:0,(anonymous_144)
FNDA:0,(anonymous_145)
FNDA:0,(anonymous_146)
FNDA:0,(anonymous_147)
FNDA:0,(anonymous_148)
FNDA:0,(anonymous_149)
FNDA:0,(anonymous_150)
FNDA:0,(anonymous_151)
FNDA:39,(anonymous_152)
FNDA:0,(anonymous_153)
FNDA:0,(anonymous_154)
FNDA:0,(anonymous_155)
FNDA:0,(anonymous_156)
FNDA:0,(anonymous_157)
FNDA:0,(anonymous_158)
FNDA:0,(anonymous_159)
FNDA:0,(anonymous_160)
FNDA:0,(anonymous_161)
FNDA:0,(anonymous_162)
FNDA:0,(anonymous_163)
FNDA:0,(anonymous_164)
FNDA:14,(anonymous_165)
FNDA:0,(anonymous_166)
FNDA:0,(anonymous_167)
FNDA:0,(anonymous_168)
FNDA:0,(anonymous_169)
FNDA:0,(anonymous_170)
FNDA:0,(anonymous_171)
FNDA:0,(anonymous_172)
FNDA:0,(anonymous_173)
FNDA:0,(anonymous_174)
FNDA:0,(anonymous_175)
FNDA:0,(anonymous_176)
FNDA:0,(anonymous_177)
FNDA:0,(anonymous_178)
FNDA:0,(anonymous_179)
FNDA:0,(anonymous_180)
FNDA:0,(anonymous_181)
FNDA:0,(anonymous_182)
FNDA:41,(anonymous_183)
FNDA:0,(anonymous_184)
FNDA:0,(anonymous_185)
FNDA:0,(anonymous_186)
FNDA:0,(anonymous_187)
FNDA:0,(anonymous_188)
FNDA:0,(anonymous_189)
FNDA:0,(anonymous_190)
FNDA:1,(anonymous_191)
FNDA:0,(anonymous_192)
FNDA:0,(anonymous_193)
FNDA:0,(anonymous_194)
FNDA:0,(anonymous_195)
FNDA:0,(anonymous_196)
FNDA:0,(anonymous_197)
FNDA:0,(anonymous_198)
FNDA:0,(anonymous_199)
FNDA:0,(anonymous_200)
FNDA:0,(anonymous_201)
FNDA:0,(anonymous_202)
FNDA:15,(anonymous_203)
FNDA:0,(anonymous_204)
FNDA:0,(anonymous_205)
FNDA:0,(anonymous_206)
FNDA:0,(anonymous_207)
DA:31,2
DA:32,2
DA:33,2
DA:34,2
DA:35,2
DA:36,2
DA:37,2
DA:38,2
DA:39,2
DA:40,2
DA:41,2
DA:42,2
DA:43,2
DA:44,2
DA:45,2
DA:46,2
DA:47,2
DA:48,2
DA:49,2
DA:50,2
DA:51,2
DA:52,2
DA:53,2
DA:54,2
DA:55,2
DA:56,2
DA:57,2
DA:58,2
DA:59,2
DA:60,2
DA:61,2
DA:62,2
DA:63,2
DA:64,2
DA:65,2
DA:66,2
DA:67,2
DA:68,2
DA:69,2
DA:70,2
DA:71,2
DA:72,2
DA:73,2
DA:74,2
DA:75,2
DA:76,2
DA:77,2
DA:78,2
DA:79,2
DA:80,2
DA:81,2
DA:82,2
DA:83,2
DA:84,2
DA:85,2
DA:87,2
DA:93,2
DA:98,2
DA:105,2
DA:110,5
DA:115,0
DA:118,0
DA:121,0
DA:124,0
DA:128,5
DA:129,5
DA:133,3
DA:134,3
DA:136,3
DA:137,3
DA:139,3
DA:140,3
DA:141,3
DA:144,0
DA:145,0
DA:147,0
DA:149,3
DA:150,3
DA:151,3
DA:152,3
DA:154,2
DA:155,2
DA:159,3
DA:160,3
DA:161,3
DA:162,3
DA:166,0
DA:167,0
DA:168,0
DA:169,0
DA:171,0
DA:175,3
DA:177,3
DA:181,0
DA:182,0
DA:183,0
DA:185,0
DA:187,0
DA:188,0
DA:189,0
DA:190,0
DA:191,0
DA:195,0
DA:196,0
DA:197,0
DA:198,0
DA:201,0
DA:203,0
DA:205,0
DA:206,0
DA:207,0
DA:212,0
DA:213,0
DA:214,0
DA:215,0
DA:217,0
DA:221,0
DA:223,0
DA:227,2
DA:228,2
DA:230,2
DA:231,2
DA:233,2
DA:234,2
DA:235,2
DA:236,2
DA:239,6
DA:240,6
DA:241,6
DA:242,6
DA:245,6
DA:246,6
DA:247,6
DA:252,0
DA:253,0
DA:254,0
DA:255,0
DA:257,0
DA:261,2
DA:263,2
DA:267,3
DA:268,3
DA:270,3
DA:272,3
DA:274,3
DA:275,3
DA:276,3
DA:277,3
DA:280,22
DA:281,22
DA:282,22
DA:283,22
DA:284,2
DA:287,2
DA:288,2
DA:289,2
DA:290,2
DA:294,2
DA:295,2
DA:296,2
DA:298,22
DA:299,22
DA:300,22
DA:301,22
DA:304,21
DA:305,21
DA:306,21
DA:311,1
DA:312,1
DA:313,1
DA:314,1
DA:316,0
DA:320,3
DA:322,3
DA:326,22
DA:327,22
DA:329,22
DA:331,22
DA:333,22
DA:334,22
DA:335,22
DA:338,4
DA:339,4
DA:341,4
DA:345,18
DA:346,18
DA:348,18
DA:350,22
DA:351,22
DA:352,22
DA:355,0
DA:356,0
DA:358,0
DA:360,22
DA:361,22
DA:362,22
DA:363,22
DA:364,0
DA:367,0
DA:368,0
DA:369,0
DA:370,0
DA:371,0
DA:372,0
DA:373,0
DA:376,0
DA:377,0
DA:379,0
DA:381,0
DA:382,0
DA:383,0
DA:384,0
DA:386,0
DA:387,0
DA:391,0
DA:392,0
DA:393,0
DA:396,0
DA:397,0
DA:399,0
DA:404,0
DA:405,0
DA:406,0
DA:411,0
DA:412,0
DA:413,0
DA:414,0
DA:416,0
DA:420,22
DA:422,22
DA:426,4
DA:427,4
DA:429,4
DA:430,4
DA:432,4
DA:433,4
DA:434,4
DA:435,4
DA:438,0
DA:439,0
DA:440,0
DA:441,0
DA:444,0
DA:445,0
DA:446,0
DA:448,4
DA:449,4
DA:450,4
DA:451,4
DA:452,4
DA:456,4
DA:457,4
DA:458,4
DA:459,4
DA:460,4
DA:463,0
DA:464,0
DA:465,0
DA:466,0
DA:467,0
DA:468,0
DA:469,0
DA:470,0
DA:472,0
DA:473,0
DA:476,0
DA:477,0
DA:480,0
DA:484,4
DA:488,0
DA:489,0
DA:491,0
DA:496,0
DA:497,0
DA:498,0
DA:499,0
DA:501,0
DA:505,4
DA:507,4
DA:511,4
DA:512,4
DA:514,4
DA:515,4
DA:517,4
DA:518,4
DA:519,4
DA:520,4
DA:521,4
DA:522,4
DA:524,4
DA:525,4
DA:526,4
DA:527,4
DA:528,4
DA:529,4
DA:532,0
DA:533,0
DA:534,0
DA:535,0
DA:538,0
DA:539,0
DA:540,0
DA:545,4
DA:546,4
DA:550,0
DA:551,0
DA:552,0
DA:553,0
DA:555,0
DA:559,4
DA:561,4
DA:565,4
DA:566,4
DA:567,4
DA:568,4
DA:570,4
DA:571,4
DA:575,0
DA:576,0
DA:577,0
DA:578,0
DA:580,0
DA:584,4
DA:586,4
DA:590,14
DA:591,14
DA:592,14
DA:593,14
DA:594,14
DA:595,14
DA:597,4
DA:599,4
DA:600,4
DA:602,4
DA:604,10
DA:606,10
DA:607,10
DA:608,10
DA:609,10
DA:610,10
DA:613,3
DA:614,3
DA:616,3
DA:619,10
DA:621,0
DA:625,0
DA:626,0
DA:627,0
DA:628,0
DA:630,0
DA:634,14
DA:636,14
DA:640,0
DA:641,0
DA:643,0
DA:644,0
DA:646,0
DA:647,0
DA:648,0
DA:649,0
DA:650,0
DA:651,0
DA:652,0
DA:653,0
DA:656,0
DA:657,0
DA:658,0
DA:659,0
DA:662,0
DA:663,0
DA:664,0
DA:666,0
DA:667,0
DA:671,0
DA:672,0
DA:673,0
DA:674,0
DA:676,0
DA:680,0
DA:682,0
DA:686,10
DA:687,10
DA:688,10
DA:689,10
DA:691,10
DA:692,10
DA:693,10
DA:694,10
DA:695,10
DA:696,10
DA:697,10
DA:698,10
DA:699,10
DA:700,10
DA:701,10
DA:704,1
DA:705,1
DA:707,1
DA:712,0
DA:713,0
DA:714,0
DA:715,0
DA:717,0
DA:721,10
DA:723,10
DA:727,6
DA:728,6
DA:730,6
DA:731,6
DA:733,6
DA:734,6
DA:735,6
DA:736,6
DA:737,6
DA:738,6
DA:739,0
DA:741,6
DA:742,0
DA:745,6
DA:746,6
DA:748,6
DA:749,6
DA:750,6
DA:753,0
DA:754,0
DA:756,0
DA:761,0
DA:762,0
DA:763,0
DA:764,0
DA:766,0
DA:770,6
DA:772,6
DA:776,8
DA:777,8
DA:778,8
DA:779,8
DA:781,8
DA:782,8
DA:783,8
DA:784,8
DA:785,8
DA:786,8
DA:790,0
DA:791,0
DA:792,0
DA:793,0
DA:795,0
DA:799,8
DA:801,8
DA:808,26
DA:809,0
DA:812,26
DA:813,26
DA:814,26
DA:815,26
DA:816,26
DA:817,26
DA:818,26
DA:820,26
DA:822,26
DA:823,26
DA:824,26
DA:844,24
DA:845,24
DA:846,24
DA:847,24
DA:848,24
DA:851,11
DA:852,11
DA:854,11
DA:857,24
DA:860,2
DA:861,2
DA:862,2
DA:863,2
DA:864,2
DA:867,0
DA:868,0
DA:870,0
DA:873,2
DA:875,0
DA:877,26
DA:878,26
DA:879,26
DA:880,26
DA:881,26
DA:882,13
DA:883,13
DA:884,13
DA:886,13
DA:888,13
DA:889,13
DA:890,13
DA:893,6
DA:894,6
DA:895,6
DA:896,6
DA:897,0
DA:899,6
DA:900,6
DA:901,6
DA:902,6
DA:903,6
DA:906,3
DA:907,3
DA:909,3
DA:912,6
DA:916,1
DA:917,1
DA:918,1
DA:919,1
DA:920,0
DA:922,1
DA:923,1
DA:924,1
DA:925,1
DA:926,1
DA:929,0
DA:930,0
DA:932,0
DA:935,1
DA:939,6
DA:940,6
DA:941,6
DA:942,6
DA:943,0
DA:945,6
DA:946,6
DA:947,6
DA:948,6
DA:949,6
DA:952,0
DA:953,0
DA:955,0
DA:958,6
DA:962,13
DA:963,13
DA:964,13
DA:969,0
DA:970,0
DA:971,0
DA:972,0
DA:974,0
DA:978,26
DA:980,26
DA:984,14
DA:985,14
DA:986,14
DA:988,14
DA:990,14
DA:991,14
DA:992,14
DA:993,14
DA:994,23
DA:997,23
DA:998,23
DA:999,23
DA:1002,0
DA:1003,0
DA:1004,0
DA:1005,0
DA:1006,0
DA:1007,0
DA:1009,0
DA:1013,17
DA:1014,17
DA:1015,17
DA:1016,17
DA:1018,17
DA:1022,6
DA:1023,6
DA:1024,6
DA:1025,6
DA:1027,6
DA:1031,0
DA:1032,0
DA:1033,0
DA:1034,0
DA:1035,0
DA:1036,0
DA:1038,0
DA:1042,0
DA:1043,0
DA:1044,0
DA:1045,0
DA:1046,0
DA:1047,0
DA:1049,0
DA:1053,0
DA:1054,0
DA:1055,0
DA:1056,0
DA:1058,0
DA:1061,23
DA:1063,0
DA:1065,23
DA:1066,23
DA:1067,23
DA:1072,0
DA:1073,0
DA:1074,0
DA:1075,0
DA:1077,0
DA:1081,14
DA:1083,14
DA:1087,41
DA:1088,41
DA:1090,41
DA:1091,41
DA:1093,41
DA:1094,41
DA:1095,41
DA:1096,41
DA:1098,0
DA:1099,0
DA:1103,41
DA:1104,41
DA:1105,41
DA:1108,0
DA:1109,0
DA:1111,0
DA:1115,1
DA:1116,1
DA:1118,1
DA:1122,0
DA:1123,0
DA:1124,0
DA:1125,0
DA:1127,0
DA:1128,0
DA:1131,0
DA:1132,0
DA:1134,0
DA:1135,0
DA:1136,0
DA:1139,0
DA:1140,0
DA:1142,0
DA:1145,0
DA:1149,0
DA:1150,0
DA:1152,0
DA:1156,15
DA:1157,15
DA:1158,15
DA:1159,15
DA:1160,15
DA:1163,0
DA:1164,0
DA:1166,0
DA:1169,15
DA:1173,10
DA:1174,10
DA:1175,10
DA:1176,10
DA:1178,10
DA:1182,15
DA:1183,15
DA:1185,15
DA:1189,0
DA:1190,0
DA:1192,0
DA:1197,0
DA:1198,0
DA:1199,0
DA:1200,0
DA:1202,0
DA:1206,41
DA:1208,41
DA:1212,1
DA:1213,1
DA:1215,1
DA:1216,1
DA:1218,1
DA:1219,1
DA:1220,1
DA:1221,1
DA:1222,1
DA:1223,0
DA:1225,1
DA:1226,0
DA:1229,1
DA:1230,1
DA:1235,0
DA:1236,0
DA:1237,0
DA:1238,0
DA:1240,0
DA:1244,1
DA:1246,1
DA:1250,15
DA:1251,15
DA:1253,15
DA:1254,15
DA:1256,15
DA:1257,15
DA:1258,15
DA:1259,0
DA:1261,15
DA:1262,0
DA:1265,15
DA:1266,15
DA:1271,0
DA:1272,0
DA:1273,0
DA:1274,0
DA:1276,0
DA:1280,15
DA:1282,15
DA:1286,0
DA:1288,0
DA:1290,0
DA:1293,0
DA:1295,0
DA:1298,0
DA:1301,0
DA:1303,0
DA:1307,2
DA:1420,5
DA:1421,2
DA:1424,5
DA:1431,0
DA:1433,0
DA:1435,0
DA:1438,0
DA:1441,3
DA:1444,0
DA:1447,0
DA:1448,0
DA:1453,0
DA:1454,0
DA:1459,0
DA:1460,0
DA:1462,0
DA:1472,0
DA:1473,0
DA:1475,0
DA:1481,0
DA:1482,0
DA:1484,0
DA:1488,0
DA:1491,0
DA:1494,0
DA:1495,0
DA:1500,0
DA:1501,0
DA:1506,0
DA:1507,0
DA:1509,0
DA:1519,0
DA:1520,0
DA:1522,0
DA:1528,0
DA:1529,0
DA:1531,0
DA:1535,2
DA:1538,0
DA:1541,0
DA:1542,0
DA:1547,0
DA:1548,0
DA:1553,0
DA:1554,0
DA:1556,0
DA:1566,0
DA:1567,0
DA:1569,0
DA:1575,0
DA:1576,0
DA:1578,0
DA:1584,0
DA:1585,0
DA:1587,0
DA:1591,3
DA:1594,0
DA:1597,0
DA:1598,0
DA:1603,0
DA:1604,0
DA:1609,0
DA:1610,0
DA:1612,0
DA:1620,0
DA:1623,0
DA:1628,0
DA:1629,0
DA:1631,0
DA:1637,0
DA:1638,0
DA:1640,0
DA:1646,0
DA:1647,0
DA:1649,0
DA:1655,0
DA:1656,0
DA:1658,0
DA:1664,0
DA:1665,0
DA:1667,0
DA:1671,22
DA:1674,0
DA:1677,0
DA:1678,0
DA:1683,0
DA:1684,0
DA:1689,0
DA:1690,0
DA:1692,0
DA:1700,0
DA:1705,0
DA:1706,0
DA:1708,0
DA:1714,0
DA:1715,0
DA:1717,0
DA:1721,0
DA:1724,0
DA:1726,0
DA:1727,0
DA:1728,0
DA:1729,0
DA:1731,4
DA:1734,0
DA:1737,0
DA:1738,0
DA:1743,0
DA:1744,0
DA:1749,0
DA:1750,0
DA:1752,0
DA:1759,0
DA:1760,0
DA:1764,0
DA:1765,0
DA:1767,0
DA:1773,0
DA:1774,0
DA:1776,0
DA:1780,4
DA:1783,0
DA:1786,0
DA:1787,0
DA:1792,0
DA:1793,0
DA:1798,0
DA:1799,0
DA:1801,0
DA:1809,0
DA:1812,4
DA:1815,0
DA:1818,0
DA:1819,0
DA:1824,0
DA:1825,0
DA:1830,0
DA:1831,0
DA:1833,0
DA:1840,0
DA:1841,0
DA:1842,0
DA:1844,14
DA:1847,0
DA:1850,0
DA:1851,0
DA:1856,0
DA:1857,0
DA:1862,0
DA:1863,0
DA:1865,0
DA:1875,0
DA:1876,0
DA:1878,0
DA:1881,0
DA:1882,0
DA:1886,0
DA:1887,0
DA:1889,0
DA:1893,0
DA:1896,0
DA:1899,0
DA:1900,0
DA:1905,0
DA:1906,0
DA:1911,0
DA:1912,0
DA:1914,0
DA:1924,0
DA:1925,0
DA:1927,0
DA:1930,0
DA:1932,0
DA:1934,0
DA:1936,10
DA:1939,0
DA:1942,0
DA:1943,0
DA:1948,0
DA:1949,0
DA:1954,0
DA:1955,0
DA:1957,0
DA:1965,0
DA:1966,0
DA:1967,0
DA:1968,0
DA:1969,0
DA:1970,0
DA:1971,0
DA:1973,6
DA:1976,0
DA:1979,0
DA:1980,0
DA:1985,0
DA:1986,0
DA:1991,0
DA:1992,0
DA:1994,0
DA:2001,0
DA:2003,0
DA:2005,0
DA:2007,8
DA:2010,0
DA:2013,0
DA:2014,0
DA:2019,0
DA:2020,0
DA:2025,0
DA:2026,0
DA:2028,0
DA:2036,0
DA:2039,0
DA:2042,0
DA:2045,0
DA:2048,0
DA:2051,0
DA:2054,0
DA:2057,39
DA:2060,0
DA:2063,0
DA:2064,0
DA:2069,0
DA:2070,0
DA:2075,0
DA:2076,0
DA:2078,0
DA:2088,0
DA:2089,0
DA:2091,0
DA:2097,0
DA:2098,0
DA:2100,0
DA:2106,0
DA:2107,0
DA:2109,0
DA:2115,0
DA:2116,0
DA:2118,0
DA:2124,0
DA:2125,0
DA:2127,0
DA:2133,0
DA:2134,0
DA:2136,0
DA:2142,0
DA:2143,0
DA:2145,0
DA:2151,0
DA:2152,0
DA:2154,0
DA:2158,14
DA:2161,0
DA:2164,0
DA:2165,0
DA:2170,0
DA:2171,0
DA:2176,0
DA:2177,0
DA:2179,0
DA:2186,0
DA:2187,0
DA:2188,0
DA:2189,0
DA:2190,0
DA:2192,0
DA:2195,0
DA:2197,0
DA:2198,0
DA:2199,0
DA:2200,0
DA:2201,0
DA:2202,0
DA:2204,41
DA:2207,0
DA:2210,0
DA:2211,0
DA:2216,0
DA:2217,0
DA:2222,0
DA:2223,0
DA:2225,0
DA:2232,0
DA:2233,0
DA:2234,0
DA:2236,1
DA:2239,0
DA:2242,0
DA:2243,0
DA:2248,0
DA:2249,0
DA:2254,0
DA:2255,0
DA:2257,0
DA:2264,0
DA:2265,0
DA:2266,0
DA:2267,0
DA:2268,0
DA:2269,0
DA:2270,0
DA:2272,15
DA:2275,0
DA:2278,0
DA:2279,0
DA:2284,0
DA:2285,0
DA:2290,0
DA:2291,0
DA:2293,0
LF:1029
LH:455
BRDA:141,0,0,0
BRDA:152,1,0,2
BRDA:152,1,1,1
BRDA:166,2,0,0
BRDA:166,2,1,0
BRDA:208,3,0,0
BRDA:208,3,1,0
BRDA:191,4,0,0
BRDA:191,4,1,0
BRDA:212,5,0,0
BRDA:212,5,1,0
BRDA:252,6,0,0
BRDA:252,6,1,0
BRDA:307,7,0,21
BRDA:307,7,1,7
BRDA:307,7,2,14
BRDA:307,7,3,12
BRDA:283,8,0,24
BRDA:283,8,1,2
BRDA:284,9,0,2
BRDA:284,9,1,0
BRDA:311,10,0,1
BRDA:311,10,1,0
BRDA:335,11,0,4
BRDA:335,11,1,18
BRDA:352,12,0,0
BRDA:363,13,0,22
BRDA:363,13,1,0
BRDA:364,14,0,0
BRDA:364,14,1,0
BRDA:373,15,0,0
BRDA:384,16,0,0
BRDA:384,16,1,0
BRDA:393,17,0,0
BRDA:411,18,0,0
BRDA:411,18,1,0
BRDA:452,19,0,4
BRDA:452,19,1,0
BRDA:460,20,0,0
BRDA:469,21,0,0
BRDA:469,21,1,0
BRDA:469,22,0,0
BRDA:469,22,1,0
BRDA:472,23,0,0
BRDA:472,23,1,0
BRDA:496,24,0,0
BRDA:496,24,1,0
BRDA:522,25,0,4
BRDA:522,25,1,0
BRDA:522,26,0,4
BRDA:522,26,1,4
BRDA:550,27,0,0
BRDA:550,27,1,0
BRDA:575,28,0,0
BRDA:575,28,1,0
BRDA:595,29,0,4
BRDA:595,29,1,10
BRDA:595,29,2,0
BRDA:610,30,0,3
BRDA:625,31,0,0
BRDA:625,31,1,0
BRDA:665,32,0,0
BRDA:665,32,1,0
BRDA:665,32,2,0
BRDA:665,32,3,0
BRDA:671,33,0,0
BRDA:671,33,1,0
BRDA:701,34,0,1
BRDA:712,35,0,0
BRDA:712,35,1,0
BRDA:738,36,0,0
BRDA:738,36,1,6
BRDA:738,37,0,6
BRDA:738,37,1,6
BRDA:741,38,0,0
BRDA:741,38,1,6
BRDA:750,39,0,0
BRDA:761,40,0,0
BRDA:761,40,1,0
BRDA:790,41,0,0
BRDA:790,41,1,0
BRDA:808,42,0,0
BRDA:808,42,1,26
BRDA:824,43,0,0
BRDA:824,43,1,0
BRDA:824,43,2,1
BRDA:824,43,3,1
BRDA:824,43,4,1
BRDA:824,43,5,1
BRDA:824,43,6,1
BRDA:824,43,7,1
BRDA:824,43,8,1
BRDA:824,43,9,1
BRDA:824,43,10,1
BRDA:824,43,11,1
BRDA:824,43,12,4
BRDA:824,43,13,4
BRDA:824,43,14,4
BRDA:824,43,15,4
BRDA:824,43,16,24
BRDA:824,43,17,24
BRDA:824,43,18,2
BRDA:824,43,19,0
BRDA:848,44,0,11
BRDA:864,45,0,0
BRDA:881,46,0,39
BRDA:881,46,1,13
BRDA:882,47,0,13
BRDA:882,47,1,0
BRDA:883,48,0,13
BRDA:883,48,1,0
BRDA:890,49,0,6
BRDA:890,49,1,1
BRDA:890,49,2,6
BRDA:896,50,0,0
BRDA:896,50,1,6
BRDA:903,51,0,3
BRDA:919,52,0,0
BRDA:919,52,1,1
BRDA:926,53,0,0
BRDA:942,54,0,0
BRDA:942,54,1,6
BRDA:949,55,0,0
BRDA:969,56,0,0
BRDA:969,56,1,0
BRDA:1068,57,0,23
BRDA:1068,57,1,9
BRDA:994,58,0,23
BRDA:994,58,1,0
BRDA:999,59,0,0
BRDA:999,59,1,17
BRDA:999,59,2,6
BRDA:999,59,3,0
BRDA:999,59,4,0
BRDA:999,59,5,0
BRDA:1072,60,0,0
BRDA:1072,60,1,0
BRDA:1096,61,0,0
BRDA:1096,61,1,41
BRDA:1105,62,0,0
BRDA:1105,62,1,1
BRDA:1105,62,2,0
BRDA:1105,62,3,0
BRDA:1105,62,4,15
BRDA:1105,62,5,10
BRDA:1105,62,6,15
BRDA:1105,62,7,0
BRDA:1124,63,0,0
BRDA:1124,63,1,0
BRDA:1124,64,0,0
BRDA:1124,64,1,0
BRDA:1127,65,0,0
BRDA:1127,65,1,0
BRDA:1136,66,0,0
BRDA:1160,67,0,0
BRDA:1197,68,0,0
BRDA:1197,68,1,0
BRDA:1222,69,0,0
BRDA:1222,69,1,1
BRDA:1222,70,0,1
BRDA:1222,70,1,1
BRDA:1225,71,0,0
BRDA:1225,71,1,1
BRDA:1235,72,0,0
BRDA:1235,72,1,0
BRDA:1258,73,0,0
BRDA:1258,73,1,15
BRDA:1258,74,0,15
BRDA:1258,74,1,15
BRDA:1261,75,0,0
BRDA:1261,75,1,15
BRDA:1271,76,0,0
BRDA:1271,76,1,0
BRDA:1286,77,0,0
BRDA:1293,78,0,0
BRDA:1293,78,1,0
BRDA:1293,78,2,0
BRDA:1420,79,0,2
BRDA:1420,79,1,3
BRDA:1447,80,0,0
BRDA:1447,80,1,0
BRDA:1453,81,0,0
BRDA:1453,81,1,0
BRDA:1459,82,0,0
BRDA:1459,82,1,0
BRDA:1472,83,0,0
BRDA:1472,83,1,0
BRDA:1481,84,0,0
BRDA:1481,84,1,0
BRDA:1494,85,0,0
BRDA:1494,85,1,0
BRDA:1500,86,0,0
BRDA:1500,86,1,0
BRDA:1506,87,0,0
BRDA:1506,87,1,0
BRDA:1519,88,0,0
BRDA:1519,88,1,0
BRDA:1528,89,0,0
BRDA:1528,89,1,0
BRDA:1541,90,0,0
BRDA:1541,90,1,0
BRDA:1547,91,0,0
BRDA:1547,91,1,0
BRDA:1553,92,0,0
BRDA:1553,92,1,0
BRDA:1566,93,0,0
BRDA:1566,93,1,0
BRDA:1575,94,0,0
BRDA:1575,94,1,0
BRDA:1584,95,0,0
BRDA:1584,95,1,0
BRDA:1597,96,0,0
BRDA:1597,96,1,0
BRDA:1603,97,0,0
BRDA:1603,97,1,0
BRDA:1609,98,0,0
BRDA:1609,98,1,0
BRDA:1628,99,0,0
BRDA:1628,99,1,0
BRDA:1637,100,0,0
BRDA:1637,100,1,0
BRDA:1646,101,0,0
BRDA:1646,101,1,0
BRDA:1655,102,0,0
BRDA:1655,102,1,0
BRDA:1664,103,0,0
BRDA:1664,103,1,0
BRDA:1677,104,0,0
BRDA:1677,104,1,0
BRDA:1683,105,0,0
BRDA:1683,105,1,0
BRDA:1689,106,0,0
BRDA:1689,106,1,0
BRDA:1705,107,0,0
BRDA:1705,107,1,0
BRDA:1714,108,0,0
BRDA:1714,108,1,0
BRDA:1737,109,0,0
BRDA:1737,109,1,0
BRDA:1743,110,0,0
BRDA:1743,110,1,0
BRDA:1749,111,0,0
BRDA:1749,111,1,0
BRDA:1764,112,0,0
BRDA:1764,112,1,0
BRDA:1773,113,0,0
BRDA:1773,113,1,0
BRDA:1786,114,0,0
BRDA:1786,114,1,0
BRDA:1792,115,0,0
BRDA:1792,115,1,0
BRDA:1798,116,0,0
BRDA:1798,116,1,0
BRDA:1818,117,0,0
BRDA:1818,117,1,0
BRDA:1824,118,0,0
BRDA:1824,118,1,0
BRDA:1830,119,0,0
BRDA:1830,119,1,0
BRDA:1850,120,0,0
BRDA:1850,120,1,0
BRDA:1856,121,0,0
BRDA:1856,121,1,0
BRDA:1862,122,0,0
BRDA:1862,122,1,0
BRDA:1875,123,0,0
BRDA:1875,123,1,0
BRDA:1886,124,0,0
BRDA:1886,124,1,0
BRDA:1899,125,0,0
BRDA:1899,125,1,0
BRDA:1905,126,0,0
BRDA:1905,126,1,0
BRDA:1911,127,0,0
BRDA:1911,127,1,0
BRDA:1924,128,0,0
BRDA:1924,128,1,0
BRDA:1942,129,0,0
BRDA:1942,129,1,0
BRDA:1948,130,0,0
BRDA:1948,130,1,0
BRDA:1954,131,0,0
BRDA:1954,131,1,0
BRDA:1979,132,0,0
BRDA:1979,132,1,0
BRDA:1985,133,0,0
BRDA:1985,133,1,0
BRDA:1991,134,0,0
BRDA:1991,134,1,0
BRDA:2013,135,0,0
BRDA:2013,135,1,0
BRDA:2019,136,0,0
BRDA:2019,136,1,0
BRDA:2025,137,0,0
BRDA:2025,137,1,0
BRDA:2063,138,0,0
BRDA:2063,138,1,0
BRDA:2069,139,0,0
BRDA:2069,139,1,0
BRDA:2075,140,0,0
BRDA:2075,140,1,0
BRDA:2088,141,0,0
BRDA:2088,141,1,0
BRDA:2097,142,0,0
BRDA:2097,142,1,0
BRDA:2106,143,0,0
BRDA:2106,143,1,0
BRDA:2115,144,0,0
BRDA:2115,144,1,0
BRDA:2124,145,0,0
BRDA:2124,145,1,0
BRDA:2133,146,0,0
BRDA:2133,146,1,0
BRDA:2142,147,0,0
BRDA:2142,147,1,0
BRDA:2151,148,0,0
BRDA:2151,148,1,0
BRDA:2164,149,0,0
BRDA:2164,149,1,0
BRDA:2170,150,0,0
BRDA:2170,150,1,0
BRDA:2176,151,0,0
BRDA:2176,151,1,0
BRDA:2210,152,0,0
BRDA:2210,152,1,0
BRDA:2216,153,0,0
BRDA:2216,153,1,0
BRDA:2222,154,0,0
BRDA:2222,154,1,0
BRDA:2242,155,0,0
BRDA:2242,155,1,0
BRDA:2248,156,0,0
BRDA:2248,156,1,0
BRDA:2254,157,0,0
BRDA:2254,157,1,0
BRDA:2278,158,0,0
BRDA:2278,158,1,0
BRDA:2284,159,0,0
BRDA:2284,159,1,0
BRDA:2290,160,0,0
BRDA:2290,160,1,0
BRF:341
BRH:75
end_of_record
